<?xml version="1.0" encoding="UTF-8"?>
<testsuite xmlns:xsi="http://www.w3.org/2001/XMLSchema-instance" xsi:noNamespaceSchemaLocation="https://maven.apache.org/surefire/maven-surefire-plugin/xsd/surefire-test-report.xsd" version="3.0.2" name="com.qlchothuetro.testing.graybox.PropertyMapPresenterGrayBoxTest" time="0.016" tests="3" errors="0" skipped="0" failures="0">
  <properties>
[...]
</properties>
  <testcase name="shouldUseRealCoordinatesWhenValid" classname="com.qlchothuetro.testing.graybox.PropertyMapPresenterGrayBoxTest" time="0.006"/>
  <testcase name="shouldRejectInvalidRange" classname="com.qlchothuetro.testing.graybox.PropertyMapPresenterGrayBoxTest" time="0.001"/>
  <testcase name="shouldFallbackWhenCoordinatesNull" classname="com.qlchothuetro.testing.graybox.PropertyMapPresenterGrayBoxTest" time="0.003"/>
</testsuite>