{"D:\\Đồ án chuyên ngành\\QLChoThueTro\\src\\app.js": {"path":"D:\\Đồ án chuyên ngành\\QLChoThueTro\\src\\app.js","statementMap":{"0":{"start":{"line":1,"column":16},"end":{"line":1,"column":34}},"1":{"start":{"line":2,"column":13},"end":{"line":2,"column":28}},"2":{"start":{"line":3,"column":15},"end":{"line":3,"column":32}},"3":{"start":{"line":4,"column":20},"end":{"line":4,"column":42}},"4":{"start":{"line":5,"column":15},"end":{"line":5,"column":32}},"5":{"start":{"line":6,"column":21},"end":{"line":6,"column":45}},"6":{"start":{"line":7,"column":16},"end":{"line":7,"column":42}},"7":{"start":{"line":8,"column":13},"end":{"line":8,"column":28}},"8":{"start":{"line":9,"column":17},"end":{"line":9,"column":45}},"9":{"start":{"line":10,"column":21},"end":{"line":10,"column":57}},"10":{"start":{"line":12,"column":12},"end":{"line":12,"column":21}},"11":{"start":{"line":15,"column":0},"end":{"line":17,"column":4}},"12":{"start":{"line":20,"column":0},"end":{"line":23,"column":4}},"13":{"start":{"line":26,"column":0},"end":{"line":26,"column":24}},"14":{"start":{"line":27,"column":0},"end":{"line":27,"column":48}},"15":{"start":{"line":30,"column":0},"end":{"line":30,"column":24}},"16":{"start":{"line":33,"column":0},"end":{"line":42,"column":4}},"17":{"start":{"line":45,"column":0},"end":{"line":45,"column":31}},"18":{"start":{"line":46,"column":0},"end":{"line":46,"column":28}},"19":{"start":{"line":49,"column":0},"end":{"line":49,"column":23}},"20":{"start":{"line":52,"column":0},"end":{"line":54,"column":1}},"21":{"start":{"line":53,"column":2},"end":{"line":53,"column":25}},"22":{"start":{"line":57,"column":0},"end":{"line":57,"column":59}},"23":{"start":{"line":60,"column":0},"end":{"line":60,"column":68}},"24":{"start":{"line":63,"column":0},"end":{"line":63,"column":53}},"25":{"start":{"line":64,"column":0},"end":{"line":64,"column":63}},"26":{"start":{"line":65,"column":0},"end":{"line":65,"column":60}},"27":{"start":{"line":66,"column":0},"end":{"line":66,"column":58}},"28":{"start":{"line":67,"column":0},"end":{"line":67,"column":49}},"29":{"start":{"line":68,"column":0},"end":{"line":68,"column":55}},"30":{"start":{"line":69,"column":0},"end":{"line":69,"column":62}},"31":{"start":{"line":70,"column":0},"end":{"line":70,"column":67}},"32":{"start":{"line":71,"column":0},"end":{"line":71,"column":62}},"33":{"start":{"line":72,"column":0},"end":{"line":72,"column":53}},"34":{"start":{"line":73,"column":0},"end":{"line":73,"column":70}},"35":{"start":{"line":74,"column":0},"end":{"line":74,"column":65}},"36":{"start":{"line":75,"column":0},"end":{"line":75,"column":60}},"37":{"start":{"line":76,"column":0},"end":{"line":76,"column":57}},"38":{"start":{"line":79,"column":0},"end":{"line":88,"column":3}},"39":{"start":{"line":80,"column":2},"end":{"line":80,"column":63}},"40":{"start":{"line":81,"column":2},"end":{"line":81,"column":86}},"41":{"start":{"line":82,"column":2},"end":{"line":82,"column":96}},"42":{"start":{"line":84,"column":2},"end":{"line":87,"column":5}},"43":{"start":{"line":91,"column":0},"end":{"line":94,"column":3}},"44":{"start":{"line":92,"column":19},"end":{"line":92,"column":38}},"45":{"start":{"line":93,"column":2},"end":{"line":93,"column":70}},"46":{"start":{"line":97,"column":0},"end":{"line":99,"column":3}},"47":{"start":{"line":98,"column":2},"end":{"line":98,"column":60}},"48":{"start":{"line":102,"column":0},"end":{"line":104,"column":3}},"49":{"start":{"line":103,"column":2},"end":{"line":103,"column":60}},"50":{"start":{"line":107,"column":0},"end":{"line":109,"column":3}},"51":{"start":{"line":108,"column":2},"end":{"line":108,"column":62}},"52":{"start":{"line":112,"column":0},"end":{"line":114,"column":3}},"53":{"start":{"line":113,"column":2},"end":{"line":113,"column":65}},"54":{"start":{"line":117,"column":0},"end":{"line":119,"column":3}},"55":{"start":{"line":118,"column":2},"end":{"line":118,"column":70}},"56":{"start":{"line":122,"column":0},"end":{"line":124,"column":3}},"57":{"start":{"line":123,"column":2},"end":{"line":123,"column":70}},"58":{"start":{"line":127,"column":0},"end":{"line":129,"column":3}},"59":{"start":{"line":128,"column":2},"end":{"line":128,"column":68}},"60":{"start":{"line":132,"column":0},"end":{"line":134,"column":3}},"61":{"start":{"line":133,"column":2},"end":{"line":133,"column":70}},"62":{"start":{"line":137,"column":0},"end":{"line":139,"column":3}},"63":{"start":{"line":138,"column":2},"end":{"line":138,"column":65}},"64":{"start":{"line":142,"column":0},"end":{"line":144,"column":3}},"65":{"start":{"line":143,"column":2},"end":{"line":143,"column":68}},"66":{"start":{"line":147,"column":0},"end":{"line":149,"column":3}},"67":{"start":{"line":148,"column":2},"end":{"line":148,"column":62}},"68":{"start":{"line":152,"column":0},"end":{"line":154,"column":3}},"69":{"start":{"line":153,"column":2},"end":{"line":153,"column":68}},"70":{"start":{"line":157,"column":0},"end":{"line":159,"column":3}},"71":{"start":{"line":158,"column":2},"end":{"line":158,"column":71}},"72":{"start":{"line":162,"column":0},"end":{"line":164,"column":3}},"73":{"start":{"line":163,"column":2},"end":{"line":163,"column":74}},"74":{"start":{"line":167,"column":0},"end":{"line":169,"column":3}},"75":{"start":{"line":168,"column":2},"end":{"line":168,"column":68}},"76":{"start":{"line":172,"column":0},"end":{"line":174,"column":3}},"77":{"start":{"line":173,"column":2},"end":{"line":173,"column":64}},"78":{"start":{"line":177,"column":0},"end":{"line":179,"column":3}},"79":{"start":{"line":178,"column":2},"end":{"line":178,"column":63}},"80":{"start":{"line":182,"column":0},"end":{"line":184,"column":3}},"81":{"start":{"line":183,"column":2},"end":{"line":183,"column":63}},"82":{"start":{"line":187,"column":0},"end":{"line":189,"column":3}},"83":{"start":{"line":188,"column":2},"end":{"line":188,"column":72}},"84":{"start":{"line":192,"column":0},"end":{"line":194,"column":3}},"85":{"start":{"line":193,"column":2},"end":{"line":193,"column":59}},"86":{"start":{"line":197,"column":0},"end":{"line":199,"column":3}},"87":{"start":{"line":198,"column":2},"end":{"line":198,"column":58}},"88":{"start":{"line":202,"column":0},"end":{"line":204,"column":3}},"89":{"start":{"line":203,"column":2},"end":{"line":203,"column":60}},"90":{"start":{"line":207,"column":0},"end":{"line":209,"column":3}},"91":{"start":{"line":208,"column":2},"end":{"line":208,"column":60}},"92":{"start":{"line":212,"column":0},"end":{"line":214,"column":3}},"93":{"start":{"line":213,"column":2},"end":{"line":213,"column":62}},"94":{"start":{"line":217,"column":0},"end":{"line":219,"column":3}},"95":{"start":{"line":218,"column":2},"end":{"line":218,"column":67}},"96":{"start":{"line":224,"column":0},"end":{"line":226,"column":3}},"97":{"start":{"line":225,"column":2},"end":{"line":225,"column":70}},"98":{"start":{"line":228,"column":0},"end":{"line":230,"column":3}},"99":{"start":{"line":229,"column":2},"end":{"line":229,"column":66}},"100":{"start":{"line":232,"column":0},"end":{"line":234,"column":3}},"101":{"start":{"line":233,"column":2},"end":{"line":233,"column":71}},"102":{"start":{"line":236,"column":0},"end":{"line":238,"column":3}},"103":{"start":{"line":237,"column":2},"end":{"line":237,"column":69}},"104":{"start":{"line":240,"column":0},"end":{"line":242,"column":3}},"105":{"start":{"line":241,"column":2},"end":{"line":241,"column":68}},"106":{"start":{"line":244,"column":0},"end":{"line":246,"column":3}},"107":{"start":{"line":245,"column":2},"end":{"line":245,"column":68}},"108":{"start":{"line":248,"column":0},"end":{"line":250,"column":3}},"109":{"start":{"line":249,"column":2},"end":{"line":249,"column":69}},"110":{"start":{"line":252,"column":0},"end":{"line":254,"column":3}},"111":{"start":{"line":253,"column":2},"end":{"line":253,"column":70}},"112":{"start":{"line":257,"column":0},"end":{"line":259,"column":3}},"113":{"start":{"line":258,"column":2},"end":{"line":258,"column":24}},"114":{"start":{"line":262,"column":0},"end":{"line":271,"column":3}},"115":{"start":{"line":264,"column":2},"end":{"line":266,"column":3}},"116":{"start":{"line":265,"column":4},"end":{"line":265,"column":33}},"117":{"start":{"line":268,"column":16},"end":{"line":268,"column":49}},"118":{"start":{"line":269,"column":2},"end":{"line":269,"column":21}},"119":{"start":{"line":270,"column":2},"end":{"line":270,"column":14}},"120":{"start":{"line":274,"column":0},"end":{"line":274,"column":22}},"121":{"start":{"line":276,"column":0},"end":{"line":276,"column":21}}},"fnMap":{"0":{"name":"(anonymous_0)","decl":{"start":{"line":79,"column":23},"end":{"line":79,"column":24}},"loc":{"start":{"line":79,"column":37},"end":{"line":88,"column":1}},"line":79},"1":{"name":"(anonymous_1)","decl":{"start":{"line":91,"column":31},"end":{"line":91,"column":32}},"loc":{"start":{"line":91,"column":45},"end":{"line":94,"column":1}},"line":91},"2":{"name":"(anonymous_2)","decl":{"start":{"line":97,"column":13},"end":{"line":97,"column":14}},"loc":{"start":{"line":97,"column":27},"end":{"line":99,"column":1}},"line":97},"3":{"name":"(anonymous_3)","decl":{"start":{"line":102,"column":18},"end":{"line":102,"column":19}},"loc":{"start":{"line":102,"column":32},"end":{"line":104,"column":1}},"line":102},"4":{"name":"(anonymous_4)","decl":{"start":{"line":107,"column":20},"end":{"line":107,"column":21}},"loc":{"start":{"line":107,"column":34},"end":{"line":109,"column":1}},"line":107},"5":{"name":"(anonymous_5)","decl":{"start":{"line":112,"column":23},"end":{"line":112,"column":24}},"loc":{"start":{"line":112,"column":37},"end":{"line":114,"column":1}},"line":112},"6":{"name":"(anonymous_6)","decl":{"start":{"line":117,"column":27},"end":{"line":117,"column":28}},"loc":{"start":{"line":117,"column":41},"end":{"line":119,"column":1}},"line":117},"7":{"name":"(anonymous_7)","decl":{"start":{"line":122,"column":28},"end":{"line":122,"column":29}},"loc":{"start":{"line":122,"column":42},"end":{"line":124,"column":1}},"line":122},"8":{"name":"(anonymous_8)","decl":{"start":{"line":127,"column":30},"end":{"line":127,"column":31}},"loc":{"start":{"line":127,"column":44},"end":{"line":129,"column":1}},"line":127},"9":{"name":"(anonymous_9)","decl":{"start":{"line":132,"column":25},"end":{"line":132,"column":26}},"loc":{"start":{"line":132,"column":39},"end":{"line":134,"column":1}},"line":132},"10":{"name":"(anonymous_10)","decl":{"start":{"line":137,"column":23},"end":{"line":137,"column":24}},"loc":{"start":{"line":137,"column":37},"end":{"line":139,"column":1}},"line":137},"11":{"name":"(anonymous_11)","decl":{"start":{"line":142,"column":26},"end":{"line":142,"column":27}},"loc":{"start":{"line":142,"column":40},"end":{"line":144,"column":1}},"line":142},"12":{"name":"(anonymous_12)","decl":{"start":{"line":147,"column":20},"end":{"line":147,"column":21}},"loc":{"start":{"line":147,"column":34},"end":{"line":149,"column":1}},"line":147},"13":{"name":"(anonymous_13)","decl":{"start":{"line":152,"column":26},"end":{"line":152,"column":27}},"loc":{"start":{"line":152,"column":40},"end":{"line":154,"column":1}},"line":152},"14":{"name":"(anonymous_14)","decl":{"start":{"line":157,"column":29},"end":{"line":157,"column":30}},"loc":{"start":{"line":157,"column":43},"end":{"line":159,"column":1}},"line":157},"15":{"name":"(anonymous_15)","decl":{"start":{"line":162,"column":32},"end":{"line":162,"column":33}},"loc":{"start":{"line":162,"column":46},"end":{"line":164,"column":1}},"line":162},"16":{"name":"(anonymous_16)","decl":{"start":{"line":167,"column":26},"end":{"line":167,"column":27}},"loc":{"start":{"line":167,"column":40},"end":{"line":169,"column":1}},"line":167},"17":{"name":"(anonymous_17)","decl":{"start":{"line":172,"column":22},"end":{"line":172,"column":23}},"loc":{"start":{"line":172,"column":36},"end":{"line":174,"column":1}},"line":172},"18":{"name":"(anonymous_18)","decl":{"start":{"line":177,"column":21},"end":{"line":177,"column":22}},"loc":{"start":{"line":177,"column":35},"end":{"line":179,"column":1}},"line":177},"19":{"name":"(anonymous_19)","decl":{"start":{"line":182,"column":21},"end":{"line":182,"column":22}},"loc":{"start":{"line":182,"column":35},"end":{"line":184,"column":1}},"line":182},"20":{"name":"(anonymous_20)","decl":{"start":{"line":187,"column":30},"end":{"line":187,"column":31}},"loc":{"start":{"line":187,"column":44},"end":{"line":189,"column":1}},"line":187},"21":{"name":"(anonymous_21)","decl":{"start":{"line":192,"column":17},"end":{"line":192,"column":18}},"loc":{"start":{"line":192,"column":31},"end":{"line":194,"column":1}},"line":192},"22":{"name":"(anonymous_22)","decl":{"start":{"line":197,"column":16},"end":{"line":197,"column":17}},"loc":{"start":{"line":197,"column":30},"end":{"line":199,"column":1}},"line":197},"23":{"name":"(anonymous_23)","decl":{"start":{"line":202,"column":18},"end":{"line":202,"column":19}},"loc":{"start":{"line":202,"column":32},"end":{"line":204,"column":1}},"line":202},"24":{"name":"(anonymous_24)","decl":{"start":{"line":207,"column":18},"end":{"line":207,"column":19}},"loc":{"start":{"line":207,"column":32},"end":{"line":209,"column":1}},"line":207},"25":{"name":"(anonymous_25)","decl":{"start":{"line":212,"column":20},"end":{"line":212,"column":21}},"loc":{"start":{"line":212,"column":34},"end":{"line":214,"column":1}},"line":212},"26":{"name":"(anonymous_26)","decl":{"start":{"line":217,"column":25},"end":{"line":217,"column":26}},"loc":{"start":{"line":217,"column":39},"end":{"line":219,"column":1}},"line":217},"27":{"name":"(anonymous_27)","decl":{"start":{"line":224,"column":28},"end":{"line":224,"column":29}},"loc":{"start":{"line":224,"column":42},"end":{"line":226,"column":1}},"line":224},"28":{"name":"(anonymous_28)","decl":{"start":{"line":228,"column":24},"end":{"line":228,"column":25}},"loc":{"start":{"line":228,"column":38},"end":{"line":230,"column":1}},"line":228},"29":{"name":"(anonymous_29)","decl":{"start":{"line":232,"column":29},"end":{"line":232,"column":30}},"loc":{"start":{"line":232,"column":43},"end":{"line":234,"column":1}},"line":232},"30":{"name":"(anonymous_30)","decl":{"start":{"line":236,"column":27},"end":{"line":236,"column":28}},"loc":{"start":{"line":236,"column":41},"end":{"line":238,"column":1}},"line":236},"31":{"name":"(anonymous_31)","decl":{"start":{"line":240,"column":26},"end":{"line":240,"column":27}},"loc":{"start":{"line":240,"column":40},"end":{"line":242,"column":1}},"line":240},"32":{"name":"(anonymous_32)","decl":{"start":{"line":244,"column":26},"end":{"line":244,"column":27}},"loc":{"start":{"line":244,"column":40},"end":{"line":246,"column":1}},"line":244},"33":{"name":"(anonymous_33)","decl":{"start":{"line":248,"column":27},"end":{"line":248,"column":28}},"loc":{"start":{"line":248,"column":41},"end":{"line":250,"column":1}},"line":248},"34":{"name":"(anonymous_34)","decl":{"start":{"line":252,"column":27},"end":{"line":252,"column":28}},"loc":{"start":{"line":252,"column":41},"end":{"line":254,"column":1}},"line":252},"35":{"name":"(anonymous_35)","decl":{"start":{"line":257,"column":61},"end":{"line":257,"column":62}},"loc":{"start":{"line":257,"column":75},"end":{"line":259,"column":1}},"line":257},"36":{"name":"(anonymous_36)","decl":{"start":{"line":262,"column":8},"end":{"line":262,"column":9}},"loc":{"start":{"line":262,"column":28},"end":{"line":271,"column":1}},"line":262}},"branchMap":{"0":{"loc":{"start":{"line":21,"column":10},"end":{"line":21,"column":59}},"type":"binary-expr","locations":[{"start":{"line":21,"column":10},"end":{"line":21,"column":32}},{"start":{"line":21,"column":36},"end":{"line":21,"column":59}}],"line":21},"1":{"loc":{"start":{"line":34,"column":10},"end":{"line":34,"column":61}},"type":"binary-expr","locations":[{"start":{"line":34,"column":10},"end":{"line":34,"column":36}},{"start":{"line":34,"column":40},"end":{"line":34,"column":61}}],"line":34},"2":{"loc":{"start":{"line":52,"column":0},"end":{"line":54,"column":1}},"type":"if","locations":[{"start":{"line":52,"column":0},"end":{"line":54,"column":1}},{"start":{},"end":{}}],"line":52},"3":{"loc":{"start":{"line":81,"column":32},"end":{"line":81,"column":84}},"type":"cond-expr","locations":[{"start":{"line":81,"column":60},"end":{"line":81,"column":70}},{"start":{"line":81,"column":73},"end":{"line":81,"column":84}}],"line":81},"4":{"loc":{"start":{"line":82,"column":37},"end":{"line":82,"column":94}},"type":"cond-expr","locations":[{"start":{"line":82,"column":70},"end":{"line":82,"column":80}},{"start":{"line":82,"column":83},"end":{"line":82,"column":94}}],"line":82},"5":{"loc":{"start":{"line":264,"column":2},"end":{"line":266,"column":3}},"type":"if","locations":[{"start":{"line":264,"column":2},"end":{"line":266,"column":3}},{"start":{},"end":{}}],"line":264}},"s":{"0":0,"1":0,"2":0,"3":0,"4":0,"5":0,"6":0,"7":0,"8":0,"9":0,"10":0,"11":0,"12":0,"13":0,"14":0,"15":0,"16":0,"17":0,"18":0,"19":0,"20":0,"21":0,"22":0,"23":0,"24":0,"25":0,"26":0,"27":0,"28":0,"29":0,"30":0,"31":0,"32":0,"33":0,"34":0,"35":0,"36":0,"37":0,"38":0,"39":0,"40":0,"41":0,"42":0,"43":0,"44":0,"45":0,"46":0,"47":0,"48":0,"49":0,"50":0,"51":0,"52":0,"53":0,"54":0,"55":0,"56":0,"57":0,"58":0,"59":0,"60":0,"61":0,"62":0,"63":0,"64":0,"65":0,"66":0,"67":0,"68":0,"69":0,"70":0,"71":0,"72":0,"73":0,"74":0,"75":0,"76":0,"77":0,"78":0,"79":0,"80":0,"81":0,"82":0,"83":0,"84":0,"85":0,"86":0,"87":0,"88":0,"89":0,"90":0,"91":0,"92":0,"93":0,"94":0,"95":0,"96":0,"97":0,"98":0,"99":0,"100":0,"101":0,"102":0,"103":0,"104":0,"105":0,"106":0,"107":0,"108":0,"109":0,"110":0,"111":0,"112":0,"113":0,"114":0,"115":0,"116":0,"117":0,"118":0,"119":0,"120":0,"121":0},"f":{"0":0,"1":0,"2":0,"3":0,"4":0,"5":0,"6":0,"7":0,"8":0,"9":0,"10":0,"11":0,"12":0,"13":0,"14":0,"15":0,"16":0,"17":0,"18":0,"19":0,"20":0,"21":0,"22":0,"23":0,"24":0,"25":0,"26":0,"27":0,"28":0,"29":0,"30":0,"31":0,"32":0,"33":0,"34":0,"35":0,"36":0},"b":{"0":[0,0],"1":[0,0],"2":[0,0],"3":[0,0],"4":[0,0],"5":[0,0]}}
,"D:\\Đồ án chuyên ngành\\QLChoThueTro\\src\\config\\cloudinary.js": {"path":"D:\\Đồ án chuyên ngành\\QLChoThueTro\\src\\config\\cloudinary.js","statementMap":{"0":{"start":{"line":8,"column":19},"end":{"line":8,"column":43}},"1":{"start":{"line":11,"column":0},"end":{"line":16,"column":3}},"2":{"start":{"line":24,"column":27},"end":{"line":49,"column":1}},"3":{"start":{"line":25,"column":2},"end":{"line":48,"column":3}},"4":{"start":{"line":26,"column":19},"end":{"line":34,"column":6}},"5":{"start":{"line":36,"column":4},"end":{"line":36,"column":66}},"6":{"start":{"line":38,"column":4},"end":{"line":44,"column":6}},"7":{"start":{"line":46,"column":4},"end":{"line":46,"column":55}},"8":{"start":{"line":47,"column":4},"end":{"line":47,"column":52}},"9":{"start":{"line":56,"column":29},"end":{"line":65,"column":1}},"10":{"start":{"line":57,"column":2},"end":{"line":64,"column":3}},"11":{"start":{"line":58,"column":19},"end":{"line":58,"column":62}},"12":{"start":{"line":59,"column":4},"end":{"line":59,"column":68}},"13":{"start":{"line":60,"column":4},"end":{"line":60,"column":18}},"14":{"start":{"line":62,"column":4},"end":{"line":62,"column":55}},"15":{"start":{"line":63,"column":4},"end":{"line":63,"column":50}},"16":{"start":{"line":73,"column":35},"end":{"line":91,"column":1}},"17":{"start":{"line":74,"column":2},"end":{"line":90,"column":3}},"18":{"start":{"line":75,"column":27},"end":{"line":75,"column":83}},"19":{"start":{"line":75,"column":45},"end":{"line":75,"column":82}},"20":{"start":{"line":76,"column":20},"end":{"line":76,"column":53}},"21":{"start":{"line":79,"column":15},"end":{"line":79,"column":28}},"22":{"start":{"line":80,"column":4},"end":{"line":84,"column":7}},"23":{"start":{"line":81,"column":6},"end":{"line":83,"column":9}},"24":{"start":{"line":82,"column":8},"end":{"line":82,"column":59}},"25":{"start":{"line":82,"column":17},"end":{"line":82,"column":59}},"26":{"start":{"line":86,"column":4},"end":{"line":86,"column":19}},"27":{"start":{"line":88,"column":4},"end":{"line":88,"column":53}},"28":{"start":{"line":89,"column":4},"end":{"line":89,"column":16}},"29":{"start":{"line":93,"column":0},"end":{"line":98,"column":2}}},"fnMap":{"0":{"name":"(anonymous_0)","decl":{"start":{"line":24,"column":27},"end":{"line":24,"column":28}},"loc":{"start":{"line":24,"column":70},"end":{"line":49,"column":1}},"line":24},"1":{"name":"(anonymous_1)","decl":{"start":{"line":56,"column":29},"end":{"line":56,"column":30}},"loc":{"start":{"line":56,"column":49},"end":{"line":65,"column":1}},"line":56},"2":{"name":"(anonymous_2)","decl":{"start":{"line":73,"column":35},"end":{"line":73,"column":36}},"loc":{"start":{"line":73,"column":75},"end":{"line":91,"column":1}},"line":73},"3":{"name":"(anonymous_3)","decl":{"start":{"line":75,"column":37},"end":{"line":75,"column":38}},"loc":{"start":{"line":75,"column":45},"end":{"line":75,"column":82}},"line":75},"4":{"name":"(anonymous_4)","decl":{"start":{"line":80,"column":18},"end":{"line":80,"column":19}},"loc":{"start":{"line":80,"column":26},"end":{"line":84,"column":5}},"line":80},"5":{"name":"(anonymous_5)","decl":{"start":{"line":81,"column":27},"end":{"line":81,"column":28}},"loc":{"start":{"line":81,"column":36},"end":{"line":83,"column":7}},"line":81}},"branchMap":{"0":{"loc":{"start":{"line":24,"column":44},"end":{"line":24,"column":65}},"type":"default-arg","locations":[{"start":{"line":24,"column":53},"end":{"line":24,"column":65}}],"line":24},"1":{"loc":{"start":{"line":73,"column":49},"end":{"line":73,"column":70}},"type":"default-arg","locations":[{"start":{"line":73,"column":58},"end":{"line":73,"column":70}}],"line":73},"2":{"loc":{"start":{"line":82,"column":8},"end":{"line":82,"column":59}},"type":"if","locations":[{"start":{"line":82,"column":8},"end":{"line":82,"column":59}},{"start":{},"end":{}}],"line":82}},"s":{"0":2,"1":2,"2":2,"3":0,"4":0,"5":0,"6":0,"7":0,"8":0,"9":2,"10":0,"11":0,"12":0,"13":0,"14":0,"15":0,"16":2,"17":0,"18":0,"19":0,"20":0,"21":0,"22":0,"23":0,"24":0,"25":0,"26":0,"27":0,"28":0,"29":2},"f":{"0":0,"1":0,"2":0,"3":0,"4":0,"5":0},"b":{"0":[0],"1":[0],"2":[0,0]},"_coverageSchema":"1a1c01bbd47fc00a2c39e90264f33305004495a9","hash":"b4b88eb1d16c2505133d1a776dba984e4dd37881"}
,"D:\\Đồ án chuyên ngành\\QLChoThueTro\\src\\config\\colors.js": {"path":"D:\\Đồ án chuyên ngành\\QLChoThueTro\\src\\config\\colors.js","statementMap":{"0":{"start":{"line":1,"column":0},"end":{"line":29,"column":2}}},"fnMap":{},"branchMap":{},"s":{"0":0},"f":{},"b":{}}
,"D:\\Đồ án chuyên ngành\\QLChoThueTro\\src\\config\\database.js": {"path":"D:\\Đồ án chuyên ngành\\QLChoThueTro\\src\\config\\database.js","statementMap":{"0":{"start":{"line":8,"column":17},"end":{"line":8,"column":36}},"1":{"start":{"line":9,"column":15},"end":{"line":9,"column":34}},"2":{"start":{"line":14,"column":18},"end":{"line":28,"column":1}},"3":{"start":{"line":15,"column":2},"end":{"line":27,"column":3}},"4":{"start":{"line":16,"column":17},"end":{"line":20,"column":6}},"5":{"start":{"line":22,"column":4},"end":{"line":22,"column":93}},"6":{"start":{"line":23,"column":4},"end":{"line":23,"column":85}},"7":{"start":{"line":25,"column":4},"end":{"line":25,"column":97}},"8":{"start":{"line":26,"column":4},"end":{"line":26,"column":20}},"9":{"start":{"line":31,"column":0},"end":{"line":33,"column":3}},"10":{"start":{"line":32,"column":2},"end":{"line":32,"column":71}},"11":{"start":{"line":35,"column":0},"end":{"line":37,"column":3}},"12":{"start":{"line":36,"column":2},"end":{"line":36,"column":79}},"13":{"start":{"line":39,"column":0},"end":{"line":39,"column":41}}},"fnMap":{"0":{"name":"(anonymous_0)","decl":{"start":{"line":14,"column":18},"end":{"line":14,"column":19}},"loc":{"start":{"line":14,"column":30},"end":{"line":28,"column":1}},"line":14},"1":{"name":"(anonymous_1)","decl":{"start":{"line":31,"column":39},"end":{"line":31,"column":40}},"loc":{"start":{"line":31,"column":45},"end":{"line":33,"column":1}},"line":31},"2":{"name":"(anonymous_2)","decl":{"start":{"line":35,"column":32},"end":{"line":35,"column":33}},"loc":{"start":{"line":35,"column":41},"end":{"line":37,"column":1}},"line":35}},"branchMap":{},"s":{"0":0,"1":0,"2":0,"3":0,"4":0,"5":0,"6":0,"7":0,"8":0,"9":0,"10":0,"11":0,"12":0,"13":0},"f":{"0":0,"1":0,"2":0},"b":{}}
,"D:\\Đồ án chuyên ngành\\QLChoThueTro\\src\\config\\passport.js": {"path":"D:\\Đồ án chuyên ngành\\QLChoThueTro\\src\\config\\passport.js","statementMap":{"0":{"start":{"line":1,"column":17},"end":{"line":1,"column":36}},"1":{"start":{"line":2,"column":23},"end":{"line":2,"column":66}},"2":{"start":{"line":3,"column":17},"end":{"line":3,"column":37}},"3":{"start":{"line":6,"column":0},"end":{"line":8,"column":3}},"4":{"start":{"line":7,"column":2},"end":{"line":7,"column":23}},"5":{"start":{"line":10,"column":0},"end":{"line":17,"column":3}},"6":{"start":{"line":11,"column":2},"end":{"line":16,"column":3}},"7":{"start":{"line":12,"column":17},"end":{"line":12,"column":40}},"8":{"start":{"line":13,"column":4},"end":{"line":13,"column":21}},"9":{"start":{"line":15,"column":4},"end":{"line":15,"column":22}},"10":{"start":{"line":20,"column":0},"end":{"line":61,"column":2}},"11":{"start":{"line":28,"column":6},"end":{"line":58,"column":7}},"12":{"start":{"line":30,"column":19},"end":{"line":32,"column":10}},"13":{"start":{"line":34,"column":8},"end":{"line":52,"column":9}},"14":{"start":{"line":36,"column":10},"end":{"line":36,"column":42}},"15":{"start":{"line":37,"column":10},"end":{"line":37,"column":49}},"16":{"start":{"line":38,"column":10},"end":{"line":38,"column":36}},"17":{"start":{"line":39,"column":10},"end":{"line":39,"column":37}},"18":{"start":{"line":40,"column":10},"end":{"line":40,"column":28}},"19":{"start":{"line":43,"column":10},"end":{"line":51,"column":13}},"20":{"start":{"line":54,"column":8},"end":{"line":54,"column":32}},"21":{"start":{"line":56,"column":8},"end":{"line":56,"column":52}},"22":{"start":{"line":57,"column":8},"end":{"line":57,"column":33}},"23":{"start":{"line":63,"column":0},"end":{"line":63,"column":26}}},"fnMap":{"0":{"name":"(anonymous_0)","decl":{"start":{"line":6,"column":23},"end":{"line":6,"column":24}},"loc":{"start":{"line":6,"column":39},"end":{"line":8,"column":1}},"line":6},"1":{"name":"(anonymous_1)","decl":{"start":{"line":10,"column":25},"end":{"line":10,"column":26}},"loc":{"start":{"line":10,"column":45},"end":{"line":17,"column":1}},"line":10},"2":{"name":"(anonymous_2)","decl":{"start":{"line":27,"column":4},"end":{"line":27,"column":5}},"loc":{"start":{"line":27,"column":56},"end":{"line":59,"column":5}},"line":27}},"branchMap":{"0":{"loc":{"start":{"line":25,"column":19},"end":{"line":25,"column":81}},"type":"binary-expr","locations":[{"start":{"line":25,"column":19},"end":{"line":25,"column":50}},{"start":{"line":25,"column":54},"end":{"line":25,"column":81}}],"line":25},"1":{"loc":{"start":{"line":34,"column":8},"end":{"line":52,"column":9}},"type":"if","locations":[{"start":{"line":34,"column":8},"end":{"line":52,"column":9}},{"start":{"line":41,"column":15},"end":{"line":52,"column":9}}],"line":34}},"s":{"0":0,"1":0,"2":0,"3":0,"4":0,"5":0,"6":0,"7":0,"8":0,"9":0,"10":0,"11":0,"12":0,"13":0,"14":0,"15":0,"16":0,"17":0,"18":0,"19":0,"20":0,"21":0,"22":0,"23":0},"f":{"0":0,"1":0,"2":0},"b":{"0":[0,0],"1":[0,0]}}
,"D:\\Đồ án chuyên ngành\\QLChoThueTro\\src\\controllers\\adminController.js": {"path":"D:\\Đồ án chuyên ngành\\QLChoThueTro\\src\\controllers\\adminController.js","statementMap":{"0":{"start":{"line":8,"column":13},"end":{"line":8,"column":38}},"1":{"start":{"line":9,"column":17},"end":{"line":9,"column":46}},"2":{"start":{"line":10,"column":16},"end":{"line":10,"column":44}},"3":{"start":{"line":11,"column":15},"end":{"line":11,"column":42}},"4":{"start":{"line":12,"column":21},"end":{"line":12,"column":54}},"5":{"start":{"line":13,"column":16},"end":{"line":13,"column":44}},"6":{"start":{"line":20,"column":0},"end":{"line":105,"column":2}},"7":{"start":{"line":21,"column":2},"end":{"line":104,"column":3}},"8":{"start":{"line":23,"column":23},"end":{"line":23,"column":50}},"9":{"start":{"line":26,"column":28},"end":{"line":26,"column":59}},"10":{"start":{"line":29,"column":26},"end":{"line":29,"column":56}},"11":{"start":{"line":32,"column":24},"end":{"line":42,"column":6}},"12":{"start":{"line":44,"column":25},"end":{"line":44,"column":81}},"13":{"start":{"line":47,"column":16},"end":{"line":47,"column":26}},"14":{"start":{"line":48,"column":22},"end":{"line":48,"column":72}},"15":{"start":{"line":49,"column":22},"end":{"line":49,"column":68}},"16":{"start":{"line":51,"column":27},"end":{"line":53,"column":6}},"17":{"start":{"line":54,"column":27},"end":{"line":56,"column":6}},"18":{"start":{"line":57,"column":23},"end":{"line":59,"column":9}},"19":{"start":{"line":61,"column":32},"end":{"line":63,"column":6}},"20":{"start":{"line":64,"column":32},"end":{"line":66,"column":6}},"21":{"start":{"line":67,"column":27},"end":{"line":69,"column":9}},"22":{"start":{"line":71,"column":30},"end":{"line":73,"column":6}},"23":{"start":{"line":74,"column":30},"end":{"line":76,"column":6}},"24":{"start":{"line":77,"column":26},"end":{"line":79,"column":9}},"25":{"start":{"line":81,"column":4},"end":{"line":101,"column":7}},"26":{"start":{"line":103,"column":4},"end":{"line":103,"column":16}},"27":{"start":{"line":112,"column":0},"end":{"line":127,"column":2}},"28":{"start":{"line":113,"column":2},"end":{"line":126,"column":3}},"29":{"start":{"line":114,"column":23},"end":{"line":118,"column":52}},"30":{"start":{"line":120,"column":4},"end":{"line":123,"column":7}},"31":{"start":{"line":125,"column":4},"end":{"line":125,"column":16}},"32":{"start":{"line":134,"column":0},"end":{"line":148,"column":2}},"33":{"start":{"line":135,"column":2},"end":{"line":147,"column":3}},"34":{"start":{"line":136,"column":18},"end":{"line":139,"column":49}},"35":{"start":{"line":141,"column":4},"end":{"line":144,"column":7}},"36":{"start":{"line":146,"column":4},"end":{"line":146,"column":16}},"37":{"start":{"line":155,"column":0},"end":{"line":221,"column":2}},"38":{"start":{"line":156,"column":2},"end":{"line":220,"column":3}},"39":{"start":{"line":158,"column":24},"end":{"line":161,"column":31}},"40":{"start":{"line":163,"column":29},"end":{"line":167,"column":41}},"41":{"start":{"line":169,"column":27},"end":{"line":173,"column":33}},"42":{"start":{"line":176,"column":23},"end":{"line":176,"column":25}},"43":{"start":{"line":178,"column":4},"end":{"line":187,"column":7}},"44":{"start":{"line":179,"column":6},"end":{"line":186,"column":9}},"45":{"start":{"line":189,"column":4},"end":{"line":198,"column":7}},"46":{"start":{"line":190,"column":6},"end":{"line":197,"column":9}},"47":{"start":{"line":200,"column":4},"end":{"line":209,"column":7}},"48":{"start":{"line":201,"column":6},"end":{"line":208,"column":9}},"49":{"start":{"line":212,"column":4},"end":{"line":212,"column":67}},"50":{"start":{"line":212,"column":30},"end":{"line":212,"column":65}},"51":{"start":{"line":214,"column":4},"end":{"line":217,"column":7}},"52":{"start":{"line":219,"column":4},"end":{"line":219,"column":16}},"53":{"start":{"line":228,"column":0},"end":{"line":242,"column":2}},"54":{"start":{"line":229,"column":2},"end":{"line":241,"column":3}},"55":{"start":{"line":230,"column":18},"end":{"line":232,"column":26}},"56":{"start":{"line":234,"column":4},"end":{"line":238,"column":7}},"57":{"start":{"line":240,"column":4},"end":{"line":240,"column":16}},"58":{"start":{"line":249,"column":0},"end":{"line":263,"column":2}},"59":{"start":{"line":250,"column":2},"end":{"line":262,"column":3}},"60":{"start":{"line":251,"column":23},"end":{"line":253,"column":41}},"61":{"start":{"line":255,"column":4},"end":{"line":259,"column":7}},"62":{"start":{"line":261,"column":4},"end":{"line":261,"column":16}},"63":{"start":{"line":270,"column":0},"end":{"line":323,"column":2}},"64":{"start":{"line":271,"column":2},"end":{"line":322,"column":3}},"65":{"start":{"line":272,"column":4},"end":{"line":272,"column":57}},"66":{"start":{"line":273,"column":4},"end":{"line":273,"column":42}},"67":{"start":{"line":275,"column":21},"end":{"line":284,"column":40}},"68":{"start":{"line":286,"column":4},"end":{"line":291,"column":5}},"69":{"start":{"line":287,"column":6},"end":{"line":290,"column":9}},"70":{"start":{"line":293,"column":4},"end":{"line":293,"column":54}},"71":{"start":{"line":294,"column":4},"end":{"line":294,"column":49}},"72":{"start":{"line":295,"column":4},"end":{"line":295,"column":66}},"73":{"start":{"line":298,"column":4},"end":{"line":312,"column":5}},"74":{"start":{"line":299,"column":6},"end":{"line":311,"column":7}},"75":{"start":{"line":300,"column":8},"end":{"line":307,"column":11}},"76":{"start":{"line":308,"column":8},"end":{"line":308,"column":86}},"77":{"start":{"line":310,"column":8},"end":{"line":310,"column":77}},"78":{"start":{"line":314,"column":4},"end":{"line":318,"column":7}},"79":{"start":{"line":320,"column":4},"end":{"line":320,"column":56}},"80":{"start":{"line":321,"column":4},"end":{"line":321,"column":16}},"81":{"start":{"line":330,"column":0},"end":{"line":383,"column":2}},"82":{"start":{"line":331,"column":2},"end":{"line":382,"column":3}},"83":{"start":{"line":332,"column":4},"end":{"line":332,"column":57}},"84":{"start":{"line":333,"column":4},"end":{"line":333,"column":42}},"85":{"start":{"line":335,"column":23},"end":{"line":335,"column":31}},"86":{"start":{"line":337,"column":21},"end":{"line":345,"column":40}},"87":{"start":{"line":347,"column":4},"end":{"line":352,"column":5}},"88":{"start":{"line":348,"column":6},"end":{"line":351,"column":9}},"89":{"start":{"line":354,"column":4},"end":{"line":354,"column":54}},"90":{"start":{"line":357,"column":4},"end":{"line":372,"column":5}},"91":{"start":{"line":358,"column":6},"end":{"line":371,"column":7}},"92":{"start":{"line":359,"column":29},"end":{"line":359,"column":83}},"93":{"start":{"line":360,"column":8},"end":{"line":367,"column":11}},"94":{"start":{"line":368,"column":8},"end":{"line":368,"column":87}},"95":{"start":{"line":370,"column":8},"end":{"line":370,"column":78}},"96":{"start":{"line":374,"column":4},"end":{"line":378,"column":7}},"97":{"start":{"line":380,"column":4},"end":{"line":380,"column":56}},"98":{"start":{"line":381,"column":4},"end":{"line":381,"column":16}},"99":{"start":{"line":390,"column":0},"end":{"line":414,"column":2}},"100":{"start":{"line":391,"column":2},"end":{"line":413,"column":3}},"101":{"start":{"line":392,"column":4},"end":{"line":392,"column":56}},"102":{"start":{"line":394,"column":21},"end":{"line":394,"column":68}},"103":{"start":{"line":396,"column":4},"end":{"line":401,"column":5}},"104":{"start":{"line":397,"column":6},"end":{"line":400,"column":9}},"105":{"start":{"line":403,"column":4},"end":{"line":403,"column":53}},"106":{"start":{"line":405,"column":4},"end":{"line":409,"column":7}},"107":{"start":{"line":411,"column":4},"end":{"line":411,"column":55}},"108":{"start":{"line":412,"column":4},"end":{"line":412,"column":16}},"109":{"start":{"line":426,"column":0},"end":{"line":455,"column":2}},"110":{"start":{"line":427,"column":2},"end":{"line":454,"column":3}},"111":{"start":{"line":428,"column":29},"end":{"line":428,"column":37}},"112":{"start":{"line":431,"column":23},"end":{"line":431,"column":25}},"113":{"start":{"line":432,"column":4},"end":{"line":432,"column":37}},"114":{"start":{"line":432,"column":14},"end":{"line":432,"column":37}},"115":{"start":{"line":433,"column":4},"end":{"line":433,"column":57}},"116":{"start":{"line":433,"column":30},"end":{"line":433,"column":57}},"117":{"start":{"line":435,"column":17},"end":{"line":439,"column":25}},"118":{"start":{"line":441,"column":4},"end":{"line":446,"column":5}},"119":{"start":{"line":442,"column":6},"end":{"line":445,"column":9}},"120":{"start":{"line":448,"column":4},"end":{"line":451,"column":7}},"121":{"start":{"line":453,"column":4},"end":{"line":453,"column":16}},"122":{"start":{"line":462,"column":0},"end":{"line":480,"column":2}},"123":{"start":{"line":463,"column":2},"end":{"line":479,"column":3}},"124":{"start":{"line":464,"column":17},"end":{"line":464,"column":60}},"125":{"start":{"line":466,"column":4},"end":{"line":471,"column":5}},"126":{"start":{"line":467,"column":6},"end":{"line":470,"column":9}},"127":{"start":{"line":473,"column":4},"end":{"line":476,"column":7}},"128":{"start":{"line":478,"column":4},"end":{"line":478,"column":16}},"129":{"start":{"line":487,"column":0},"end":{"line":568,"column":2}},"130":{"start":{"line":488,"column":2},"end":{"line":567,"column":3}},"131":{"start":{"line":489,"column":26},"end":{"line":489,"column":28}},"132":{"start":{"line":492,"column":30},"end":{"line":496,"column":41}},"133":{"start":{"line":498,"column":4},"end":{"line":509,"column":7}},"134":{"start":{"line":499,"column":6},"end":{"line":508,"column":9}},"135":{"start":{"line":512,"column":27},"end":{"line":517,"column":42}},"136":{"start":{"line":519,"column":4},"end":{"line":530,"column":7}},"137":{"start":{"line":520,"column":6},"end":{"line":529,"column":9}},"138":{"start":{"line":533,"column":26},"end":{"line":538,"column":47}},"139":{"start":{"line":540,"column":4},"end":{"line":551,"column":7}},"140":{"start":{"line":541,"column":6},"end":{"line":550,"column":9}},"141":{"start":{"line":554,"column":4},"end":{"line":554,"column":70}},"142":{"start":{"line":554,"column":33},"end":{"line":554,"column":68}},"143":{"start":{"line":557,"column":33},"end":{"line":557,"column":59}},"144":{"start":{"line":559,"column":4},"end":{"line":564,"column":7}},"145":{"start":{"line":562,"column":52},"end":{"line":562,"column":61}},"146":{"start":{"line":566,"column":4},"end":{"line":566,"column":16}},"147":{"start":{"line":581,"column":0},"end":{"line":635,"column":2}},"148":{"start":{"line":582,"column":2},"end":{"line":634,"column":3}},"149":{"start":{"line":592,"column":8},"end":{"line":592,"column":17}},"150":{"start":{"line":595,"column":18},"end":{"line":595,"column":20}},"151":{"start":{"line":597,"column":4},"end":{"line":597,"column":38}},"152":{"start":{"line":597,"column":16},"end":{"line":597,"column":38}},"153":{"start":{"line":598,"column":4},"end":{"line":598,"column":44}},"154":{"start":{"line":598,"column":18},"end":{"line":598,"column":44}},"155":{"start":{"line":599,"column":4},"end":{"line":599,"column":44}},"156":{"start":{"line":599,"column":18},"end":{"line":599,"column":44}},"157":{"start":{"line":602,"column":4},"end":{"line":608,"column":5}},"158":{"start":{"line":603,"column":6},"end":{"line":607,"column":8}},"159":{"start":{"line":611,"column":17},"end":{"line":611,"column":35}},"160":{"start":{"line":612,"column":17},"end":{"line":612,"column":59}},"161":{"start":{"line":615,"column":21},"end":{"line":620,"column":29}},"162":{"start":{"line":622,"column":18},"end":{"line":622,"column":53}},"163":{"start":{"line":624,"column":4},"end":{"line":631,"column":7}},"164":{"start":{"line":633,"column":4},"end":{"line":633,"column":16}},"165":{"start":{"line":642,"column":0},"end":{"line":662,"column":2}},"166":{"start":{"line":643,"column":2},"end":{"line":661,"column":3}},"167":{"start":{"line":644,"column":20},"end":{"line":646,"column":50}},"168":{"start":{"line":648,"column":4},"end":{"line":653,"column":5}},"169":{"start":{"line":649,"column":6},"end":{"line":652,"column":9}},"170":{"start":{"line":655,"column":4},"end":{"line":658,"column":7}},"171":{"start":{"line":660,"column":4},"end":{"line":660,"column":16}},"172":{"start":{"line":669,"column":0},"end":{"line":708,"column":2}},"173":{"start":{"line":670,"column":2},"end":{"line":707,"column":3}},"174":{"start":{"line":671,"column":34},"end":{"line":671,"column":42}},"175":{"start":{"line":673,"column":20},"end":{"line":673,"column":57}},"176":{"start":{"line":675,"column":4},"end":{"line":680,"column":5}},"177":{"start":{"line":676,"column":6},"end":{"line":679,"column":9}},"178":{"start":{"line":683,"column":4},"end":{"line":691,"column":5}},"179":{"start":{"line":684,"column":6},"end":{"line":684,"column":30}},"180":{"start":{"line":687,"column":6},"end":{"line":690,"column":7}},"181":{"start":{"line":688,"column":8},"end":{"line":688,"column":40}},"182":{"start":{"line":689,"column":8},"end":{"line":689,"column":41}},"183":{"start":{"line":694,"column":4},"end":{"line":696,"column":5}},"184":{"start":{"line":695,"column":6},"end":{"line":695,"column":36}},"185":{"start":{"line":698,"column":4},"end":{"line":698,"column":25}},"186":{"start":{"line":700,"column":4},"end":{"line":704,"column":7}},"187":{"start":{"line":706,"column":4},"end":{"line":706,"column":16}},"188":{"start":{"line":715,"column":0},"end":{"line":757,"column":2}},"189":{"start":{"line":716,"column":2},"end":{"line":756,"column":3}},"190":{"start":{"line":717,"column":24},"end":{"line":717,"column":32}},"191":{"start":{"line":719,"column":20},"end":{"line":719,"column":57}},"192":{"start":{"line":721,"column":4},"end":{"line":726,"column":5}},"193":{"start":{"line":722,"column":6},"end":{"line":725,"column":9}},"194":{"start":{"line":729,"column":18},"end":{"line":729,"column":46}},"195":{"start":{"line":730,"column":4},"end":{"line":735,"column":5}},"196":{"start":{"line":731,"column":6},"end":{"line":734,"column":9}},"197":{"start":{"line":737,"column":4},"end":{"line":737,"column":33}},"198":{"start":{"line":740,"column":4},"end":{"line":742,"column":5}},"199":{"start":{"line":741,"column":6},"end":{"line":741,"column":37}},"200":{"start":{"line":744,"column":4},"end":{"line":744,"column":25}},"201":{"start":{"line":747,"column":4},"end":{"line":747,"column":62}},"202":{"start":{"line":749,"column":4},"end":{"line":753,"column":7}},"203":{"start":{"line":755,"column":4},"end":{"line":755,"column":16}},"204":{"start":{"line":764,"column":0},"end":{"line":788,"column":2}},"205":{"start":{"line":765,"column":2},"end":{"line":787,"column":3}},"206":{"start":{"line":766,"column":25},"end":{"line":766,"column":33}},"207":{"start":{"line":768,"column":20},"end":{"line":768,"column":57}},"208":{"start":{"line":770,"column":4},"end":{"line":775,"column":5}},"209":{"start":{"line":771,"column":6},"end":{"line":774,"column":9}},"210":{"start":{"line":777,"column":4},"end":{"line":777,"column":32}},"211":{"start":{"line":778,"column":4},"end":{"line":778,"column":25}},"212":{"start":{"line":780,"column":4},"end":{"line":784,"column":7}},"213":{"start":{"line":786,"column":4},"end":{"line":786,"column":16}},"214":{"start":{"line":795,"column":0},"end":{"line":815,"column":2}},"215":{"start":{"line":796,"column":2},"end":{"line":814,"column":3}},"216":{"start":{"line":797,"column":20},"end":{"line":797,"column":57}},"217":{"start":{"line":799,"column":4},"end":{"line":804,"column":5}},"218":{"start":{"line":800,"column":6},"end":{"line":803,"column":9}},"219":{"start":{"line":806,"column":4},"end":{"line":806,"column":30}},"220":{"start":{"line":808,"column":4},"end":{"line":811,"column":7}},"221":{"start":{"line":813,"column":4},"end":{"line":813,"column":16}},"222":{"start":{"line":822,"column":0},"end":{"line":833,"column":2}},"223":{"start":{"line":823,"column":2},"end":{"line":832,"column":3}},"224":{"start":{"line":824,"column":23},"end":{"line":824,"column":52}},"225":{"start":{"line":826,"column":4},"end":{"line":829,"column":7}},"226":{"start":{"line":831,"column":4},"end":{"line":831,"column":16}}},"fnMap":{"0":{"name":"(anonymous_0)","decl":{"start":{"line":20,"column":28},"end":{"line":20,"column":29}},"loc":{"start":{"line":20,"column":54},"end":{"line":105,"column":1}},"line":20},"1":{"name":"(anonymous_1)","decl":{"start":{"line":112,"column":30},"end":{"line":112,"column":31}},"loc":{"start":{"line":112,"column":56},"end":{"line":127,"column":1}},"line":112},"2":{"name":"(anonymous_2)","decl":{"start":{"line":134,"column":25},"end":{"line":134,"column":26}},"loc":{"start":{"line":134,"column":51},"end":{"line":148,"column":1}},"line":134},"3":{"name":"(anonymous_3)","decl":{"start":{"line":155,"column":24},"end":{"line":155,"column":25}},"loc":{"start":{"line":155,"column":50},"end":{"line":221,"column":1}},"line":155},"4":{"name":"(anonymous_4)","decl":{"start":{"line":178,"column":24},"end":{"line":178,"column":25}},"loc":{"start":{"line":178,"column":32},"end":{"line":187,"column":5}},"line":178},"5":{"name":"(anonymous_5)","decl":{"start":{"line":189,"column":29},"end":{"line":189,"column":30}},"loc":{"start":{"line":189,"column":41},"end":{"line":198,"column":5}},"line":189},"6":{"name":"(anonymous_6)","decl":{"start":{"line":200,"column":27},"end":{"line":200,"column":28}},"loc":{"start":{"line":200,"column":38},"end":{"line":209,"column":5}},"line":200},"7":{"name":"(anonymous_7)","decl":{"start":{"line":212,"column":20},"end":{"line":212,"column":21}},"loc":{"start":{"line":212,"column":30},"end":{"line":212,"column":65}},"line":212},"8":{"name":"(anonymous_8)","decl":{"start":{"line":228,"column":19},"end":{"line":228,"column":20}},"loc":{"start":{"line":228,"column":45},"end":{"line":242,"column":1}},"line":228},"9":{"name":"(anonymous_9)","decl":{"start":{"line":249,"column":24},"end":{"line":249,"column":25}},"loc":{"start":{"line":249,"column":50},"end":{"line":263,"column":1}},"line":249},"10":{"name":"(anonymous_10)","decl":{"start":{"line":270,"column":26},"end":{"line":270,"column":27}},"loc":{"start":{"line":270,"column":52},"end":{"line":323,"column":1}},"line":270},"11":{"name":"(anonymous_11)","decl":{"start":{"line":330,"column":25},"end":{"line":330,"column":26}},"loc":{"start":{"line":330,"column":51},"end":{"line":383,"column":1}},"line":330},"12":{"name":"(anonymous_12)","decl":{"start":{"line":390,"column":25},"end":{"line":390,"column":26}},"loc":{"start":{"line":390,"column":51},"end":{"line":414,"column":1}},"line":390},"13":{"name":"(anonymous_13)","decl":{"start":{"line":426,"column":21},"end":{"line":426,"column":22}},"loc":{"start":{"line":426,"column":47},"end":{"line":455,"column":1}},"line":426},"14":{"name":"(anonymous_14)","decl":{"start":{"line":462,"column":21},"end":{"line":462,"column":22}},"loc":{"start":{"line":462,"column":47},"end":{"line":480,"column":1}},"line":462},"15":{"name":"(anonymous_15)","decl":{"start":{"line":487,"column":27},"end":{"line":487,"column":28}},"loc":{"start":{"line":487,"column":53},"end":{"line":568,"column":1}},"line":487},"16":{"name":"(anonymous_16)","decl":{"start":{"line":498,"column":30},"end":{"line":498,"column":31}},"loc":{"start":{"line":498,"column":42},"end":{"line":509,"column":5}},"line":498},"17":{"name":"(anonymous_17)","decl":{"start":{"line":519,"column":27},"end":{"line":519,"column":28}},"loc":{"start":{"line":519,"column":38},"end":{"line":530,"column":5}},"line":519},"18":{"name":"(anonymous_18)","decl":{"start":{"line":540,"column":26},"end":{"line":540,"column":27}},"loc":{"start":{"line":540,"column":36},"end":{"line":551,"column":5}},"line":540},"19":{"name":"(anonymous_19)","decl":{"start":{"line":554,"column":23},"end":{"line":554,"column":24}},"loc":{"start":{"line":554,"column":33},"end":{"line":554,"column":68}},"line":554},"20":{"name":"(anonymous_20)","decl":{"start":{"line":562,"column":47},"end":{"line":562,"column":48}},"loc":{"start":{"line":562,"column":52},"end":{"line":562,"column":61}},"line":562},"21":{"name":"(anonymous_21)","decl":{"start":{"line":581,"column":22},"end":{"line":581,"column":23}},"loc":{"start":{"line":581,"column":48},"end":{"line":635,"column":1}},"line":581},"22":{"name":"(anonymous_22)","decl":{"start":{"line":642,"column":25},"end":{"line":642,"column":26}},"loc":{"start":{"line":642,"column":51},"end":{"line":662,"column":1}},"line":642},"23":{"name":"(anonymous_23)","decl":{"start":{"line":669,"column":30},"end":{"line":669,"column":31}},"loc":{"start":{"line":669,"column":56},"end":{"line":708,"column":1}},"line":669},"24":{"name":"(anonymous_24)","decl":{"start":{"line":715,"column":24},"end":{"line":715,"column":25}},"loc":{"start":{"line":715,"column":50},"end":{"line":757,"column":1}},"line":715},"25":{"name":"(anonymous_25)","decl":{"start":{"line":764,"column":32},"end":{"line":764,"column":33}},"loc":{"start":{"line":764,"column":58},"end":{"line":788,"column":1}},"line":764},"26":{"name":"(anonymous_26)","decl":{"start":{"line":795,"column":24},"end":{"line":795,"column":25}},"loc":{"start":{"line":795,"column":50},"end":{"line":815,"column":1}},"line":795},"27":{"name":"(anonymous_27)","decl":{"start":{"line":822,"column":31},"end":{"line":822,"column":32}},"loc":{"start":{"line":822,"column":57},"end":{"line":833,"column":1}},"line":822}},"branchMap":{"0":{"loc":{"start":{"line":44,"column":25},"end":{"line":44,"column":81}},"type":"cond-expr","locations":[{"start":{"line":44,"column":50},"end":{"line":44,"column":77}},{"start":{"line":44,"column":80},"end":{"line":44,"column":81}}],"line":44},"1":{"loc":{"start":{"line":57,"column":23},"end":{"line":59,"column":9}},"type":"cond-expr","locations":[{"start":{"line":58,"column":8},"end":{"line":58,"column":60}},{"start":{"line":59,"column":8},"end":{"line":59,"column":9}}],"line":57},"2":{"loc":{"start":{"line":67,"column":27},"end":{"line":69,"column":9}},"type":"cond-expr","locations":[{"start":{"line":68,"column":8},"end":{"line":68,"column":70}},{"start":{"line":69,"column":8},"end":{"line":69,"column":9}}],"line":67},"3":{"loc":{"start":{"line":77,"column":26},"end":{"line":79,"column":9}},"type":"cond-expr","locations":[{"start":{"line":78,"column":8},"end":{"line":78,"column":66}},{"start":{"line":79,"column":8},"end":{"line":79,"column":9}}],"line":77},"4":{"loc":{"start":{"line":192,"column":14},"end":{"line":192,"column":50}},"type":"binary-expr","locations":[{"start":{"line":192,"column":14},"end":{"line":192,"column":37}},{"start":{"line":192,"column":41},"end":{"line":192,"column":50}}],"line":192},"5":{"loc":{"start":{"line":203,"column":14},"end":{"line":203,"column":47}},"type":"binary-expr","locations":[{"start":{"line":203,"column":14},"end":{"line":203,"column":34}},{"start":{"line":203,"column":38},"end":{"line":203,"column":47}}],"line":203},"6":{"loc":{"start":{"line":286,"column":4},"end":{"line":291,"column":5}},"type":"if","locations":[{"start":{"line":286,"column":4},"end":{"line":291,"column":5}},{"start":{},"end":{}}],"line":286},"7":{"loc":{"start":{"line":298,"column":4},"end":{"line":312,"column":5}},"type":"if","locations":[{"start":{"line":298,"column":4},"end":{"line":312,"column":5}},{"start":{},"end":{}}],"line":298},"8":{"loc":{"start":{"line":298,"column":8},"end":{"line":298,"column":50}},"type":"binary-expr","locations":[{"start":{"line":298,"column":8},"end":{"line":298,"column":25}},{"start":{"line":298,"column":29},"end":{"line":298,"column":50}}],"line":298},"9":{"loc":{"start":{"line":347,"column":4},"end":{"line":352,"column":5}},"type":"if","locations":[{"start":{"line":347,"column":4},"end":{"line":352,"column":5}},{"start":{},"end":{}}],"line":347},"10":{"loc":{"start":{"line":357,"column":4},"end":{"line":372,"column":5}},"type":"if","locations":[{"start":{"line":357,"column":4},"end":{"line":372,"column":5}},{"start":{},"end":{}}],"line":357},"11":{"loc":{"start":{"line":357,"column":8},"end":{"line":357,"column":50}},"type":"binary-expr","locations":[{"start":{"line":357,"column":8},"end":{"line":357,"column":25}},{"start":{"line":357,"column":29},"end":{"line":357,"column":50}}],"line":357},"12":{"loc":{"start":{"line":359,"column":29},"end":{"line":359,"column":83}},"type":"binary-expr","locations":[{"start":{"line":359,"column":29},"end":{"line":359,"column":35}},{"start":{"line":359,"column":39},"end":{"line":359,"column":83}}],"line":359},"13":{"loc":{"start":{"line":396,"column":4},"end":{"line":401,"column":5}},"type":"if","locations":[{"start":{"line":396,"column":4},"end":{"line":401,"column":5}},{"start":{},"end":{}}],"line":396},"14":{"loc":{"start":{"line":432,"column":4},"end":{"line":432,"column":37}},"type":"if","locations":[{"start":{"line":432,"column":4},"end":{"line":432,"column":37}},{"start":{},"end":{}}],"line":432},"15":{"loc":{"start":{"line":433,"column":4},"end":{"line":433,"column":57}},"type":"if","locations":[{"start":{"line":433,"column":4},"end":{"line":433,"column":57}},{"start":{},"end":{}}],"line":433},"16":{"loc":{"start":{"line":441,"column":4},"end":{"line":446,"column":5}},"type":"if","locations":[{"start":{"line":441,"column":4},"end":{"line":446,"column":5}},{"start":{},"end":{}}],"line":441},"17":{"loc":{"start":{"line":466,"column":4},"end":{"line":471,"column":5}},"type":"if","locations":[{"start":{"line":466,"column":4},"end":{"line":471,"column":5}},{"start":{},"end":{}}],"line":466},"18":{"loc":{"start":{"line":503,"column":20},"end":{"line":503,"column":53}},"type":"binary-expr","locations":[{"start":{"line":503,"column":20},"end":{"line":503,"column":43}},{"start":{"line":503,"column":47},"end":{"line":503,"column":53}}],"line":503},"19":{"loc":{"start":{"line":505,"column":16},"end":{"line":505,"column":85}},"type":"binary-expr","locations":[{"start":{"line":505,"column":16},"end":{"line":505,"column":41}},{"start":{"line":505,"column":45},"end":{"line":505,"column":85}}],"line":505},"20":{"loc":{"start":{"line":524,"column":20},"end":{"line":524,"column":50}},"type":"binary-expr","locations":[{"start":{"line":524,"column":20},"end":{"line":524,"column":40}},{"start":{"line":524,"column":44},"end":{"line":524,"column":50}}],"line":524},"21":{"loc":{"start":{"line":526,"column":16},"end":{"line":526,"column":82}},"type":"binary-expr","locations":[{"start":{"line":526,"column":16},"end":{"line":526,"column":38}},{"start":{"line":526,"column":42},"end":{"line":526,"column":82}}],"line":526},"22":{"loc":{"start":{"line":545,"column":20},"end":{"line":545,"column":47}},"type":"binary-expr","locations":[{"start":{"line":545,"column":20},"end":{"line":545,"column":37}},{"start":{"line":545,"column":41},"end":{"line":545,"column":47}}],"line":545},"23":{"loc":{"start":{"line":547,"column":16},"end":{"line":547,"column":79}},"type":"binary-expr","locations":[{"start":{"line":547,"column":16},"end":{"line":547,"column":35}},{"start":{"line":547,"column":39},"end":{"line":547,"column":79}}],"line":547},"24":{"loc":{"start":{"line":588,"column":6},"end":{"line":588,"column":14}},"type":"default-arg","locations":[{"start":{"line":588,"column":13},"end":{"line":588,"column":14}}],"line":588},"25":{"loc":{"start":{"line":589,"column":6},"end":{"line":589,"column":16}},"type":"default-arg","locations":[{"start":{"line":589,"column":14},"end":{"line":589,"column":16}}],"line":589},"26":{"loc":{"start":{"line":590,"column":6},"end":{"line":590,"column":26}},"type":"default-arg","locations":[{"start":{"line":590,"column":15},"end":{"line":590,"column":26}}],"line":590},"27":{"loc":{"start":{"line":591,"column":6},"end":{"line":591,"column":24}},"type":"default-arg","locations":[{"start":{"line":591,"column":18},"end":{"line":591,"column":24}}],"line":591},"28":{"loc":{"start":{"line":597,"column":4},"end":{"line":597,"column":38}},"type":"if","locations":[{"start":{"line":597,"column":4},"end":{"line":597,"column":38}},{"start":{},"end":{}}],"line":597},"29":{"loc":{"start":{"line":598,"column":4},"end":{"line":598,"column":44}},"type":"if","locations":[{"start":{"line":598,"column":4},"end":{"line":598,"column":44}},{"start":{},"end":{}}],"line":598},"30":{"loc":{"start":{"line":599,"column":4},"end":{"line":599,"column":44}},"type":"if","locations":[{"start":{"line":599,"column":4},"end":{"line":599,"column":44}},{"start":{},"end":{}}],"line":599},"31":{"loc":{"start":{"line":602,"column":4},"end":{"line":608,"column":5}},"type":"if","locations":[{"start":{"line":602,"column":4},"end":{"line":608,"column":5}},{"start":{},"end":{}}],"line":602},"32":{"loc":{"start":{"line":612,"column":29},"end":{"line":612,"column":57}},"type":"cond-expr","locations":[{"start":{"line":612,"column":51},"end":{"line":612,"column":52}},{"start":{"line":612,"column":55},"end":{"line":612,"column":57}}],"line":612},"33":{"loc":{"start":{"line":648,"column":4},"end":{"line":653,"column":5}},"type":"if","locations":[{"start":{"line":648,"column":4},"end":{"line":653,"column":5}},{"start":{},"end":{}}],"line":648},"34":{"loc":{"start":{"line":675,"column":4},"end":{"line":680,"column":5}},"type":"if","locations":[{"start":{"line":675,"column":4},"end":{"line":680,"column":5}},{"start":{},"end":{}}],"line":675},"35":{"loc":{"start":{"line":683,"column":4},"end":{"line":691,"column":5}},"type":"if","locations":[{"start":{"line":683,"column":4},"end":{"line":691,"column":5}},{"start":{},"end":{}}],"line":683},"36":{"loc":{"start":{"line":687,"column":6},"end":{"line":690,"column":7}},"type":"if","locations":[{"start":{"line":687,"column":6},"end":{"line":690,"column":7}},{"start":{},"end":{}}],"line":687},"37":{"loc":{"start":{"line":687,"column":10},"end":{"line":687,"column":54}},"type":"binary-expr","locations":[{"start":{"line":687,"column":10},"end":{"line":687,"column":31}},{"start":{"line":687,"column":35},"end":{"line":687,"column":54}}],"line":687},"38":{"loc":{"start":{"line":694,"column":4},"end":{"line":696,"column":5}},"type":"if","locations":[{"start":{"line":694,"column":4},"end":{"line":696,"column":5}},{"start":{},"end":{}}],"line":694},"39":{"loc":{"start":{"line":721,"column":4},"end":{"line":726,"column":5}},"type":"if","locations":[{"start":{"line":721,"column":4},"end":{"line":726,"column":5}},{"start":{},"end":{}}],"line":721},"40":{"loc":{"start":{"line":730,"column":4},"end":{"line":735,"column":5}},"type":"if","locations":[{"start":{"line":730,"column":4},"end":{"line":735,"column":5}},{"start":{},"end":{}}],"line":730},"41":{"loc":{"start":{"line":730,"column":8},"end":{"line":730,"column":40}},"type":"binary-expr","locations":[{"start":{"line":730,"column":8},"end":{"line":730,"column":14}},{"start":{"line":730,"column":18},"end":{"line":730,"column":40}}],"line":730},"42":{"loc":{"start":{"line":740,"column":4},"end":{"line":742,"column":5}},"type":"if","locations":[{"start":{"line":740,"column":4},"end":{"line":742,"column":5}},{"start":{},"end":{}}],"line":740},"43":{"loc":{"start":{"line":770,"column":4},"end":{"line":775,"column":5}},"type":"if","locations":[{"start":{"line":770,"column":4},"end":{"line":775,"column":5}},{"start":{},"end":{}}],"line":770},"44":{"loc":{"start":{"line":799,"column":4},"end":{"line":804,"column":5}},"type":"if","locations":[{"start":{"line":799,"column":4},"end":{"line":804,"column":5}},{"start":{},"end":{}}],"line":799}},"s":{"0":0,"1":0,"2":0,"3":0,"4":0,"5":0,"6":0,"7":0,"8":0,"9":0,"10":0,"11":0,"12":0,"13":0,"14":0,"15":0,"16":0,"17":0,"18":0,"19":0,"20":0,"21":0,"22":0,"23":0,"24":0,"25":0,"26":0,"27":0,"28":0,"29":0,"30":0,"31":0,"32":0,"33":0,"34":0,"35":0,"36":0,"37":0,"38":0,"39":0,"40":0,"41":0,"42":0,"43":0,"44":0,"45":0,"46":0,"47":0,"48":0,"49":0,"50":0,"51":0,"52":0,"53":0,"54":0,"55":0,"56":0,"57":0,"58":0,"59":0,"60":0,"61":0,"62":0,"63":0,"64":0,"65":0,"66":0,"67":0,"68":0,"69":0,"70":0,"71":0,"72":0,"73":0,"74":0,"75":0,"76":0,"77":0,"78":0,"79":0,"80":0,"81":0,"82":0,"83":0,"84":0,"85":0,"86":0,"87":0,"88":0,"89":0,"90":0,"91":0,"92":0,"93":0,"94":0,"95":0,"96":0,"97":0,"98":0,"99":0,"100":0,"101":0,"102":0,"103":0,"104":0,"105":0,"106":0,"107":0,"108":0,"109":0,"110":0,"111":0,"112":0,"113":0,"114":0,"115":0,"116":0,"117":0,"118":0,"119":0,"120":0,"121":0,"122":0,"123":0,"124":0,"125":0,"126":0,"127":0,"128":0,"129":0,"130":0,"131":0,"132":0,"133":0,"134":0,"135":0,"136":0,"137":0,"138":0,"139":0,"140":0,"141":0,"142":0,"143":0,"144":0,"145":0,"146":0,"147":0,"148":0,"149":0,"150":0,"151":0,"152":0,"153":0,"154":0,"155":0,"156":0,"157":0,"158":0,"159":0,"160":0,"161":0,"162":0,"163":0,"164":0,"165":0,"166":0,"167":0,"168":0,"169":0,"170":0,"171":0,"172":0,"173":0,"174":0,"175":0,"176":0,"177":0,"178":0,"179":0,"180":0,"181":0,"182":0,"183":0,"184":0,"185":0,"186":0,"187":0,"188":0,"189":0,"190":0,"191":0,"192":0,"193":0,"194":0,"195":0,"196":0,"197":0,"198":0,"199":0,"200":0,"201":0,"202":0,"203":0,"204":0,"205":0,"206":0,"207":0,"208":0,"209":0,"210":0,"211":0,"212":0,"213":0,"214":0,"215":0,"216":0,"217":0,"218":0,"219":0,"220":0,"221":0,"222":0,"223":0,"224":0,"225":0,"226":0},"f":{"0":0,"1":0,"2":0,"3":0,"4":0,"5":0,"6":0,"7":0,"8":0,"9":0,"10":0,"11":0,"12":0,"13":0,"14":0,"15":0,"16":0,"17":0,"18":0,"19":0,"20":0,"21":0,"22":0,"23":0,"24":0,"25":0,"26":0,"27":0},"b":{"0":[0,0],"1":[0,0],"2":[0,0],"3":[0,0],"4":[0,0],"5":[0,0],"6":[0,0],"7":[0,0],"8":[0,0],"9":[0,0],"10":[0,0],"11":[0,0],"12":[0,0],"13":[0,0],"14":[0,0],"15":[0,0],"16":[0,0],"17":[0,0],"18":[0,0],"19":[0,0],"20":[0,0],"21":[0,0],"22":[0,0],"23":[0,0],"24":[0],"25":[0],"26":[0],"27":[0],"28":[0,0],"29":[0,0],"30":[0,0],"31":[0,0],"32":[0,0],"33":[0,0],"34":[0,0],"35":[0,0],"36":[0,0],"37":[0,0],"38":[0,0],"39":[0,0],"40":[0,0],"41":[0,0],"42":[0,0],"43":[0,0],"44":[0,0]}}
,"D:\\Đồ án chuyên ngành\\QLChoThueTro\\src\\controllers\\aiController.js": {"path":"D:\\Đồ án chuyên ngành\\QLChoThueTro\\src\\controllers\\aiController.js","statementMap":{"0":{"start":{"line":8,"column":22},"end":{"line":8,"column":58}},"1":{"start":{"line":9,"column":25},"end":{"line":9,"column":64}},"2":{"start":{"line":16,"column":0},"end":{"line":60,"column":2}},"3":{"start":{"line":17,"column":2},"end":{"line":59,"column":3}},"4":{"start":{"line":18,"column":33},"end":{"line":18,"column":41}},"5":{"start":{"line":20,"column":4},"end":{"line":25,"column":5}},"6":{"start":{"line":21,"column":6},"end":{"line":24,"column":9}},"7":{"start":{"line":28,"column":24},"end":{"line":31,"column":13}},"8":{"start":{"line":28,"column":45},"end":{"line":31,"column":5}},"9":{"start":{"line":33,"column":19},"end":{"line":33,"column":65}},"10":{"start":{"line":36,"column":4},"end":{"line":46,"column":5}},"11":{"start":{"line":37,"column":6},"end":{"line":45,"column":9}},"12":{"start":{"line":48,"column":4},"end":{"line":56,"column":7}},"13":{"start":{"line":58,"column":4},"end":{"line":58,"column":16}},"14":{"start":{"line":67,"column":0},"end":{"line":88,"column":2}},"15":{"start":{"line":68,"column":2},"end":{"line":87,"column":3}},"16":{"start":{"line":69,"column":58},"end":{"line":69,"column":66}},"17":{"start":{"line":71,"column":19},"end":{"line":76,"column":6}},"18":{"start":{"line":78,"column":4},"end":{"line":84,"column":7}},"19":{"start":{"line":86,"column":4},"end":{"line":86,"column":16}},"20":{"start":{"line":95,"column":0},"end":{"line":118,"column":2}},"21":{"start":{"line":96,"column":2},"end":{"line":117,"column":3}},"22":{"start":{"line":97,"column":28},"end":{"line":97,"column":36}},"23":{"start":{"line":99,"column":4},"end":{"line":104,"column":5}},"24":{"start":{"line":100,"column":6},"end":{"line":103,"column":9}},"25":{"start":{"line":106,"column":19},"end":{"line":106,"column":78}},"26":{"start":{"line":108,"column":4},"end":{"line":114,"column":7}},"27":{"start":{"line":116,"column":4},"end":{"line":116,"column":16}},"28":{"start":{"line":125,"column":0},"end":{"line":148,"column":2}},"29":{"start":{"line":126,"column":2},"end":{"line":147,"column":3}},"30":{"start":{"line":127,"column":25},"end":{"line":127,"column":33}},"31":{"start":{"line":129,"column":4},"end":{"line":134,"column":5}},"32":{"start":{"line":130,"column":6},"end":{"line":133,"column":9}},"33":{"start":{"line":136,"column":19},"end":{"line":136,"column":58}},"34":{"start":{"line":138,"column":4},"end":{"line":144,"column":7}},"35":{"start":{"line":146,"column":4},"end":{"line":146,"column":16}},"36":{"start":{"line":155,"column":0},"end":{"line":293,"column":2}},"37":{"start":{"line":156,"column":2},"end":{"line":292,"column":3}},"38":{"start":{"line":157,"column":33},"end":{"line":157,"column":41}},"39":{"start":{"line":159,"column":4},"end":{"line":164,"column":5}},"40":{"start":{"line":160,"column":6},"end":{"line":163,"column":9}},"41":{"start":{"line":167,"column":21},"end":{"line":167,"column":50}},"42":{"start":{"line":170,"column":25},"end":{"line":170,"column":46}},"43":{"start":{"line":171,"column":21},"end":{"line":171,"column":44}},"44":{"start":{"line":174,"column":19},"end":{"line":174,"column":123}},"45":{"start":{"line":175,"column":22},"end":{"line":176,"column":93}},"46":{"start":{"line":179,"column":4},"end":{"line":184,"column":5}},"47":{"start":{"line":180,"column":6},"end":{"line":183,"column":7}},"48":{"start":{"line":181,"column":8},"end":{"line":181,"column":69}},"49":{"start":{"line":182,"column":8},"end":{"line":182,"column":14}},"50":{"start":{"line":186,"column":4},"end":{"line":191,"column":5}},"51":{"start":{"line":187,"column":6},"end":{"line":190,"column":7}},"52":{"start":{"line":188,"column":8},"end":{"line":188,"column":77}},"53":{"start":{"line":189,"column":8},"end":{"line":189,"column":14}},"54":{"start":{"line":194,"column":23},"end":{"line":194,"column":81}},"55":{"start":{"line":195,"column":4},"end":{"line":198,"column":5}},"56":{"start":{"line":196,"column":23},"end":{"line":196,"column":54}},"57":{"start":{"line":197,"column":6},"end":{"line":197,"column":44}},"58":{"start":{"line":201,"column":4},"end":{"line":203,"column":140}},"59":{"start":{"line":201,"column":44},"end":{"line":201,"column":82}},"60":{"start":{"line":202,"column":9},"end":{"line":203,"column":140}},"61":{"start":{"line":202,"column":85},"end":{"line":202,"column":127}},"62":{"start":{"line":203,"column":9},"end":{"line":203,"column":140}},"63":{"start":{"line":203,"column":97},"end":{"line":203,"column":140}},"64":{"start":{"line":205,"column":23},"end":{"line":209,"column":13}},"65":{"start":{"line":212,"column":24},"end":{"line":215,"column":13}},"66":{"start":{"line":212,"column":45},"end":{"line":215,"column":5}},"67":{"start":{"line":217,"column":19},"end":{"line":217,"column":85}},"68":{"start":{"line":220,"column":32},"end":{"line":220,"column":34}},"69":{"start":{"line":221,"column":23},"end":{"line":221,"column":28}},"70":{"start":{"line":222,"column":20},"end":{"line":222,"column":45}},"71":{"start":{"line":224,"column":4},"end":{"line":275,"column":5}},"72":{"start":{"line":226,"column":6},"end":{"line":226,"column":75}},"73":{"start":{"line":227,"column":6},"end":{"line":227,"column":26}},"74":{"start":{"line":230,"column":27},"end":{"line":230,"column":48}},"75":{"start":{"line":231,"column":23},"end":{"line":231,"column":74}},"76":{"start":{"line":231,"column":61},"end":{"line":231,"column":73}},"77":{"start":{"line":234,"column":31},"end":{"line":234,"column":33}},"78":{"start":{"line":237,"column":6},"end":{"line":245,"column":9}},"79":{"start":{"line":238,"column":8},"end":{"line":244,"column":10}},"80":{"start":{"line":247,"column":26},"end":{"line":252,"column":7}},"81":{"start":{"line":254,"column":6},"end":{"line":258,"column":16}},"82":{"start":{"line":261,"column":6},"end":{"line":267,"column":7}},"83":{"start":{"line":262,"column":8},"end":{"line":266,"column":18}},"84":{"start":{"line":268,"column":11},"end":{"line":275,"column":5}},"85":{"start":{"line":270,"column":6},"end":{"line":274,"column":14}},"86":{"start":{"line":277,"column":4},"end":{"line":289,"column":7}},"87":{"start":{"line":291,"column":4},"end":{"line":291,"column":16}},"88":{"start":{"line":300,"column":0},"end":{"line":357,"column":2}},"89":{"start":{"line":301,"column":2},"end":{"line":356,"column":3}},"90":{"start":{"line":302,"column":97},"end":{"line":302,"column":105}},"91":{"start":{"line":304,"column":4},"end":{"line":309,"column":5}},"92":{"start":{"line":305,"column":6},"end":{"line":308,"column":9}},"93":{"start":{"line":312,"column":21},"end":{"line":312,"column":50}},"94":{"start":{"line":314,"column":18},"end":{"line":316,"column":5}},"95":{"start":{"line":319,"column":4},"end":{"line":321,"column":5}},"96":{"start":{"line":320,"column":6},"end":{"line":320,"column":40}},"97":{"start":{"line":324,"column":4},"end":{"line":326,"column":5}},"98":{"start":{"line":325,"column":6},"end":{"line":325,"column":44}},"99":{"start":{"line":328,"column":23},"end":{"line":331,"column":13}},"100":{"start":{"line":333,"column":25},"end":{"line":342,"column":5}},"101":{"start":{"line":344,"column":19},"end":{"line":344,"column":77}},"102":{"start":{"line":346,"column":4},"end":{"line":353,"column":7}},"103":{"start":{"line":355,"column":4},"end":{"line":355,"column":16}},"104":{"start":{"line":364,"column":0},"end":{"line":387,"column":2}},"105":{"start":{"line":365,"column":2},"end":{"line":386,"column":3}},"106":{"start":{"line":366,"column":25},"end":{"line":366,"column":33}},"107":{"start":{"line":368,"column":4},"end":{"line":373,"column":5}},"108":{"start":{"line":369,"column":6},"end":{"line":372,"column":9}},"109":{"start":{"line":375,"column":19},"end":{"line":375,"column":69}},"110":{"start":{"line":377,"column":4},"end":{"line":383,"column":7}},"111":{"start":{"line":385,"column":4},"end":{"line":385,"column":16}},"112":{"start":{"line":394,"column":0},"end":{"line":414,"column":2}},"113":{"start":{"line":395,"column":2},"end":{"line":413,"column":3}},"114":{"start":{"line":396,"column":29},"end":{"line":396,"column":37}},"115":{"start":{"line":398,"column":4},"end":{"line":403,"column":5}},"116":{"start":{"line":399,"column":6},"end":{"line":402,"column":9}},"117":{"start":{"line":405,"column":4},"end":{"line":405,"column":49}},"118":{"start":{"line":407,"column":19},"end":{"line":407,"column":86}},"119":{"start":{"line":409,"column":4},"end":{"line":409,"column":33}},"120":{"start":{"line":411,"column":4},"end":{"line":411,"column":59}},"121":{"start":{"line":412,"column":4},"end":{"line":412,"column":16}},"122":{"start":{"line":421,"column":0},"end":{"line":441,"column":2}},"123":{"start":{"line":422,"column":2},"end":{"line":440,"column":3}},"124":{"start":{"line":423,"column":29},"end":{"line":423,"column":37}},"125":{"start":{"line":425,"column":4},"end":{"line":430,"column":5}},"126":{"start":{"line":426,"column":6},"end":{"line":429,"column":9}},"127":{"start":{"line":432,"column":4},"end":{"line":432,"column":60}},"128":{"start":{"line":434,"column":19},"end":{"line":434,"column":92}},"129":{"start":{"line":436,"column":4},"end":{"line":436,"column":33}},"130":{"start":{"line":438,"column":4},"end":{"line":438,"column":59}},"131":{"start":{"line":439,"column":4},"end":{"line":439,"column":16}},"132":{"start":{"line":448,"column":0},"end":{"line":469,"column":2}},"133":{"start":{"line":449,"column":2},"end":{"line":468,"column":3}},"134":{"start":{"line":450,"column":22},"end":{"line":450,"column":30}},"135":{"start":{"line":452,"column":4},"end":{"line":457,"column":5}},"136":{"start":{"line":453,"column":6},"end":{"line":456,"column":9}},"137":{"start":{"line":459,"column":19},"end":{"line":459,"column":74}},"138":{"start":{"line":461,"column":4},"end":{"line":464,"column":7}},"139":{"start":{"line":466,"column":4},"end":{"line":466,"column":49}},"140":{"start":{"line":467,"column":4},"end":{"line":467,"column":16}},"141":{"start":{"line":471,"column":0},"end":{"line":471,"column":25}}},"fnMap":{"0":{"name":"(anonymous_0)","decl":{"start":{"line":16,"column":15},"end":{"line":16,"column":16}},"loc":{"start":{"line":16,"column":41},"end":{"line":60,"column":1}},"line":16},"1":{"name":"(anonymous_1)","decl":{"start":{"line":28,"column":37},"end":{"line":28,"column":38}},"loc":{"start":{"line":28,"column":45},"end":{"line":31,"column":5}},"line":28},"2":{"name":"(anonymous_2)","decl":{"start":{"line":67,"column":28},"end":{"line":67,"column":29}},"loc":{"start":{"line":67,"column":54},"end":{"line":88,"column":1}},"line":67},"3":{"name":"(anonymous_3)","decl":{"start":{"line":95,"column":29},"end":{"line":95,"column":30}},"loc":{"start":{"line":95,"column":55},"end":{"line":118,"column":1}},"line":95},"4":{"name":"(anonymous_4)","decl":{"start":{"line":125,"column":20},"end":{"line":125,"column":21}},"loc":{"start":{"line":125,"column":46},"end":{"line":148,"column":1}},"line":125},"5":{"name":"(anonymous_5)","decl":{"start":{"line":155,"column":19},"end":{"line":155,"column":20}},"loc":{"start":{"line":155,"column":45},"end":{"line":293,"column":1}},"line":155},"6":{"name":"(anonymous_6)","decl":{"start":{"line":212,"column":37},"end":{"line":212,"column":38}},"loc":{"start":{"line":212,"column":45},"end":{"line":215,"column":5}},"line":212},"7":{"name":"(anonymous_7)","decl":{"start":{"line":231,"column":56},"end":{"line":231,"column":57}},"loc":{"start":{"line":231,"column":61},"end":{"line":231,"column":73}},"line":231},"8":{"name":"(anonymous_8)","decl":{"start":{"line":237,"column":23},"end":{"line":237,"column":24}},"loc":{"start":{"line":237,"column":34},"end":{"line":245,"column":7}},"line":237},"9":{"name":"(anonymous_9)","decl":{"start":{"line":300,"column":23},"end":{"line":300,"column":24}},"loc":{"start":{"line":300,"column":49},"end":{"line":357,"column":1}},"line":300},"10":{"name":"(anonymous_10)","decl":{"start":{"line":364,"column":23},"end":{"line":364,"column":24}},"loc":{"start":{"line":364,"column":49},"end":{"line":387,"column":1}},"line":364},"11":{"name":"(anonymous_11)","decl":{"start":{"line":394,"column":20},"end":{"line":394,"column":21}},"loc":{"start":{"line":394,"column":46},"end":{"line":414,"column":1}},"line":394},"12":{"name":"(anonymous_12)","decl":{"start":{"line":421,"column":26},"end":{"line":421,"column":27}},"loc":{"start":{"line":421,"column":52},"end":{"line":441,"column":1}},"line":421},"13":{"name":"(anonymous_13)","decl":{"start":{"line":448,"column":21},"end":{"line":448,"column":22}},"loc":{"start":{"line":448,"column":47},"end":{"line":469,"column":1}},"line":448}},"branchMap":{"0":{"loc":{"start":{"line":20,"column":4},"end":{"line":25,"column":5}},"type":"if","locations":[{"start":{"line":20,"column":4},"end":{"line":25,"column":5}},{"start":{},"end":{}}],"line":20},"1":{"loc":{"start":{"line":28,"column":24},"end":{"line":31,"column":13}},"type":"binary-expr","locations":[{"start":{"line":28,"column":24},"end":{"line":31,"column":7}},{"start":{"line":31,"column":11},"end":{"line":31,"column":13}}],"line":28},"2":{"loc":{"start":{"line":29,"column":12},"end":{"line":29,"column":50}},"type":"cond-expr","locations":[{"start":{"line":29,"column":34},"end":{"line":29,"column":40}},{"start":{"line":29,"column":43},"end":{"line":29,"column":50}}],"line":29},"3":{"loc":{"start":{"line":36,"column":4},"end":{"line":46,"column":5}},"type":"if","locations":[{"start":{"line":36,"column":4},"end":{"line":46,"column":5}},{"start":{},"end":{}}],"line":36},"4":{"loc":{"start":{"line":36,"column":8},"end":{"line":36,"column":52}},"type":"binary-expr","locations":[{"start":{"line":36,"column":8},"end":{"line":36,"column":28}},{"start":{"line":36,"column":32},"end":{"line":36,"column":52}}],"line":36},"5":{"loc":{"start":{"line":41,"column":19},"end":{"line":41,"column":88}},"type":"binary-expr","locations":[{"start":{"line":41,"column":19},"end":{"line":41,"column":33}},{"start":{"line":41,"column":37},"end":{"line":41,"column":88}}],"line":41},"6":{"loc":{"start":{"line":42,"column":21},"end":{"line":42,"column":51}},"type":"binary-expr","locations":[{"start":{"line":42,"column":21},"end":{"line":42,"column":37}},{"start":{"line":42,"column":41},"end":{"line":42,"column":51}}],"line":42},"7":{"loc":{"start":{"line":50,"column":17},"end":{"line":50,"column":42}},"type":"binary-expr","locations":[{"start":{"line":50,"column":17},"end":{"line":50,"column":33}},{"start":{"line":50,"column":37},"end":{"line":50,"column":42}}],"line":50},"8":{"loc":{"start":{"line":99,"column":4},"end":{"line":104,"column":5}},"type":"if","locations":[{"start":{"line":99,"column":4},"end":{"line":104,"column":5}},{"start":{},"end":{}}],"line":99},"9":{"loc":{"start":{"line":129,"column":4},"end":{"line":134,"column":5}},"type":"if","locations":[{"start":{"line":129,"column":4},"end":{"line":134,"column":5}},{"start":{},"end":{}}],"line":129},"10":{"loc":{"start":{"line":159,"column":4},"end":{"line":164,"column":5}},"type":"if","locations":[{"start":{"line":159,"column":4},"end":{"line":164,"column":5}},{"start":{},"end":{}}],"line":159},"11":{"loc":{"start":{"line":180,"column":6},"end":{"line":183,"column":7}},"type":"if","locations":[{"start":{"line":180,"column":6},"end":{"line":183,"column":7}},{"start":{},"end":{}}],"line":180},"12":{"loc":{"start":{"line":187,"column":6},"end":{"line":190,"column":7}},"type":"if","locations":[{"start":{"line":187,"column":6},"end":{"line":190,"column":7}},{"start":{},"end":{}}],"line":187},"13":{"loc":{"start":{"line":195,"column":4},"end":{"line":198,"column":5}},"type":"if","locations":[{"start":{"line":195,"column":4},"end":{"line":198,"column":5}},{"start":{},"end":{}}],"line":195},"14":{"loc":{"start":{"line":201,"column":4},"end":{"line":203,"column":140}},"type":"if","locations":[{"start":{"line":201,"column":4},"end":{"line":203,"column":140}},{"start":{"line":202,"column":9},"end":{"line":203,"column":140}}],"line":201},"15":{"loc":{"start":{"line":202,"column":9},"end":{"line":203,"column":140}},"type":"if","locations":[{"start":{"line":202,"column":9},"end":{"line":203,"column":140}},{"start":{"line":203,"column":9},"end":{"line":203,"column":140}}],"line":202},"16":{"loc":{"start":{"line":202,"column":13},"end":{"line":202,"column":83}},"type":"binary-expr","locations":[{"start":{"line":202,"column":13},"end":{"line":202,"column":46}},{"start":{"line":202,"column":50},"end":{"line":202,"column":83}}],"line":202},"17":{"loc":{"start":{"line":203,"column":9},"end":{"line":203,"column":140}},"type":"if","locations":[{"start":{"line":203,"column":9},"end":{"line":203,"column":140}},{"start":{},"end":{}}],"line":203},"18":{"loc":{"start":{"line":203,"column":13},"end":{"line":203,"column":95}},"type":"binary-expr","locations":[{"start":{"line":203,"column":13},"end":{"line":203,"column":52}},{"start":{"line":203,"column":56},"end":{"line":203,"column":95}}],"line":203},"19":{"loc":{"start":{"line":212,"column":24},"end":{"line":215,"column":13}},"type":"binary-expr","locations":[{"start":{"line":212,"column":24},"end":{"line":215,"column":7}},{"start":{"line":215,"column":11},"end":{"line":215,"column":13}}],"line":212},"20":{"loc":{"start":{"line":213,"column":12},"end":{"line":213,"column":50}},"type":"cond-expr","locations":[{"start":{"line":213,"column":34},"end":{"line":213,"column":40}},{"start":{"line":213,"column":43},"end":{"line":213,"column":50}}],"line":213},"21":{"loc":{"start":{"line":222,"column":20},"end":{"line":222,"column":45}},"type":"binary-expr","locations":[{"start":{"line":222,"column":20},"end":{"line":222,"column":36}},{"start":{"line":222,"column":40},"end":{"line":222,"column":45}}],"line":222},"22":{"loc":{"start":{"line":224,"column":4},"end":{"line":275,"column":5}},"type":"if","locations":[{"start":{"line":224,"column":4},"end":{"line":275,"column":5}},{"start":{"line":268,"column":11},"end":{"line":275,"column":5}}],"line":224},"23":{"loc":{"start":{"line":224,"column":8},"end":{"line":224,"column":49}},"type":"binary-expr","locations":[{"start":{"line":224,"column":8},"end":{"line":224,"column":28}},{"start":{"line":224,"column":32},"end":{"line":224,"column":49}}],"line":224},"24":{"loc":{"start":{"line":249,"column":13},"end":{"line":251,"column":9}},"type":"cond-expr","locations":[{"start":{"line":249,"column":43},"end":{"line":249,"column":59}},{"start":{"line":249,"column":62},"end":{"line":251,"column":9}}],"line":249},"25":{"loc":{"start":{"line":261,"column":6},"end":{"line":267,"column":7}},"type":"if","locations":[{"start":{"line":261,"column":6},"end":{"line":267,"column":7}},{"start":{},"end":{}}],"line":261},"26":{"loc":{"start":{"line":268,"column":11},"end":{"line":275,"column":5}},"type":"if","locations":[{"start":{"line":268,"column":11},"end":{"line":275,"column":5}},{"start":{},"end":{}}],"line":268},"27":{"loc":{"start":{"line":268,"column":15},"end":{"line":268,"column":66}},"type":"binary-expr","locations":[{"start":{"line":268,"column":15},"end":{"line":268,"column":33}},{"s
[...]
,"end":{"line":232,"column":5}},{"start":{},"end":{}}],"line":228},"50":{"loc":{"start":{"line":229,"column":8},"end":{"line":231,"column":24}},"type":"if","locations":[{"start":{"line":229,"column":8},"end":{"line":231,"column":24}},{"start":{"line":230,"column":13},"end":{"line":231,"column":24}}],"line":229},"51":{"loc":{"start":{"line":230,"column":13},"end":{"line":231,"column":24}},"type":"if","locations":[{"start":{"line":230,"column":13},"end":{"line":231,"column":24}},{"start":{"line":231,"column":13},"end":{"line":231,"column":24}}],"line":230},"52":{"loc":{"start":{"line":241,"column":42},"end":{"line":241,"column":58}},"type":"default-arg","locations":[{"start":{"line":241,"column":56},"end":{"line":241,"column":58}}],"line":241},"53":{"loc":{"start":{"line":266,"column":4},"end":{"line":324,"column":5}},"type":"if","locations":[{"start":{"line":266,"column":4},"end":{"line":324,"column":5}},{"start":{"line":273,"column":9},"end":{"line":324,"column":5}}],"line":266},"54":{"loc":{"start":{"line":266,"column":8},"end":{"line":266,"column":72}},"type":"binary-expr","locations":[{"start":{"line":266,"column":8},"end":{"line":266,"column":37}},{"start":{"line":266,"column":41},"end":{"line":266,"column":72}}],"line":266},"55":{"loc":{"start":{"line":273,"column":9},"end":{"line":324,"column":5}},"type":"if","locations":[{"start":{"line":273,"column":9},"end":{"line":324,"column":5}},{"start":{"line":280,"column":9},"end":{"line":324,"column":5}}],"line":273},"56":{"loc":{"start":{"line":273,"column":13},"end":{"line":273,"column":71}},"type":"binary-expr","locations":[{"start":{"line":273,"column":13},"end":{"line":273,"column":38}},{"start":{"line":273,"column":42},"end":{"line":273,"column":71}}],"line":273},"57":{"loc":{"start":{"line":280,"column":9},"end":{"line":324,"column":5}},"type":"if","locations":[{"start":{"line":280,"column":9},"end":{"line":324,"column":5}},{"start":{"line":289,"column":9},"end":{"line":324,"column":5}}],"line":280},"58":{"loc":{"start":{"line":280,"column":13},"end":{"line":282,"column":25}},"type":"binary-expr","locations":[{"start":{"line":280,"column":13},"end":{"line":280,"column":40}},{"start":{"line":281,"column":13},"end":{"line":281,"column":64}},{"start":{"line":282,"column":13},"end":{"line":282,"column":25}}],"line":280},"59":{"loc":{"start":{"line":289,"column":9},"end":{"line":324,"column":5}},"type":"if","locations":[{"start":{"line":289,"column":9},"end":{"line":324,"column":5}},{"start":{"line":296,"column":9},"end":{"line":324,"column":5}}],"line":289},"60":{"loc":{"start":{"line":296,"column":9},"end":{"line":324,"column":5}},"type":"if","locations":[{"start":{"line":296,"column":9},"end":{"line":324,"column":5}},{"start":{"line":303,"column":9},"end":{"line":324,"column":5}}],"line":296},"61":{"loc":{"start":{"line":296,"column":13},"end":{"line":296,"column":93}},"type":"binary-expr","locations":[{"start":{"line":296,"column":13},"end":{"line":296,"column":29}},{"start":{"line":296,"column":33},"end":{"line":296,"column":63}},{"start":{"line":296,"column":67},"end":{"line":296,"column":93}}],"line":296},"62":{"loc":{"start":{"line":303,"column":9},"end":{"line":324,"column":5}},"type":"if","locations":[{"start":{"line":303,"column":9},"end":{"line":324,"column":5}},{"start":{"line":310,"column":9},"end":{"line":324,"column":5}}],"line":303},"63":{"loc":{"start":{"line":303,"column":13},"end":{"line":303,"column":41}},"type":"binary-expr","locations":[{"start":{"line":303,"column":13},"end":{"line":303,"column":21}},{"start":{"line":303,"column":25},"end":{"line":303,"column":41}}],"line":303},"64":{"loc":{"start":{"line":315,"column":8},"end":{"line":317,"column":9}},"type":"if","locations":[{"start":{"line":315,"column":8},"end":{"line":317,"column":9}},{"start":{},"end":{}}],"line":315},"65":{"loc":{"start":{"line":318,"column":8},"end":{"line":320,"column":9}},"type":"if","locations":[{"start":{"line":318,"column":8},"end":{"line":320,"column":9}},{"start":{},"end":{}}],"line":318},"66":{"loc":{"start":{"line":321,"column":8},"end":{"line":323,"column":9}},"type":"if","locations":[{"start":{"line":321,"column":8},"end":{"line":323,"column":9}},{"start":{},"end":{}}],"line":321}},"s":{"0":0,"1":0,"2":0,"3":0,"4":0,"5":0,"6":0,"7":0,"8":0,"9":0,"10":0,"11":0,"12":0,"13":0,"14":0,"15":0,"16":0,"17":0,"18":0,"19":0,"20":0,"21":0,"22":0,"23":0,"24":0,"25":0,"26":0,"27":0,"28":0,"29":0,"30":0,"31":0,"32":0,"33":0,"34":0,"35":0,"36":0,"37":0,"38":0,"39":0,"40":0,"41":0,"42":0,"43":0,"44":0,"45":0,"46":0,"47":0,"48":0,"49":0,"50":0,"51":0,"52":0,"53":0,"54":0,"55":0,"56":0,"57":0,"58":0,"59":0,"60":0,"61":0,"62":0,"63":0,"64":0,"65":0,"66":0,"67":0,"68":0,"69":0,"70":0,"71":0,"72":0,"73":0,"74":0,"75":0,"76":0,"77":0,"78":0,"79":0,"80":0,"81":0,"82":0,"83":0,"84":0,"85":0,"86":0,"87":0,"88":0,"89":0,"90":0,"91":0,"92":0,"93":0,"94":0,"95":0,"96":0,"97":0,"98":0,"99":0,"100":0,"101":0,"102":0,"103":0,"104":0,"105":0,"106":0,"107":0,"108":0,"109":0,"110":0,"111":0,"112":0,"113":0,"114":0,"115":0,"116":0,"117":0,"118":0,"119":0,"120":0,"121":0,"122":0,"123":0,"124":0,"125":0,"126":0,"127":0,"128":0,"129":0,"130":0,"131":0,"132":0,"133":0,"134":0,"135":0,"136":0,"137":0,"138":0,"139":0,"140":0,"141":0,"142":0,"143":0,"144":0,"145":0,"146":0,"147":0},"f":{"0":0,"1":0,"2":0,"3":0,"4":0,"5":0,"6":0,"7":0,"8":0,"9":0},"b":{"0":[0,0],"1":[0,0],"2":[0,0],"3":[0,0],"4":[0,0],"5":[0,0],"6":[0,0],"7":[0,0],"8":[0,0],"9":[0,0],"10":[0,0],"11":[0,0],"12":[0,0],"13":[0,0],"14":[0,0],"15":[0,0],"16":[0,0],"17":[0,0],"18":[0,0],"19":[0,0],"20":[0],"21":[0],"22":[0],"23":[0],"24":[0,0],"25":[0,0],"26":[0,0],"27":[0,0],"28":[0,0],"29":[0,0],"30":[0,0],"31":[0,0],"32":[0,0],"33":[0,0],"34":[0,0],"35":[0,0],"36":[0,0],"37":[0,0],"38":[0,0],"39":[0,0],"40":[0,0],"41":[0,0],"42":[0,0],"43":[0,0],"44":[0,0],"45":[0,0],"46":[0,0],"47":[0,0],"48":[0,0],"49":[0,0],"50":[0,0],"51":[0,0],"52":[0],"53":[0,0],"54":[0,0],"55":[0,0],"56":[0,0],"57":[0,0],"58":[0,0,0],"59":[0,0],"60":[0,0],"61":[0,0,0],"62":[0,0],"63":[0,0],"64":[0,0],"65":[0,0],"66":[0,0]}}
,"D:\\Đồ án chuyên ngành\\QLChoThueTro\\src\\socket\\chatHandler.js": {"path":"D:\\Đồ án chuyên ngành\\QLChoThueTro\\src\\socket\\chatHandler.js","statementMap":{"0":{"start":{"line":8,"column":54},"end":{"line":8,"column":74}},"1":{"start":{"line":9,"column":12},"end":{"line":9,"column":35}},"2":{"start":{"line":12,"column":20},"end":{"line":12,"column":29}},"3":{"start":{"line":14,"column":0},"end":{"line":267,"column":2}},"4":{"start":{"line":16,"column":2},"end":{"line":37,"column":5}},"5":{"start":{"line":17,"column":4},"end":{"line":36,"column":5}},"6":{"start":{"line":18,"column":20},"end":{"line":18,"column":47}},"7":{"start":{"line":20,"column":6},"end":{"line":22,"column":7}},"8":{"start":{"line":21,"column":8},"end":{"line":21,"column":55}},"9":{"start":{"line":24,"column":22},"end":{"line":24,"column":63}},"10":{"start":{"line":25,"column":19},"end":{"line":25,"column":50}},"11":{"start":{"line":27,"column":6},"end":{"line":29,"column":7}},"12":{"start":{"line":28,"column":8},"end":{"line":28,"column":49}},"13":{"start":{"line":31,"column":6},"end":{"line":31,"column":42}},"14":{"start":{"line":32,"column":6},"end":{"line":32,"column":25}},"15":{"start":{"line":33,"column":6},"end":{"line":33,"column":13}},"16":{"start":{"line":35,"column":6},"end":{"line":35,"column":46}},"17":{"start":{"line":39,"column":2},"end":{"line":262,"column":5}},"18":{"start":{"line":40,"column":19},"end":{"line":40,"column":32}},"19":{"start":{"line":41,"column":4},"end":{"line":41,"column":69}},"20":{"start":{"line":44,"column":4},"end":{"line":44,"column":39}},"21":{"start":{"line":47,"column":4},"end":{"line":47,"column":39}},"22":{"start":{"line":50,"column":4},"end":{"line":50,"column":34}},"23":{"start":{"line":55,"column":4},"end":{"line":84,"column":7}},"24":{"start":{"line":56,"column":6},"end":{"line":83,"column":7}},"25":{"start":{"line":57,"column":8},"end":{"line":57,"column":54}},"26":{"start":{"line":58,"column":8},"end":{"line":58,"column":79}},"27":{"start":{"line":61,"column":8},"end":{"line":61,"column":60}},"28":{"start":{"line":64,"column":29},"end":{"line":64,"column":72}},"29":{"start":{"line":65,"column":8},"end":{"line":79,"column":9}},"30":{"start":{"line":66,"column":10},"end":{"line":66,"column":54}},"31":{"start":{"line":69,"column":30},"end":{"line":71,"column":11}},"32":{"start":{"line":70,"column":17},"end":{"line":70,"column":40}},"33":{"start":{"line":73,"column":10},"end":{"line":78,"column":11}},"34":{"start":{"line":74,"column":12},"end":{"line":77,"column":15}},"35":{"start":{"line":81,"column":8},"end":{"line":81,"column":60}},"36":{"start":{"line":82,"column":8},"end":{"line":82,"column":79}},"37":{"start":{"line":89,"column":4},"end":{"line":92,"column":7}},"38":{"start":{"line":90,"column":6},"end":{"line":90,"column":53}},"39":{"start":{"line":91,"column":6},"end":{"line":91,"column":75}},"40":{"start":{"line":97,"column":4},"end":{"line":180,"column":7}},"41":{"start":{"line":98,"column":6},"end":{"line":179,"column":7}},"42":{"start":{"line":99,"column":82},"end":{"line":99,"column":86}},"43":{"start":{"line":102,"column":24},"end":{"line":109,"column":10}},"44":{"start":{"line":112,"column":8},"end":{"line":112,"column":56}},"45":{"start":{"line":115,"column":29},"end":{"line":115,"column":72}},"46":{"start":{"line":116,"column":8},"end":{"line":122,"column":9}},"47":{"start":{"line":117,"column":10},"end":{"line":117,"column":49}},"48":{"start":{"line":118,"column":10},"end":{"line":118,"column":59}},"49":{"start":{"line":121,"column":10},"end":{"line":121,"column":62}},"50":{"start":{"line":125,"column":33},"end":{"line":125,"column":60}},"51":{"start":{"line":126,"column":8},"end":{"line":135,"column":9}},"52":{"start":{"line":127,"column":10},"end":{"line":134,"column":13}},"53":{"start":{"line":138,"column":8},"end":{"line":160,"column":9}},"54":{"start":{"line":139,"column":10},"end":{"line":159,"column":11}},"55":{"start":{"line":140,"column":33},"end":{"line":151,"column":14}},"56":{"start":{"line":154,"column":12},"end":{"line":156,"column":13}},"57":{"start":{"line":155,"column":14},"end":{"line":155,"column":77}},"58":{"start":{"line":158,"column":12},"end":{"line":158,"column":73}},"59":{"start":{"line":163,"column":8},"end":{"line":170,"column":11}},"60":{"start":{"line":173,"column":8},"end":{"line":173,"column":81}},"61":{"start":{"line":175,"column":8},"end":{"line":175,"column":71}},"62":{"start":{"line":177,"column":8},"end":{"line":177,"column":55}},"63":{"start":{"line":178,"column":8},"end":{"line":178,"column":68}},"64":{"start":{"line":185,"column":4},"end":{"line":194,"column":7}},"65":{"start":{"line":186,"column":31},"end":{"line":186,"column":58}},"66":{"start":{"line":187,"column":6},"end":{"line":193,"column":7}},"67":{"start":{"line":188,"column":8},"end":{"line":192,"column":11}},"68":{"start":{"line":196,"column":4},"end":{"line":204,"column":7}},"69":{"start":{"line":197,"column":31},"end":{"line":197,"column":58}},"70":{"start":{"line":198,"column":6},"end":{"line":203,"column":7}},"71":{"start":{"line":199,"column":8},"end":{"line":202,"column":11}},"72":{"start":{"line":209,"column":4},"end":{"line":232,"column":7}},"73":{"start":{"line":210,"column":6},"end":{"line":231,"column":7}},"74":{"start":{"line":211,"column":8},"end":{"line":211,"column":60}},"75":{"start":{"line":213,"column":29},"end":{"line":213,"column":72}},"76":{"start":{"line":214,"column":8},"end":{"line":228,"column":9}},"77":{"start":{"line":215,"column":10},"end":{"line":215,"column":54}},"78":{"start":{"line":218,"column":30},"end":{"line":220,"column":11}},"79":{"start":{"line":219,"column":17},"end":{"line":219,"column":40}},"80":{"start":{"line":222,"column":10},"end":{"line":227,"column":11}},"81":{"start":{"line":223,"column":12},"end":{"line":226,"column":15}},"82":{"start":{"line":230,"column":8},"end":{"line":230,"column":64}},"83":{"start":{"line":237,"column":4},"end":{"line":243,"column":7}},"84":{"start":{"line":238,"column":27},"end":{"line":238,"column":29}},"85":{"start":{"line":239,"column":6},"end":{"line":241,"column":9}},"86":{"start":{"line":240,"column":8},"end":{"line":240,"column":47}},"87":{"start":{"line":242,"column":6},"end":{"line":242,"column":54}},"88":{"start":{"line":248,"column":4},"end":{"line":254,"column":7}},"89":{"start":{"line":249,"column":6},"end":{"line":249,"column":74}},"90":{"start":{"line":250,"column":6},"end":{"line":250,"column":33}},"91":{"start":{"line":253,"column":6},"end":{"line":253,"column":42}},"92":{"start":{"line":259,"column":4},"end":{"line":261,"column":7}},"93":{"start":{"line":260,"column":6},"end":{"line":260,"column":44}},"94":{"start":{"line":265,"column":2},"end":{"line":265,"column":17}},"95":{"start":{"line":266,"column":2},"end":{"line":266,"column":35}}},"fnMap":{"0":{"name":"(anonymous_0)","decl":{"start":{"line":14,"column":17},"end":{"line":14,"column":18}},"loc":{"start":{"line":14,"column":25},"end":{"line":267,"column":1}},"line":14},"1":{"name":"(anonymous_1)","decl":{"start":{"line":16,"column":9},"end":{"line":16,"column":10}},"loc":{"start":{"line":16,"column":33},"end":{"line":37,"column":3}},"line":16},"2":{"name":"(anonymous_2)","decl":{"start":{"line":39,"column":22},"end":{"line":39,"column":23}},"loc":{"start":{"line":39,"column":34},"end":{"line":262,"column":3}},"line":39},"3":{"name":"(anonymous_3)","decl":{"start":{"line":55,"column":35},"end":{"line":55,"column":36}},"loc":{"start":{"line":55,"column":61},"end":{"line":84,"column":5}},"line":55},"4":{"name":"(anonymous_4)","decl":{"start":{"line":70,"column":12},"end":{"line":70,"column":13}},"loc":{"start":{"line":70,"column":17},"end":{"line":70,"column":40}},"line":70},"5":{"name":"(anonymous_5)","decl":{"start":{"line":89,"column":36},"end":{"line":89,"column":37}},"loc":{"start":{"line":89,"column":56},"end":{"line":92,"column":5}},"line":89},"6":{"name":"(anonymous_6)","decl":{"start":{"line":97,"column":30},"end":{"line":97,"column":31}},"loc":{"start":{"line":97,"column":46},"end":{"line":180,"column":5}},"line":97},"7":{"name":"(anonymous_7)","decl":{"start":{"line":185,"column":30},"end":{"line":185,"column":31}},"loc":{"start":{"line":185,"column":66},"end":{"line":194,"column":5}},"line":185},"8":{"name":"(anonymous_8)","decl":{"start":{"line":196,"column":29},"end":{"line":196,"column":30}},"loc":{"start":{"line":196,"column":65},"end":{"line":204,"column":5}},"line":196},"9":{"name":"(anonymous_9)","decl":{"start":{"line":209,"column":37},"end":{"line":209,"column":38}},"loc":{"start":{"line":209,"column":67},"end":{"line":232,"column":5}},"line":209},"10":{"name":"(anonymous_10)","decl":{"start":{"line":219,"column":12},"end":{"line":219,"column":13}},"loc":{"start":{"line":219,"column":17},"end":{"line":219,"column":40}},"line":219},"11":{"name":"(anonymous_11)","decl":{"start":{"line":237,"column":39},"end":{"line":237,"column":40}},"loc":{"start":{"line":237,"column":52},"end":{"line":243,"column":5}},"line":237},"12":{"name":"(anonymous_12)","decl":{"start":{"line":239,"column":22},"end":{"line":239,"column":23}},"loc":{"start":{"line":239,"column":28},"end":{"line":241,"column":7}},"line":239},"13":{"name":"(anonymous_13)","decl":{"start":{"line":248,"column":28},"end":{"line":248,"column":29}},"loc":{"start":{"line":248,"column":34},"end":{"line":254,"column":5}},"line":248},"14":{"name":"(anonymous_14)","decl":{"start":{"line":259,"column":23},"end":{"line":259,"column":24}},"loc":{"start":{"line":259,"column":34},"end":{"line":261,"column":5}},"line":259}},"branchMap":{"0":{"loc":{"start":{"line":20,"column":6},"end":{"line":22,"column":7}},"type":"if","locations":[{"start":{"line":20,"column":6},"end":{"line":22,"column":7}},{"start":{},"end":{}}],"line":20},"1":{"loc":{"start":{"line":27,"column":6},"end":{"line":29,"column":7}},"type":"if","locations":[{"start":{"line":27,"column":6},"end":{"line":29,"column":7}},{"start":{},"end":{}}],"line":27},"2":{"loc":{"start":{"line":65,"column":8},"end":{"line":79,"column":9}},"type":"if","locations":[{"start":{"line":65,"column":8},"end":{"line":79,"column":9}},{"start":{},"end":{}}],"line":65},"3":{"loc":{"start":{"line":73,"column":10},"end":{"line":78,"column":11}},"type":"if","locations":[{"start":{"line":73,"column":10},"end":{"line":78,"column":11}},{"start":{},"end":{}}],"line":73},"4":{"loc":{"start":{"line":73,"column":14},"end":{"line":73,"column":68}},"type":"binary-expr","locations":[{"start":{"line":73,"column":14},"end":{"line":73,"column":25}},{"start":{"line":73,"column":29},"end":{"line":73,"column":68}}],"line":73},"5":{"loc":{"start":{"line":107,"column":23},"end":{"line":107,"column":44}},"type":"binary-expr","locations":[{"start":{"line":107,"column":23},"end":{"line":107,"column":34}},{"start":{"line":107,"column":38},"end":{"line":107,"column":44}}],"line":107},"6":{"loc":{"start":{"line":108,"column":23},"end":{"line":108,"column":40}},"type":"binary-expr","locations":[{"start":{"line":108,"column":23},"end":{"line":108,"column":34}},{"start":{"line":108,"column":38},"end":{"line":108,"column":40}}],"line":108},"7":{"loc":{"start":{"line":116,"column":8},"end":{"line":122,"column":9}},"type":"if","locations":[{"start":{"line":116,"column":8},"end":{"line":122,"column":9}},{"start":{},"end":{}}],"line":116},"8":{"loc":{"start":{"line":126,"column":8},"end":{"line":135,"column":9}},"type":"if","locations":[{"start":{"line":126,"column":8},"end":{"line":135,"column":9}},{"start":{},"end":{}}],"line":126},"9":{"loc":{"start":{"line":138,"column":8},"end":{"line":160,"column":9}},"type":"if","locations":[{"start":{"line":138,"column":8},"end":{"line":160,"column":9}},{"start":{},"end":{}}],"line":138},"10":{"loc":{"start":{"line":154,"column":12},"end":{"line":156,"column":13}},"type":"if","locations":[{"start":{"line":154,"column":12},"end":{"line":156,"column":13}},{"start":{},"end":{}}],"line":154},"11":{"loc":{"start":{"line":187,"column":6},"end":{"line":193,"column":7}},"type":"if","locations":[{"start":{"line":187,"column":6},"end":{"line":193,"column":7}},{"start":{},"end":{}}],"line":187},"12":{"loc":{"start":{"line":198,"column":6},"end":{"line":203,"column":7}},"type":"if","locations":[{"start":{"line":198,"column":6},"end":{"line":203,"column":7}},{"start":{},"end":{}}],"line":198},"13":{"loc":{"start":{"line":214,"column":8},"end":{"line":228,"column":9}},"type":"if","locations":[{"start":{"line":214,"column":8},"end":{"line":228,"column":9}},{"start":{},"end":{}}],"line":214},"14":{"loc":{"start":{"line":222,"column":10},"end":{"line":227,"column":11}},"type":"if","locations":[{"start":{"line":222,"column":10},"end":{"line":227,"column":11}},{"start":{},"end":{}}],"line":222},"15":{"loc":{"start":{"line":222,"column":14},"end":{"line":222,"column":68}},"type":"binary-expr","locations":[{"start":{"line":222,"column":14},"end":{"line":222,"column":25}},{"start":{"line":222,"column":29},"end":{"line":222,"column":68}}],"line":222}},"s":{"0":0,"1":0,"2":0,"3":0,"4":0,"5":0,"6":0,"7":0,"8":0,"9":0,"10":0,"11":0,"12":0,"13":0,"14":0,"15":0,"16":0,"17":0,"18":0,"19":0,"20":0,"21":0,"22":0,"23":0,"24":0,"25":0,"26":0,"27":0,"28":0,"29":0,"30":0,"31":0,"32":0,"33":0,"34":0,"35":0,"36":0,"37":0,"38":0,"39":0,"40":0,"41":0,"42":0,"43":0,"44":0,"45":0,"46":0,"47":0,"48":0,"49":0,"50":0,"51":0,"52":0,"53":0,"54":0,"55":0,"56":0,"57":0,"58":0,"59":0,"60":0,"61":0,"62":0,"63":0,"64":0,"65":0,"66":0,"67":0,"68":0,"69":0,"70":0,"71":0,"72":0,"73":0,"74":0,"75":0,"76":0,"77":0,"78":0,"79":0,"80":0,"81":0,"82":0,"83":0,"84":0,"85":0,"86":0,"87":0,"88":0,"89":0,"90":0,"91":0,"92":0,"93":0,"94":0,"95":0},"f":{"0":0,"1":0,"2":0,"3":0,"4":0,"5":0,"6":0,"7":0,"8":0,"9":0,"10":0,"11":0,"12":0,"13":0,"14":0},"b":{"0":[0,0],"1":[0,0],"2":[0,0],"3":[0,0],"4":[0,0],"5":[0,0],"6":[0,0],"7":[0,0],"8":[0,0],"9":[0,0],"10":[0,0],"11":[0,0],"12":[0,0],"13":[0,0],"14":[0,0],"15":[0,0]}}
}
