TN:
SF:src\app.js
FN:79,(anonymous_0)
FN:91,(anonymous_1)
FN:97,(anonymous_2)
FN:102,(anonymous_3)
FN:107,(anonymous_4)
FN:112,(anonymous_5)
FN:117,(anonymous_6)
FN:122,(anonymous_7)
FN:127,(anonymous_8)
FN:132,(anonymous_9)
FN:137,(anonymous_10)
FN:142,(anonymous_11)
FN:147,(anonymous_12)
FN:152,(anonymous_13)
FN:157,(anonymous_14)
FN:162,(anonymous_15)
FN:167,(anonymous_16)
FN:172,(anonymous_17)
FN:177,(anonymous_18)
FN:182,(anonymous_19)
FN:187,(anonymous_20)
FN:192,(anonymous_21)
FN:197,(anonymous_22)
FN:202,(anonymous_23)
FN:207,(anonymous_24)
FN:212,(anonymous_25)
FN:217,(anonymous_26)
FN:224,(anonymous_27)
FN:228,(anonymous_28)
FN:232,(anonymous_29)
FN:236,(anonymous_30)
FN:240,(anonymous_31)
FN:244,(anonymous_32)
FN:248,(anonymous_33)
FN:252,(anonymous_34)
FN:257,(anonymous_35)
FN:262,(anonymous_36)
FNF:37
FNH:0
FNDA:0,(anonymous_0)
FNDA:0,(anonymous_1)
FNDA:0,(anonymous_2)
FNDA:0,(anonymous_3)
FNDA:0,(anonymous_4)
FNDA:0,(anonymous_5)
FNDA:0,(anonymous_6)
FNDA:0,(anonymous_7)
FNDA:0,(anonymous_8)
FNDA:0,(anonymous_9)
FNDA:0,(anonymous_10)
FNDA:0,(anonymous_11)
FNDA:0,(anonymous_12)
FNDA:0,(anonymous_13)
FNDA:0,(anonymous_14)
FNDA:0,(anonymous_15)
FNDA:0,(anonymous_16)
FNDA:0,(anonymous_17)
FNDA:0,(anonymous_18)
FNDA:0,(anonymous_19)
FNDA:0,(anonymous_20)
FNDA:0,(anonymous_21)
FNDA:0,(anonymous_22)
FNDA:0,(anonymous_23)
FNDA:0,(anonymous_24)
FNDA:0,(anonymous_25)
FNDA:0,(anonymous_26)
FNDA:0,(anonymous_27)
FNDA:0,(anonymous_28)
FNDA:0,(anonymous_29)
FNDA:0,(anonymous_30)
FNDA:0,(anonymous_31)
FNDA:0,(anonymous_32)
FNDA:0,(anonymous_33)
FNDA:0,(anonymous_34)
FNDA:0,(anonymous_35)
FNDA:0,(anonymous_36)
DA:1,0
DA:2,0
DA:3,0
DA:4,0
DA:5,0
DA:6,0
DA:7,0
DA:8,0
DA:9,0
DA:10,0
DA:12,0
DA:15,0
DA:20,0
DA:26,0
DA:27,0
DA:30,0
DA:33,0
DA:45,0
DA:46,0
DA:49,0
DA:52,0
DA:53,0
DA:57,0
DA:60,0
DA:63,0
DA:64,0
DA:65,0
DA:66,0
DA:67,0
DA:68,0
DA:69,0
DA:70,0
DA:71,0
DA:72,0
DA:73,0
DA:74,0
DA:75,0
DA:76,0
DA:79,0
DA:80,0
DA:81,0
DA:82,0
DA:84,0
DA:91,0
DA:92,0
DA:93,0
DA:97,0
DA:98,0
DA:102,0
DA:103,0
DA:107,0
DA:108,0
DA:112,0
DA:113,0
DA:117,0
DA:118,0
DA:122,0
DA:123,0
DA:127,0
DA:128,0
DA:132,0
DA:133,0
DA:137,0
DA:138,0
DA:142,0
DA:143,0
DA:147,0
DA:148,0
DA:152,0
DA:153,0
DA:157,0
DA:158,0
DA:162,0
DA:163,0
DA:167,0
DA:168,0
DA:172,0
DA:173,0
DA:177,0
DA:178,0
DA:182,0
DA:183,0
DA:187,0
DA:188,0
DA:192,0
DA:193,0
DA:197,0
DA:198,0
DA:202,0
DA:203,0
DA:207,0
DA:208,0
DA:212,0
DA:213,0
DA:217,0
DA:218,0
DA:224,0
DA:225,0
DA:228,0
DA:229,0
DA:232,0
DA:233,0
DA:236,0
DA:237,0
DA:240,0
DA:241,0
DA:244,0
DA:245,0
DA:248,0
DA:249,0
DA:252,0
DA:253,0
DA:257,0
DA:258,0
DA:262,0
DA:264,0
DA:265,0
DA:268,0
DA:269,0
DA:270,0
DA:274,0
DA:276,0
LF:122
LH:0
BRDA:21,0,0,0
BRDA:21,0,1,0
BRDA:34,1,0,0
BRDA:34,1,1,0
BRDA:52,2,0,0
BRDA:52,2,1,0
BRDA:81,3,0,0
BRDA:81,3,1,0
BRDA:82,4,0,0
BRDA:82,4,1,0
BRDA:264,5,0,0
BRDA:264,5,1,0
BRF:12
BRH:0
end_of_record
TN:
SF:src\config\cloudinary.js
FN:24,(anonymous_0)
FN:56,(anonymous_1)
FN:73,(anonymous_2)
FN:75,(anonymous_3)
FN:80,(anonymous_4)
FN:81,(anonymous_5)
FNF:6
FNH:0
FNDA:0,(anonymous_0)
FNDA:0,(anonymous_1)
FNDA:0,(anonymous_2)
FNDA:0,(anonymous_3)
FNDA:0,(anonymous_4)
FNDA:0,(anonymous_5)
DA:8,2
DA:11,2
DA:24,2
DA:25,0
DA:26,0
DA:36,0
DA:38,0
DA:46,0
DA:47,0
DA:56,2
DA:57,0
DA:58,0
DA:59,0
DA:60,0
DA:62,0
DA:63,0
DA:73,2
DA:74,0
DA:75,0
DA:76,0
DA:79,0
DA:80,0
DA:81,0
DA:82,0
DA:86,0
DA:88,0
DA:89,0
DA:93,2
LF:28
LH:6
BRDA:24,0,0,0
BRDA:73,1,0,0
BRDA:82,2,0,0
BRDA:82,2,1,0
BRF:4
BRH:0
end_of_record
TN:
SF:src\config\colors.js
FNF:0
FNH:0
DA:1,0
LF:1
LH:0
BRF:0
BRH:0
end_of_record
TN:
SF:src\config\database.js
FN:14,(anonymous_0)
FN:31,(anonymous_1)
FN:35,(anonymous_2)
FNF:3
FNH:0
FNDA:0,(anonymous_0)
FNDA:0,(anonymous_1)
FNDA:0,(anonymous_2)
DA:8,0
DA:9,0
DA:14,0
DA:15,0
DA:16,0
DA:22,0
DA:23,0
DA:25,0
DA:26,0
DA:31,0
DA:32,0
DA:35,0
DA:36,0
DA:39,0
LF:14
LH:0
BRF:0
BRH:0
end_of_record
TN:
SF:src\config\passport.js
FN:6,(anonymous_0)
FN:10,(anonymous_1)
FN:27,(anonymous_2)
FNF:3
FNH:0
FNDA:0,(anonymous_0)
FNDA:0,(anonymous_1)
FNDA:0,(anonymous_2)
DA:1,0
DA:2,0
DA:3,0
DA:6,0
DA:7,0
DA:10,0
DA:11,0
DA:12,0
DA:13,0
DA:15,0
DA:20,0
DA:28,0
DA:30,0
DA:34,0
DA:36,0
DA:37,0
DA:38,0
DA:39,0
DA:40,0
DA:43,0
DA:54,0
DA:56,0
DA:57,0
DA:63,0
LF:24
LH:0
BRDA:25,0,0,0
BRDA:25,0,1,0
BRDA:34,1,0,0
BRDA:34,1,1,0
BRF:4
BRH:0
end_of_record
TN:
SF:src\controllers\adminController.js
FN:20,(anonymous_0)
FN:112,(anonymous_1)
FN:134,(anonymous_2)
FN:155,(anonymous_3)
FN:178,(anonymous_4)
FN:189,(anonymous_5)
FN:200,(anonymous_6)
FN:212,(anonymous_7)
FN:228,(anonymous_8)
FN:249,(anonymous_9)
FN:270,(anonymous_10)
FN:330,(anonymous_11)
FN:390,(anonymous_12)
FN:426,(anonymous_13)
FN:462,(anonymous_14)
FN:487,(anonymous_15)
FN:498,(anonymous_16)
FN:519,(anonymous_17)
FN:540,(anonymous_18)
FN:554,(anonymous_19)
FN:562,(anonymous_20)
FN:581,(anonymous_21)
FN:642,(anonymous_22)
FN:669,(anonymous_23)
FN:715,(anonymous_24)
FN:764,(anonymous_25)
FN:795,(anonymous_26)
FN:822,(anonymous_27)
FNF:28
FNH:0
FNDA:0,(anonymous_0)
FNDA:0,(anonymous_1)
FNDA:0,(anonymous_2)
FNDA:0,(anonymous_3)
FNDA:0,(anonymous_4)
FNDA:0,(anonymous_5)
FNDA:0,(anonymous_6)
FNDA:0,(anonymous_7)
FNDA:0,(anonymous_8)
FNDA:0,(anonymous_9)
FNDA:0,(anonymous_10)
FNDA:0,(anonymous_11)
FNDA:0,(anonymous_12)
FNDA:0,(anonymous_13)
FNDA:0,(anonymous_14)
FNDA:0,(anonymous_15)
FNDA:0,(anonymous_16)
FNDA:0,(anonymous_17)
FNDA:0,(anonymous_18)
FNDA:0,(anonymous_19)
FNDA:0,(anonymous_20)
FNDA:0,(anonymous_21)
FNDA:0,(anonymous_22)
FNDA:0,(anonymous_23)
FNDA:0,(anonymous_24)
FNDA:0,(anonymous_25)
FNDA:0,(anonymous_26)
FNDA:0,(anonymous_27)
DA:8,0
DA:9,0
DA:10,0
DA:11,0
DA:12,0
DA:13,0
DA:20,0
DA:21,0
DA:23,0
DA:26,0
DA:29,0
DA:32,0
DA:44,0
DA:47,0
DA:48,0
DA:49,0
DA:51,0
DA:54,0
DA:57,0
DA:61,0
DA:64,0
DA:67,0
DA:71,0
DA:74,0
DA:77,0
DA:81,0
DA:103,0
DA:112,0
DA:113,0
DA:114,0
DA:120,0
DA:125,0
DA:134,0
DA:135,0
DA:136,0
DA:141,0
DA:146,0
DA:155,0
DA:156,0
DA:158,0
DA:163,0
DA:169,0
DA:176,0
DA:178,0
DA:179,0
DA:189,0
DA:190,0
DA:200,0
DA:201,0
DA:212,0
DA:214,0
DA:219,0
DA:228,0
DA:229,0
DA:230,0
DA:234,0
DA:240,0
DA:249,0
DA:250,0
DA:251,0
DA:255,0
DA:261,0
DA:270,0
DA:271,0
DA:272,0
DA:273,0
DA:275,0
DA:286,0
DA:287,0
DA:293,0
DA:294,0
DA:295,0
DA:298,0
DA:299,0
DA:300,0
DA:308,0
DA:310,0
DA:314,0
DA:320,0
DA:321,0
DA:330,0
DA:331,0
DA:332,0
DA:333,0
DA:335,0
DA:337,0
DA:347,0
DA:348,0
DA:354,0
DA:357,0
DA:358,0
DA:359,0
DA:360,0
DA:368,0
DA:370,0
DA:374,0
DA:380,0
DA:381,0
DA:390,0
DA:391,0
DA:392,0
DA:394,0
DA:396,0
DA:397,0
DA:403,0
DA:405,0
DA:411,0
DA:412,0
DA:426,0
DA:427,0
DA:428,0
DA:431,0
DA:432,0
DA:433,0
DA:435,0
DA:441,0
DA:442,0
DA:448,0
DA:453,0
DA:462,0
DA:463,0
DA:464,0
DA:466,0
DA:467,0
DA:473,0
DA:478,0
DA:487,0
DA:488,0
DA:489,0
DA:492,0
DA:498,0
DA:499,0
DA:512,0
DA:519,0
DA:520,0
DA:533,0
DA:540,0
DA:541,0
DA:554,0
DA:557,0
DA:559,0
DA:562,0
DA:566,0
DA:581,0
DA:582,0
DA:592,0
DA:595,0
DA:597,0
DA:598,0
DA:599,0
DA:602,0
DA:603,0
DA:611,0
DA:612,0
DA:615,0
DA:622,0
DA:624,0
DA:633,0
DA:642,0
DA:643,0
DA:644,0
DA:648,0
DA:649,0
DA:655,0
DA:660,0
DA:669,0
DA:670,0
DA:671,0
DA:673,0
DA:675,0
DA:676,0
DA:683,0
DA:684,0
DA:687,0
DA:688,0
DA:689,0
DA:694,0
DA:695,0
DA:698,0
DA:700,0
DA:706,0
DA:715,0
DA:716,0
DA:717,0
DA:719,0
DA:721,0
DA:722,0
DA:729,0
DA:730,0
DA:731,0
DA:737,0
DA:740,0
DA:741,0
DA:744,0
DA:747,0
DA:749,0
DA:755,0
DA:764,0
DA:765,0
DA:766,0
DA:768,0
DA:770,0
DA:771,0
DA:777,0
DA:778,0
DA:780,0
DA:786,0
DA:795,0
DA:796,0
DA:797,0
DA:799,0
DA:800,0
DA:806,0
DA:808,0
DA:813,0
DA:822,0
DA:823,0
DA:824,0
DA:826,0
DA:831,0
LF:220
LH:0
BRDA:44,0,0,0
BRDA:44,0,1,0
BRDA:57,1,0,0
BRDA:57,1,1,0
BRDA:67,2,0,0
BRDA:67,2,1,0
BRDA:77,3,0,0
BRDA:77,3,1,0
BRDA:192,4,0,0
BRDA:192,4,1,0
BRDA:203,5,0,0
BRDA:203,5,1,0
BRDA:286,6,0,0
BRDA:286,6,1,0
BRDA:298,7,0,0
BRDA:298,7,1,0
BRDA:298,8,0,0
BRDA:298,8,1,0
BRDA:347,9,0,0
BRDA:347,9,1,0
BRDA:357,10,0,0
BRDA:357,10,1,0
BRDA:357,11,0,0
BRDA:357,11,1,0
BRDA:359,12,0,0
BRDA:359,12,1,0
BRDA:396,13,0,0
BRDA:396,13,1,0
BRDA:432,14,0,0
BRDA:432,14,1,0
BRDA:433,15,0,0
BRDA:433,15,1,0
BRDA:441,16,0,0
BRDA:441,16,1,0
BRDA:466,17,0,0
BRDA:466,17,1,0
BRDA:503,18,0,0
BRDA:503,18,1,0
BRDA:505,19,0,0
BRDA:505,19,1,0
BRDA:524,20,0,0
BRDA:524,20,1,0
BRDA:526,21,0,0
BRDA:526,21,1,0
BRDA:545,22,0,0
BRDA:545,22,1,0
BRDA:547,23,0,0
BRDA:547,23,1,0
BRDA:588,24,0,0
BRDA:589,25,0,0
BRDA:590,26,0,0
BRDA:591,27,0,0
BRDA:597,28,0,0
BRDA:597,28,1,0
BRDA:598,29,0,0
BRDA:598,29,1,0
BRDA:599,30,0,0
BRDA:599,30,1,0
BRDA:602,31,0,0
BRDA:602,31,1,0
BRDA:612,32,0,0
BRDA:612,32,1,0
BRDA:648,33,0,0
BRDA:648,33,1,0
BRDA:675,34,0,0
BRDA:675,34,1,0
BRDA:683,35,0,0
BRDA:683,35,1,0
BRDA:687,36,0,0
BRDA:687,36,1,0
BRDA:687,37,0,0
BRDA:687,37,1,0
BRDA:694,38,0,0
BRDA:694,38,1,0
BRDA:721,39,0,0
BRDA:721,39,1,0
BRDA:730,40,0,0
BRDA:730,40,1,0
BRDA:730,41,0,0
BRDA:730,41,1,0
BRDA:740,42,0,0
BRDA:740,42,1,0
BRDA:770,43,0,0
BRDA:770,43,1,0
BRDA:799,44,0,0
BRDA:799,44,1,0
BRF:86
BRH:0
end_of_record
TN:
SF:src\controllers\aiController.js
FN:16,(anonymous_0)
FN:28,(anonymous_1)
FN:67,(anonymous_2)
FN:95,(anonymous_3)
FN:125,(anonymous_4)
FN:155,(anonymous_5)
FN:212,(anonymous_6)
FN:231,(anonymous_7)
FN:237,(anonymous_8)
FN:300,(anonymous_9)
FN:364,(anonymous_10)
FN:394,(anonymous_11)
FN:421,(anonymous_12)
FN:448,(anonymous_13)
FNF:14
FNH:0
FNDA:0,(anonymous_0)
FNDA:0,(anonymous_1)
FNDA:0,(anonymous_2)
FNDA:0,(anonymous_3)
FNDA:0,(anonymous_4)
FNDA:0,(anonymous_5)
FNDA:0,(anonymous_6)
FNDA:0,(anonymous_7)
FNDA:0,(anonymous_8)
FNDA:0,(anonymous_9)
FNDA:0,(anonymous_10)
FNDA:0,(anonymous_11)
FNDA:0,(anonymous_12)
FNDA:0,(anonymous_13)
DA:8,0
DA:9,0
DA:16,0
DA:17,0
DA:18,0
DA:20,0
DA:21,0
DA:28,0
DA:33,0
DA:36,0
DA:37,0
DA:48,0
DA:58,0
DA:67,0
DA:68,0
DA:69,0
DA:71,0
DA:78,0
DA:86,0
DA:95,0
DA:96,0
DA:97,0
DA:99,0
DA:100,0
DA:106,0
DA:108,0
DA:116,0
DA:125,0
DA:126,0
DA:127,0
DA:129,0
DA:130,0
DA:136,0
DA:138,0
DA:146,0
DA:155,0
DA:156,0
DA:157,0
DA:159,0
DA:160,0
DA:167,0
DA:170,0
DA:171,0
DA:174,0
DA:175,0
DA:179,0
DA:180,0
DA:181,0
DA:182,0
DA:186,0
DA:187,0
DA:188,0
DA:189,0
DA:194,0
DA:195,0
DA:196,0
DA:197,0
DA:201,0
DA:202,0
DA:203,0
DA:205,0
DA:212,0
DA:217,0
DA:220,0
DA:221,0
DA:222,0
DA:224,0
DA:226,0
DA:227,0
DA:230,0
DA:231,0
DA:234,0
DA:237,0
DA:238,0
DA:247,0
DA:254,0
DA:261,0
DA:262,0
DA:268,0
DA:270,0
DA:277,0
DA:291,0
DA:300,0
DA:301,0
DA:302,0
DA:304,0
DA:305,0
DA:312,0
DA:314,0
DA:319,0
DA:320,0
DA:324,0
DA:325,0
DA:328,0
DA:333,0
DA:344,0
DA:346,0
DA:355,0
DA:364,0
DA:365,0
DA:366,0
DA:368,0
DA:369,0
DA:375,0
DA:377,0
DA:385,0
DA:394,0
DA:395,0
DA:396,0
DA:398,0
DA:399,0
DA:405,0
DA:407,0
DA:409,0
DA:411,0
DA:412,0
DA:421,0
DA:422,0
DA:423,0
DA:425,0
DA:426,0
DA:432,0
DA:434,0
DA:436,0
DA:438,0
DA:439,0
DA:448,0
DA:449,0
DA:450,0
DA:452,0
DA:453,0
DA:459,0
DA:461,0
DA:466,0
DA:467,0
DA:471,0
LF:136
LH:0
BRDA:20,0,0,0
BRDA:20,0,1,0
BRDA:28,1,0,0
BRDA:28,1,1,0
BRDA:29,2,0,0
BRDA:29,2,1,0
BRDA:36,3,0,0
BRDA:36,3,1,0
BRDA:36,4,0,0
BRDA:36,4,1,0
BRDA:41,5,0,0
BRDA:41,5,1,0
BRDA:42,6,0,0
BRDA:42,6,1,0
BRDA:50,7,0,0
BRDA:50,7,1,0
BRDA:99,8,0,0
BRDA:99,8,1,0
BRDA:129,9,0,0
BRDA:129,9,1,0
BRDA:159,10,0,0
BRDA:159,10,1,0
BRDA:180,11,0,0
BRDA:180,11,1,0
BRDA:187,12,0,0
BRDA:187,12,1,0
BRDA:195,13,0,0
BRDA:195,13,1,0
BRDA:201,14,0,0
BRDA:201,14,1,0
BRDA:202,15,0,0
BRDA:202,15,1,0
BRDA:202,16,0,0
BRDA:202,16,1,0
BRDA:203,17,0,0
BRDA:203,17,1,0
BRDA:203,18,0,0
BRDA:203,18,1,0
BRDA:212,19,0,0
BRDA:212,19,1,0
BRDA:213,20,0,0
BRDA:213,20,1,0
BRDA:222,21,0,0
BRDA:222,21,1,0
BRDA:224,22,0,0
BRDA:224,22,1,0
BRDA:224,23,0,0
BRDA:224,23,1,0
BRDA:249,24,0,0
BRDA:249,24,1,0
BRDA:261,25,0,0
BRDA:261,25,1,0
BRDA:268,26,0,0
BRDA:268,26,1,0
BRDA:268,27,0,0
BRDA:268,27,1,0
BRDA:283,28,0,0
BRDA:283,28,1,0
BRDA:284,29,0,0
BRDA:284,29,1,0
BRDA:304,30,0,0
BRDA:304,30,1,0
BRDA:304,31,0,0
BRDA:304,31,1,0
BRDA:304,31,2,0
BRDA:319,32,0,0
BRDA:319,32,1,0
BRDA:324,33,0,0
BRDA:324,33,1,0
BRDA:368,34,0,0
BRDA:368,34,1,0
BRDA:398,35,0,0
BRDA:398,35,1,0
BRDA:407,36,0,0
BRDA:407,36,1,0
BRDA:425,37,0,0
BRDA:425,37,1,0
BRDA:434,38,0,0
BRDA:434,38,1,0
BRDA:452,39,0,0
BRDA:452,39,1,0
BRF:81
BRH:0
end_of_record
TN:
SF:src\controllers\authController.js
FN:16,(anonymous_0)
FN:54,(anonymous_1)
FN:122,(anonymous_2)
FN:141,(anonymous_3)
FN:150,(anonymous_4)
FN:175,(anonymous_5)
FN:202,(anonymous_6)
FN:223,(anonymous_7)
FN:267,(anonymous_8)
FN:325,(anonymous_9)
FN:365,(anonymous_10)
FN:403,(anonymous_11)
FN:446,(anonymous_12)
FN:469,(anonymous_13)
FN:504,(anonymous_14)
FN:553,(anonymous_15)
FN:563,(anonymous_16)
FN:631,(anonymous_17)
FNF:18
FNH:0
FNDA:0,(anonymous_0)
FNDA:0,(anonymous_1)
FNDA:0,(anonymous_2)
FNDA:0,(anonymous_3)
FNDA:0,(anonymous_4)
FNDA:0,(anonymous_5)
FNDA:0,(anonymous_6)
FNDA:0,(anonymous_7)
FNDA:0,(anonymous_8)
FNDA:0,(anonymous_9)
FNDA:0,(anonymous_10)
FNDA:0,(anonymous_11)
FNDA:0,(anonymous_12)
FNDA:0,(anonymous_13)
FNDA:0,(anonymous_14)
FNDA:0,(anonymous_15)
FNDA:0,(anonymous_16)
FNDA:0,(anonymous_17)
DA:8,0
DA:9,0
DA:16,0
DA:17,0
DA:18,0
DA:21,0
DA:22,0
DA:23,0
DA:30,0
DA:39,0
DA:45,0
DA:54,0
DA:55,0
DA:56,0
DA:59,0
DA:60,0
DA:67,0
DA:69,0
DA:70,0
DA:77,0
DA:79,0
DA:80,0
DA:87,0
DA:89,0
DA:94,0
DA:95,0
DA:98,0
DA:113,0
DA:122,0
DA:123,0
DA:125,0
DA:127,0
DA:132,0
DA:141,0
DA:142,0
DA:143,0
DA:150,0
DA:151,0
DA:155,0
DA:161,0
DA:166,0
DA:175,0
DA:176,0
DA:178,0
DA:181,0
DA:182,0
DA:188,0
DA:189,0
DA:191,0
DA:193,0
DA:202,0
DA:203,0
DA:204,0
DA:209,0
DA:214,0
DA:223,0
DA:224,0
DA:225,0
DA:227,0
DA:228,0
DA:229,0
DA:236,0
DA:237,0
DA:238,0
DA:239,0
DA:240,0
DA:242,0
DA:244,0
DA:258,0
DA:267,0
DA:268,0
DA:269,0
DA:271,0
DA:272,0
DA:279,0
DA:280,0
DA:281,0
DA:282,0
DA:284,0
DA:285,0
DA:291,0
DA:292,0
DA:293,0
DA:299,0
DA:301,0
DA:308,0
DA:310,0
DA:316,0
DA:325,0
DA:326,0
DA:327,0
DA:329,0
DA:330,0
DA:336,0
DA:339,0
DA:340,0
DA:341,0
DA:348,0
DA:349,0
DA:351,0
DA:356,0
DA:365,0
DA:366,0
DA:367,0
DA:369,0
DA:370,0
DA:371,0
DA:378,0
DA:386,0
DA:388,0
DA:394,0
DA:403,0
DA:404,0
DA:405,0
DA:406,0
DA:412,0
DA:415,0
DA:417,0
DA:418,0
DA:419,0
DA:420,0
DA:422,0
DA:424,0
DA:430,0
DA:431,0
DA:437,0
DA:446,0
DA:447,0
DA:448,0
DA:449,0
DA:450,0
DA:457,0
DA:459,0
DA:464,0
DA:469,0
DA:471,0
DA:473,0
DA:480,0
DA:481,0
DA:484,0
DA:504,0
DA:505,0
DA:507,0
DA:509,0
DA:510,0
DA:514,0
DA:516,0
DA:522,0
DA:523,0
DA:527,0
DA:536,0
DA:539,0
DA:543,0
DA:544,0
DA:553,0
DA:554,0
DA:555,0
DA:563,0
DA:564,0
DA:565,0
DA:566,0
DA:569,0
DA:570,0
DA:577,0
DA:578,0
DA:579,0
DA:586,0
DA:587,0
DA:594,0
DA:595,0
DA:602,0
DA:603,0
DA:604,0
DA:607,0
DA:608,0
DA:609,0
DA:612,0
DA:614,0
DA:621,0
DA:622,0
DA:631,0
DA:632,0
DA:633,0
DA:634,0
DA:637,0
DA:638,0
DA:645,0
DA:646,0
DA:647,0
DA:654,0
DA:655,0
DA:662,0
DA:664,0
DA:665,0
DA:666,0
DA:668,0
DA:675,0
DA:676,0
DA:677,0
DA:684,0
DA:685,0
DA:686,0
DA:687,0
DA:689,0
DA:698,0
DA:699,0
LF:206
LH:0
BRDA:22,0,0,0
BRDA:22,0,1,0
BRDA:59,1,0,0
BRDA:59,1,1,0
BRDA:59,2,0,0
BRDA:59,2,1,0
BRDA:69,3,0,0
BRDA:69,3,1,0
BRDA:79,4,0,0
BRDA:79,4,1,0
BRDA:94,5,0,0
BRDA:94,5,1,0
BRDA:151,6,0,0
BRDA:151,6,1,0
BRDA:181,7,0,0
BRDA:181,7,1,0
BRDA:228,8,0,0
BRDA:228,8,1,0
BRDA:236,9,0,0
BRDA:236,9,1,0
BRDA:237,10,0,0
BRDA:237,10,1,0
BRDA:238,11,0,0
BRDA:238,11,1,0
BRDA:239,12,0,0
BRDA:239,12,1,0
BRDA:240,13,0,0
BRDA:240,13,1,0
BRDA:240,14,0,0
BRDA:240,14,1,0
BRDA:271,15,0,0
BRDA:271,15,1,0
BRDA:271,16,0,0
BRDA:271,16,1,0
BRDA:279,17,0,0
BRDA:279,17,1,0
BRDA:280,18,0,0
BRDA:280,18,1,0
BRDA:281,19,0,0
BRDA:281,19,1,0
BRDA:282,20,0,0
BRDA:282,20,1,0
BRDA:282,20,2,0
BRDA:284,21,0,0
BRDA:284,21,1,0
BRDA:284,22,0,0
BRDA:284,22,1,0
BRDA:284,22,2,0
BRDA:284,22,3,0
BRDA:292,23,0,0
BRDA:292,23,1,0
BRDA:329,24,0,0
BRDA:329,24,1,0
BRDA:329,25,0,0
BRDA:329,25,1,0
BRDA:340,26,0,0
BRDA:340,26,1,0
BRDA:370,27,0,0
BRDA:370,27,1,0
BRDA:379,28,0,0
BRDA:379,28,1,0
BRDA:380,29,0,0
BRDA:380,29,1,0
BRDA:381,30,0,0
BRDA:381,30,1,0
BRDA:382,31,0,0
BRDA:382,31,1,0
BRDA:405,32,0,0
BRDA:405,32,1,0
BRDA:449,33,0,0
BRDA:449,33,1,0
BRDA:480,34,0,0
BRDA:480,34,1,0
BRDA:509,35,0,0
BRDA:509,35,1,0
BRDA:522,36,0,0
BRDA:522,36,1,0
BRDA:569,37,0,0
BRDA:569,37,1,0
BRDA:569,38,0,0
BRDA:569,38,1,0
BRDA:578,39,0,0
BRDA:578,39,1,0
BRDA:586,40,0,0
BRDA:586,40,1,0
BRDA:594,41,0,0
BRDA:594,41,1,0
BRDA:618,42,0,0
BRDA:618,42,1,0
BRDA:637,43,0,0
BRDA:637,43,1,0
BRDA:637,44,0,0
BRDA:637,44,1,0
BRDA:646,45,0,0
BRDA:646,45,1,0
BRDA:654,46,0,0
BRDA:654,46,1,0
BRDA:654,47,0,0
BRDA:654,47,1,0
BRDA:662,48,0,0
BRDA:662,48,1,0
BRDA:676,49,0,0
BRDA:676,49,1,0
BRF:103
BRH:0
end_of_record
TN:
SF:src\controllers\bookingController.js
FN:11,(anonymous_0)
FN:41,(anonymous_1)
FN:90,(anonymous_2)
FN:197,(anonymous_3)
FN:243,(anonymous_4)
FN:282,(anonymous_5)
FN:379,(anonymous_6)
FN:467,(anonymous_7)
FN:498,(anonymous_8)
FN:504,(anonymous_9)
FN:513,(anonymous_10)
FNF:11
FNH:0
FNDA:0,(anonymous_0)
FNDA:0,(anonymous_1)
FNDA:0,(anonymous_2)
FNDA:0,(anonymous_3)
FNDA:0,(anonymous_4)
FNDA:0,(anonymous_5)
FNDA:0,(anonymous_6)
FNDA:0,(anonymous_7)
FNDA:0,(anonymous_8)
FNDA:0,(anonymous_9)
FNDA:0,(anonymous_10)
DA:1,0
DA:2,0
DA:3,0
DA:4,0
DA:11,0
DA:12,0
DA:13,0
DA:16,0
DA:17,0
DA:18,0
DA:19,0
DA:20,0
DA:21,0
DA:22,0
DA:23,0
DA:27,0
DA:30,0
DA:37,0
DA:40,0
DA:41,0
DA:42,0
DA:43,0
DA:54,0
DA:57,0
DA:65,0
DA:77,0
DA:78,0
DA:90,0
DA:91,0
DA:92,0
DA:95,0
DA:96,0
DA:103,0
DA:104,0
DA:105,0
DA:112,0
DA:113,0
DA:114,0
DA:121,0
DA:128,0
DA:129,0
DA:136,0
DA:149,0
DA:150,0
DA:153,0
DA:154,0
DA:172,0
DA:175,0
DA:181,0
DA:182,0
DA:183,0
DA:184,0
DA:197,0
DA:198,0
DA:199,0
DA:202,0
DA:204,0
DA:205,0
DA:208,0
DA:209,0
DA:210,0
DA:211,0
DA:213,0
DA:214,0
DA:215,0
DA:216,0
DA:220,0
DA:225,0
DA:230,0
DA:231,0
DA:243,0
DA:244,0
DA:245,0
DA:249,0
DA:250,0
DA:257,0
DA:258,0
DA:264,0
DA:269,0
DA:270,0
DA:282,0
DA:283,0
DA:284,0
DA:286,0
DA:287,0
DA:293,0
DA:295,0
DA:296,0
DA:302,0
DA:303,0
DA:304,0
DA:306,0
DA:307,0
DA:310,0
DA:311,0
DA:312,0
DA:313,0
DA:314,0
DA:315,0
DA:316,0
DA:318,0
DA:319,0
DA:320,0
DA:321,0
DA:322,0
DA:323,0
DA:324,0
DA:325,0
DA:326,0
DA:327,0
DA:328,0
DA:329,0
DA:330,0
DA:331,0
DA:332,0
DA:333,0
DA:334,0
DA:335,0
DA:338,0
DA:339,0
DA:356,0
DA:360,0
DA:366,0
DA:367,0
DA:379,0
DA:380,0
DA:381,0
DA:383,0
DA:385,0
DA:386,0
DA:393,0
DA:394,0
DA:401,0
DA:402,0
DA:403,0
DA:408,0
DA:409,0
DA:410,0
DA:414,0
DA:415,0
DA:416,0
DA:432,0
DA:434,0
DA:435,0
DA:438,0
DA:441,0
DA:442,0
DA:444,0
DA:445,0
DA:448,0
DA:454,0
DA:455,0
DA:467,0
DA:468,0
DA:469,0
DA:471,0
DA:472,0
DA:478,0
DA:480,0
DA:485,0
DA:486,0
DA:498,0
DA:499,0
DA:500,0
DA:503,0
DA:504,0
DA:507,0
DA:513,0
DA:527,0
DA:532,0
DA:533,0
LF:171
LH:0
BRDA:13,0,0,0
BRDA:13,1,0,0
BRDA:17,2,0,0
BRDA:17,2,1,0
BRDA:18,3,0,0
BRDA:18,3,1,0
BRDA:40,4,0,0
BRDA:40,4,1,0
BRDA:44,5,0,0
BRDA:44,5,1,0
BRDA:44,5,2,0
BRDA:44,5,3,0
BRDA:44,5,4,0
BRDA:95,6,0,0
BRDA:95,6,1,0
BRDA:95,7,0,0
BRDA:95,7,1,0
BRDA:95,7,2,0
BRDA:95,7,3,0
BRDA:95,7,4,0
BRDA:104,8,0,0
BRDA:104,8,1,0
BRDA:112,9,0,0
BRDA:112,9,1,0
BRDA:128,10,0,0
BRDA:128,10,1,0
BRDA:204,11,0,0
BRDA:204,11,1,0
BRDA:208,12,0,0
BRDA:208,12,1,0
BRDA:208,13,0,0
BRDA:208,13,1,0
BRDA:210,14,0,0
BRDA:210,14,1,0
BRDA:213,15,0,0
BRDA:213,15,1,0
BRDA:249,16,0,0
BRDA:249,16,1,0
BRDA:257,17,0,0
BRDA:257,17,1,0
BRDA:257,18,0,0
BRDA:257,18,1,0
BRDA:286,19,0,0
BRDA:286,19,1,0
BRDA:295,20,0,0
BRDA:295,20,1,0
BRDA:310,21,0,0
BRDA:310,21,1,0
BRDA:310,22,0,0
BRDA:310,22,1,0
BRDA:318,23,0,0
BRDA:318,23,1,0
BRDA:324,24,0,0
BRDA:324,24,1,0
BRDA:330,25,0,0
BRDA:330,25,1,0
BRDA:338,26,0,0
BRDA:338,26,1,0
BRDA:385,27,0,0
BRDA:385,27,1,0
BRDA:393,28,0,0
BRDA:393,28,1,0
BRDA:393,29,0,0
BRDA:393,29,1,0
BRDA:401,30,0,0
BRDA:401,30,1,0
BRDA:402,31,0,0
BRDA:402,31,1,0
BRDA:409,32,0,0
BRDA:409,32,1,0
BRDA:420,33,0,0
BRDA:420,33,1,0
BRDA:434,34,0,0
BRDA:434,34,1,0
BRDA:441,35,0,0
BRDA:441,35,1,0
BRDA:441,36,0,0
BRDA:441,36,1,0
BRDA:444,37,0,0
BRDA:444,37,1,0
BRDA:444,38,0,0
BRDA:444,38,1,0
BRDA:471,39,0,0
BRDA:471,39,1,0
BRDA:516,40,0,0
BRDA:516,40,1,0
BRDA:516,41,0,0
BRDA:516,41,1,0
BRDA:517,42,0,0
BRDA:517,42,1,0
BRDA:517,43,0,0
BRDA:517,43,1,0
BRDA:518,44,0,0
BRDA:518,44,1,0
BRDA:519,45,0,0
BRDA:519,45,1,0
BRDA:520,46,0,0
BRDA:520,46,1,0
BRDA:521,47,0,0
BRDA:521,47,1,0
BRF:100
BRH:0
end_of_record
TN:
SF:src\controllers\chatController.js
FN:15,(anonymous_0)
FN:30,(anonymous_1)
FN:32,(anonymous_2)
FN:75,(anonymous_3)
FN:135,(anonymous_4)
FN:204,(anonymous_5)
FN:299,(anonymous_6)
FN:338,(anonymous_7)
FN:362,(anonymous_8)
FN:385,(anonymous_9)
FNF:10
FNH:0
FNDA:0,(anonymous_0)
FNDA:0,(anonymous_1)
FNDA:0,(anonymous_2)
FNDA:0,(anonymous_3)
FNDA:0,(anonymous_4)
FNDA:0,(anonymous_5)
FNDA:0,(anonymous_6)
FNDA:0,(anonymous_7)
FNDA:0,(anonymous_8)
FNDA:0,(anonymous_9)
DA:8,0
DA:15,0
DA:16,0
DA:17,0
DA:19,0
DA:30,0
DA:31,0
DA:32,0
DA:36,0
DA:37,0
DA:38,0
DA:39,0
DA:40,0
DA:41,0
DA:45,0
DA:57,0
DA:62,0
DA:63,0
DA:75,0
DA:76,0
DA:77,0
DA:78,0
DA:80,0
DA:81,0
DA:88,0
DA:89,0
DA:90,0
DA:97,0
DA:104,0
DA:105,0
DA:113,0
DA:114,0
DA:115,0
DA:117,0
DA:122,0
DA:123,0
DA:135,0
DA:136,0
DA:137,0
DA:138,0
DA:139,0
DA:142,0
DA:147,0
DA:148,0
DA:154,0
DA:156,0
DA:170,0
DA:177,0
DA:178,0
DA:180,0
DA:191,0
DA:192,0
DA:204,0
DA:205,0
DA:206,0
DA:207,0
DA:209,0
DA:210,0
DA:216,0
DA:217,0
DA:224,0
DA:233,0
DA:234,0
DA:237,0
DA:238,0
DA:239,0
DA:240,0
DA:241,0
DA:245,0
DA:246,0
DA:247,0
DA:248,0
DA:258,0
DA:259,0
DA:260,0
DA:276,0
DA:281,0
DA:286,0
DA:287,0
DA:299,0
DA:300,0
DA:301,0
DA:302,0
DA:304,0
DA:309,0
DA:310,0
DA:317,0
DA:318,0
DA:320,0
DA:325,0
DA:326,0
DA:338,0
DA:339,0
DA:340,0
DA:342,0
DA:344,0
DA:349,0
DA:350,0
DA:362,0
DA:363,0
DA:364,0
DA:365,0
DA:367,0
DA:368,0
DA:375,0
DA:384,0
DA:385,0
DA:392,0
DA:400,0
DA:401,0
LF:110
LH:0
BRDA:37,0,0,0
BRDA:37,0,1,0
BRDA:38,1,0,0
BRDA:38,1,1,0
BRDA:39,2,0,0
BRDA:39,2,1,0
BRDA:40,3,0,0
BRDA:40,3,1,0
BRDA:41,4,0,0
BRDA:41,4,1,0
BRDA:80,5,0,0
BRDA:80,5,1,0
BRDA:89,6,0,0
BRDA:89,6,1,0
BRDA:104,7,0,0
BRDA:104,7,1,0
BRDA:107,8,0,0
BRDA:107,8,1,0
BRDA:139,9,0,0
BRDA:139,10,0,0
BRDA:147,11,0,0
BRDA:147,11,1,0
BRDA:209,12,0,0
BRDA:209,12,1,0
BRDA:209,13,0,0
BRDA:209,13,1,0
BRDA:216,14,0,0
BRDA:216,14,1,0
BRDA:216,15,0,0
BRDA:216,15,1,0
BRDA:216,15,2,0
BRDA:229,16,0,0
BRDA:229,16,1,0
BRDA:230,17,0,0
BRDA:230,17,1,0
BRDA:238,18,0,0
BRDA:238,18,1,0
BRDA:245,19,0,0
BRDA:245,19,1,0
BRDA:245,20,0,0
BRDA:245,20,1,0
BRDA:247,21,0,0
BRDA:247,21,1,0
BRDA:259,22,0,0
BRDA:259,22,1,0
BRDA:259,23,0,0
BRDA:259,23,1,0
BRDA:309,24,0,0
BRDA:309,24,1,0
BRDA:367,25,0,0
BRDA:367,25,1,0
BRF:51
BRH:0
end_of_record
TN:
SF:src\controllers\contactController.js
FN:15,(anonymous_0)
FN:50,(anonymous_1)
FNF:2
FNH:0
FNDA:0,(anonymous_0)
FNDA:0,(anonymous_1)
DA:8,0
DA:15,0
DA:16,0
DA:17,0
DA:20,0
DA:21,0
DA:28,0
DA:29,0
DA:32,0
DA:42,0
DA:49,0
DA:50,0
DA:51,0
DA:57,0
LF:14
LH:0
BRDA:20,0,0,0
BRDA:20,0,1,0
BRDA:20,1,0,0
BRDA:20,1,1,0
BRDA:20,1,2,0
BRDA:20,1,3,0
BRDA:20,1,4,0
BRDA:28,2,0,0
BRDA:28,2,1,0
BRDA:49,3,0,0
BRDA:49,3,1,0
BRF:11
BRH:0
end_of_record
TN:
SF:src\controllers\favoriteController.js
FN:17,(anonymous_0)
FN:73,(anonymous_1)
FN:98,(anonymous_2)
FN:120,(anonymous_3)
FN:143,(anonymous_4)
FN:169,(anonymous_5)
FNF:6
FNH:0
FNDA:0,(anonymous_0)
FNDA:0,(anonymous_1)
FNDA:0,(anonymous_2)
FNDA:0,(anonymous_3)
FNDA:0,(anonymous_4)
FNDA:0,(anonymous_5)
DA:8,0
DA:9,0
DA:10,0
DA:17,0
DA:18,0
DA:19,0
DA:20,0
DA:23,0
DA:24,0
DA:31,0
DA:32,0
DA:33,0
DA:40,0
DA:43,0
DA:44,0
DA:51,0
DA:52,0
DA:54,0
DA:60,0
DA:61,0
DA:73,0
DA:74,0
DA:75,0
DA:76,0
DA:79,0
DA:80,0
DA:87,0
DA:90,0
DA:91,0
DA:98,0
DA:99,0
DA:101,0
DA:107,0
DA:108,0
DA:120,0
DA:121,0
DA:122,0
DA:123,0
DA:125,0
DA:126,0
DA:128,0
DA:134,0
DA:143,0
DA:144,0
DA:145,0
DA:148,0
DA:154,0
DA:160,0
DA:169,0
DA:170,0
DA:171,0
DA:173,0
DA:174,0
DA:175,0
DA:177,0
DA:183,0
LF:56
LH:0
BRDA:23,0,0,0
BRDA:23,0,1,0
BRDA:32,1,0,0
BRDA:32,1,1,0
BRDA:43,2,0,0
BRDA:43,2,1,0
BRDA:79,3,0,0
BRDA:79,3,1,0
BRDA:90,4,0,0
BRDA:90,4,1,0
BRF:10
BRH:0
end_of_record
TN:
SF:src\controllers\locationController.js
FN:14,(anonymous_0)
FN:37,(anonymous_1)
FN:61,(anonymous_2)
FN:84,(anonymous_3)
FN:108,(anonymous_4)
FN:132,(anonymous_5)
FN:154,(anonymous_6)
FN:177,(anonymous_7)
FN:201,(anonymous_8)
FN:225,(anonymous_9)
FNF:10
FNH:0
FNDA:0,(anonymous_0)
FNDA:0,(anonymous_1)
FNDA:0,(anonymous_2)
FNDA:0,(anonymous_3)
FNDA:0,(anonymous_4)
FNDA:0,(anonymous_5)
FNDA:0,(anonymous_6)
FNDA:0,(anonymous_7)
FNDA:0,(anonymous_8)
FNDA:0,(anonymous_9)
DA:8,0
DA:14,0
DA:15,0
DA:16,0
DA:18,0
DA:24,0
DA:25,0
DA:37,0
DA:38,0
DA:39,0
DA:40,0
DA:42,0
DA:44,0
DA:49,0
DA:50,0
DA:61,0
DA:62,0
DA:63,0
DA:65,0
DA:71,0
DA:72,0
DA:84,0
DA:85,0
DA:86,0
DA:87,0
DA:89,0
DA:91,0
DA:96,0
DA:97,0
DA:108,0
DA:109,0
DA:110,0
DA:112,0
DA:114,0
DA:120,0
DA:121,0
DA:132,0
DA:133,0
DA:134,0
DA:136,0
DA:142,0
DA:143,0
DA:154,0
DA:155,0
DA:156,0
DA:158,0
DA:160,0
DA:165,0
DA:166,0
DA:177,0
DA:178,0
DA:179,0
DA:181,0
DA:183,0
DA:189,0
DA:190,0
DA:201,0
DA:202,0
DA:203,0
DA:205,0
DA:207,0
DA:213,0
DA:214,0
DA:225,0
DA:226,0
DA:227,0
DA:229,0
DA:230,0
DA:236,0
DA:238,0
DA:245,0
DA:246,0
LF:72
LH:0
BRDA:27,0,0,0
BRDA:27,0,1,0
BRDA:40,1,0,0
BRDA:40,1,1,0
BRDA:52,2,0,0
BRDA:52,2,1,0
BRDA:74,3,0,0
BRDA:74,3,1,0
BRDA:87,4,0,0
BRDA:87,4,1,0
BRDA:99,5,0,0
BRDA:99,5,1,0
BRDA:123,6,0,0
BRDA:123,6,1,0
BRDA:145,7,0,0
BRDA:145,7,1,0
BRDA:168,8,0,0
BRDA:168,8,1,0
BRDA:192,9,0,0
BRDA:192,9,1,0
BRDA:216,10,0,0
BRDA:216,10,1,0
BRDA:227,11,0,0
BRDA:229,12,0,0
BRDA:229,12,1,0
BRDA:229,13,0,0
BRDA:229,13,1,0
BRDA:248,14,0,0
BRDA:248,14,1,0
BRF:29
BRH:0
end_of_record
TN:
SF:src\controllers\notificationController.js
FN:15,(anonymous_0)
FN:42,(anonymous_1)
FN:79,(anonymous_2)
FN:102,(anonymous_3)
FN:147,(anonymous_4)
FN:186,(anonymous_5)
FN:220,(anonymous_6)
FN:245,(anonymous_7)
FN:280,(anonymous_8)
FN:310,(anonymous_9)
FN:335,(anonymous_10)
FNF:11
FNH:0
FNDA:0,(anonymous_0)
FNDA:0,(anonymous_1)
FNDA:0,(anonymous_2)
FNDA:0,(anonymous_3)
FNDA:0,(anonymous_4)
FNDA:0,(anonymous_5)
FNDA:0,(anonymous_6)
FNDA:0,(anonymous_7)
FNDA:0,(anonymous_8)
FNDA:0,(anonymous_9)
FNDA:0,(anonymous_10)
DA:8,0
DA:15,0
DA:16,0
DA:17,0
DA:18,0
DA:20,0
DA:23,0
DA:24,0
DA:25,0
DA:26,0
DA:29,0
DA:31,0
DA:41,0
DA:42,0
DA:43,0
DA:44,0
DA:45,0
DA:46,0
DA:48,0
DA:49,0
DA:50,0
DA:51,0
DA:52,0
DA:55,0
DA:66,0
DA:67,0
DA:79,0
DA:80,0
DA:81,0
DA:82,0
DA:84,0
DA:89,0
DA:90,0
DA:102,0
DA:103,0
DA:104,0
DA:105,0
DA:107,0
DA:112,0
DA:113,0
DA:120,0
DA:121,0
DA:122,0
DA:123,0
DA:124,0
DA:126,0
DA:127,0
DA:128,0
DA:129,0
DA:130,0
DA:132,0
DA:134,0
DA:135,0
DA:147,0
DA:148,0
DA:149,0
DA:150,0
DA:152,0
DA:161,0
DA:162,0
DA:168,0
DA:173,0
DA:174,0
DA:186,0
DA:187,0
DA:188,0
DA:189,0
DA:191,0
DA:192,0
DA:198,0
DA:200,0
DA:207,0
DA:208,0
DA:220,0
DA:221,0
DA:222,0
DA:223,0
DA:225,0
DA:232,0
DA:233,0
DA:245,0
DA:246,0
DA:247,0
DA:248,0
DA:250,0
DA:255,0
DA:256,0
DA:262,0
DA:267,0
DA:268,0
DA:280,0
DA:281,0
DA:282,0
DA:285,0
DA:289,0
DA:291,0
DA:297,0
DA:298,0
DA:310,0
DA:311,0
DA:312,0
DA:313,0
DA:315,0
DA:322,0
DA:323,0
DA:335,0
DA:336,0
DA:337,0
DA:339,0
DA:340,0
LF:110
LH:0
BRDA:18,0,0,0
BRDA:18,1,0,0
BRDA:18,2,0,0
BRDA:23,3,0,0
BRDA:23,3,1,0
BRDA:25,4,0,0
BRDA:25,4,1,0
BRDA:48,5,0,0
BRDA:48,5,1,0
BRDA:49,6,0,0
BRDA:49,6,1,0
BRDA:50,7,0,0
BRDA:50,7,1,0
BRDA:51,8,0,0
BRDA:51,8,1,0
BRDA:112,9,0,0
BRDA:112,9,1,0
BRDA:126,10,0,0
BRDA:126,10,1,0
BRDA:127,11,0,0
BRDA:127,11,1,0
BRDA:128,12,0,0
BRDA:128,12,1,0
BRDA:129,13,0,0
BRDA:129,13,1,0
BRDA:161,14,0,0
BRDA:161,14,1,0
BRDA:191,15,0,0
BRDA:191,15,1,0
BRDA:191,16,0,0
BRDA:191,16,1,0
BRDA:191,16,2,0
BRDA:255,17,0,0
BRDA:255,17,1,0
BRF:34
BRH:0
end_of_record
TN:
SF:src\controllers\propertyController.js
FN:20,(anonymous_0)
FN:27,(anonymous_1)
FN:31,(anonymous_2)
FN:113,(anonymous_3)
FN:150,(anonymous_4)
FN:207,(anonymous_5)
FN:218,(anonymous_6)
FN:324,(anonymous_7)
FN:441,(anonymous_8)
FN:520,(anonymous_9)
FN:639,(anonymous_10)
FN:681,(anonymous_11)
FN:717,(anonymous_12)
FN:743,(anonymous_13)
FN:769,(anonymous_14)
FNF:15
FNH:5
FNDA:8,(anonymous_0)
FNDA:32,(anonymous_1)
FNDA:0,(anonymous_2)
FNDA:0,(anonymous_3)
FNDA:10,(anonymous_4)
FNDA:0,(anonymous_5)
FNDA:28,(anonymous_6)
FNDA:6,(anonymous_7)
FNDA:0,(anonymous_8)
FNDA:0,(anonymous_9)
FNDA:0,(anonymous_10)
FNDA:0,(anonymous_11)
FNDA:0,(anonymous_12)
FNDA:0,(anonymous_13)
FNDA:0,(anonymous_14)
DA:8,2
DA:9,2
DA:10,2
DA:11,2
DA:12,2
DA:13,2
DA:20,2
DA:21,8
DA:23,8
DA:26,8
DA:27,32
DA:30,8
DA:31,8
DA:34,8
DA:37,8
DA:38,8
DA:42,8
DA:43,7
DA:47,8
DA:50,8
DA:51,0
DA:52,0
DA:56,8
DA:57,1
DA:58,1
DA:60,7
DA:64,8
DA:65,8
DA:66,8
DA:67,8
DA:70,8
DA:72,8
DA:75,7
DA:77,7
DA:80,7
DA:82,7
DA:83,0
DA:89,7
DA:90,1
DA:96,7
DA:104,1
DA:113,2
DA:114,0
DA:117,0
DA:121,0
DA:122,0
DA:129,0
DA:134,0
DA:136,0
DA:141,0
DA:150,2
DA:151,10
DA:152,10
DA:153,10
DA:154,10
DA:155,10
DA:158,10
DA:160,10
DA:161,2
DA:162,2
DA:169,8
DA:170,1
DA:178,7
DA:179,7
DA:181,7
DA:182,0
DA:183,0
DA:184,0
DA:185,0
DA:186,0
DA:187,0
DA:188,0
DA:195,7
DA:196,0
DA:202,7
DA:205,7
DA:206,7
DA:207,0
DA:208,0
DA:212,7
DA:213,7
DA:214,7
DA:218,28
DA:219,7
DA:220,7
DA:221,7
DA:222,7
DA:224,7
DA:231,7
DA:233,7
DA:235,0
DA:237,0
DA:238,0
DA:242,7
DA:245,7
DA:246,7
DA:248,7
DA:250,7
DA:252,7
DA:253,0
DA:255,0
DA:256,0
DA:258,0
DA:259,0
DA:261,0
DA:264,7
DA:267,7
DA:302,7
DA:303,0
DA:304,0
DA:306,0
DA:307,0
DA:311,0
DA:316,7
DA:317,6
DA:319,6
DA:321,6
DA:324,6
DA:326,6
DA:328,0
DA:329,0
DA:335,1
DA:343,6
DA:344,6
DA:347,6
DA:349,5
DA:352,5
DA:353,5
DA:355,5
DA:358,5
DA:364,5
DA:366,5
DA:367,5
DA:368,5
DA:369,5
DA:372,5
DA:373,5
DA:374,5
DA:375,5
DA:376,5
DA:378,5
DA:379,0
DA:380,0
DA:381,0
DA:382,0
DA:383,0
DA:384,5
DA:385,0
DA:386,0
DA:387,0
DA:388,0
DA:389,0
DA:391,5
DA:392,5
DA:393,5
DA:394,5
DA:395,5
DA:398,5
DA:414,5
DA:415,5
DA:416,5
DA:418,5
DA:419,5
DA:420,5
DA:421,5
DA:423,5
DA:424,0
DA:425,0
DA:426,0
DA:427,0
DA:428,5
DA:429,0
DA:430,0
DA:431,0
DA:432,0
DA:433,5
DA:434,5
DA:435,5
DA:436,5
DA:437,5
DA:441,5
DA:458,5
DA:459,5
DA:461,0
DA:465,5
DA:466,5
DA:467,5
DA:469,5
DA:470,5
DA:471,5
DA:473,0
DA:476,0
DA:480,0
DA:481,0
DA:482,0
DA:483,0
DA:486,0
DA:490,5
DA:493,5
DA:494,5
DA:495,0
DA:496,5
DA:497,0
DA:499,5
DA:502,5
DA:510,1
DA:511,1
DA:520,2
DA:521,0
DA:522,0
DA:524,0
DA:525,0
DA:532,0
DA:533,0
DA:540,0
DA:551,0
DA:552,0
DA:553,0
DA:557,0
DA:559,0
DA:568,0
DA:569,0
DA:575,0
DA:584,0
DA:587,0
DA:592,0
DA:593,0
DA:594,0
DA:599,0
DA:601,0
DA:602,0
DA:603,0
DA:604,0
DA:605,0
DA:606,0
DA:607,0
DA:608,0
DA:611,0
DA:616,0
DA:619,0
DA:620,0
DA:621,0
DA:625,0
DA:626,0
DA:629,0
DA:634,0
DA:635,0
DA:637,0
DA:638,0
DA:639,0
DA:640,0
DA:642,0
DA:644,0
DA:645,0
DA:653,0
DA:654,0
DA:658,0
DA:663,0
DA:665,0
DA:671,0
DA:672,0
DA:681,2
DA:682,0
DA:683,0
DA:685,0
DA:686,0
DA:693,0
DA:694,0
DA:701,0
DA:703,0
DA:708,0
DA:717,2
DA:718,0
DA:719,0
DA:721,0
DA:725,0
DA:727,0
DA:733,0
DA:734,0
DA:743,2
DA:744,0
DA:745,0
DA:748,0
DA:750,0
DA:754,0
DA:760,0
DA:769,2
DA:770,0
DA:771,0
DA:774,0
DA:775,0
DA:776,0
DA:782,0
DA:784,0
DA:785,0
DA:792,0
DA:793,0
DA:799,0
DA:802,0
DA:811,0
DA:814,0
DA:815,0
DA:817,0
DA:818,0
DA:826,0
DA:830,0
DA:831,0
DA:832,0
DA:840,0
DA:844,0
DA:845,0
DA:853,0
DA:856,0
DA:861,0
DA:867,0
DA:868,0
LF:316
LH:147
BRDA:42,0,0,7
BRDA:42,0,1,1
BRDA:50,1,0,0
BRDA:50,1,1,8
BRDA:56,2,0,1
BRDA:56,2,1,7
BRDA:64,3,0,8
BRDA:64,3,1,0
BRDA:65,4,0,8
BRDA:65,4,1,2
BRDA:82,5,0,0
BRDA:82,5,1,7
BRDA:89,6,0,1
BRDA:89,6,1,6
BRDA:121,7,0,0
BRDA:121,7,1,0
BRDA:134,8,0,0
BRDA:134,8,1,0
BRDA:154,9,0,10
BRDA:154,9,1,1
BRDA:160,10,0,2
BRDA:160,10,1,8
BRDA:160,11,0,10
BRDA:160,11,1,9
BRDA:160,11,2,9
BRDA:160,11,3,9
BRDA:160,11,4,9
BRDA:160,11,5,8
BRDA:160,11,6,8
BRDA:169,12,0,1
BRDA:169,12,1,7
BRDA:169,13,0,8
BRDA:169,13,1,7
BRDA:178,14,0,7
BRDA:178,14,1,7
BRDA:179,15,0,7
BRDA:179,15,1,7
BRDA:179,15,2,7
BRDA:179,15,3,7
BRDA:179,15,4,7
BRDA:181,16,0,0
BRDA:181,16,1,7
BRDA:181,17,0,7
BRDA:181,17,1,0
BRDA:195,18,0,0
BRDA:195,18,1,7
BRDA:195,19,0,7
BRDA:195,19,1,7
BRDA:195,19,2,7
BRDA:195,19,3,7
BRDA:202,20,0,7
BRDA:202,20,1,0
BRDA:205,21,0,7
BRDA:205,21,1,0
BRDA:205,22,0,7
BRDA:205,22,1,7
BRDA:206,23,0,0
BRDA:206,23,1,7
BRDA:206,24,0,7
BRDA:206,24,1,0
BRDA:208,25,0,0
BRDA:208,25,1,0
BRDA:219,26,0,7
BRDA:219,26,1,0
BRDA:220,27,0,7
BRDA:220,27,1,0
BRDA:220,27,2,0
BRDA:221,28,0,7
BRDA:221,28,1,0
BRDA:221,28,2,0
BRDA:222,29,0,7
BRDA:222,29,1,0
BRDA:222,29,2,0
BRDA:245,30,0,7
BRDA:245,30,1,7
BRDA:250,31,0,7
BRDA:250,31,1,0
BRDA:253,32,0,0
BRDA:253,32,1,0
BRDA:256,33,0,0
BRDA:256,33,1,0
BRDA:259,34,0,0
BRDA:259,34,1,0
BRDA:291,35,0,7
BRDA:291,35,1,0
BRDA:291,35,2,0
BRDA:292,36,0,7
BRDA:292,36,1,0
BRDA:292,36,2,0
BRDA:293,37,0,7
BRDA:293,37,1,0
BRDA:294,38,0,7
BRDA:294,38,1,0
BRDA:295,39,0,7
BRDA:295,39,1,7
BRDA:302,40,0,0
BRDA:302,40,1,7
BRDA:306,41,0,0
BRDA:306,41,1,0
BRDA:306,42,0,0
BRDA:306,42,1,0
BRDA:316,43,0,6
BRDA:316,43,1,1
BRDA:316,44,0,7
BRDA:316,44,1,7
BRDA:378,45,0,0
BRDA:378,45,1,5
BRDA:384,46,0,0
BRDA:384,46,1,5
BRDA:423,47,0,0
BRDA:423,47,1,5
BRDA:428,48,0,0
BRDA:428,48,1,5
BRDA:433,49,0,5
BRDA:433,49,1,0
BRDA:469,50,0,5
BRDA:469,50,1,0
BRDA:469,51,0,5
BRDA:469,51,1,5
BRDA:494,52,0,0
BRDA:494,52,1,5
BRDA:496,53,0,0
BRDA:496,53,1,5
BRDA:524,54,0,0
BRDA:524,54,1,0
BRDA:532,55,0,0
BRDA:532,55,1,0
BRDA:532,56,0,0
BRDA:532,56,1,0
BRDA:551,57,0,0
BRDA:551,57,1,0
BRDA:553,58,0,0
BRDA:553,58,1,0
BRDA:592,59,0,0
BRDA:592,59,1,0
BRDA:594,60,0,0
BRDA:594,60,1,0
BRDA:599,61,0,0
BRDA:599,61,1,0
BRDA:599,62,0,0
BRDA:599,62,1,0
BRDA:601,63,0,0
BRDA:601,63,1,0
BRDA:602,64,0,0
BRDA:602,64,1,0
BRDA:603,65,0,0
BRDA:603,65,1,0
BRDA:604,66,0,0
BRDA:604,66,1,0
BRDA:605,67,0,0
BRDA:605,67,1,0
BRDA:606,68,0,0
BRDA:606,68,1,0
BRDA:607,69,0,0
BRDA:607,69,1,0
BRDA:608,70,0,0
BRDA:608,70,1,0
BRDA:619,71,0,0
BRDA:619,71,1,0
BRDA:621,72,0,0
BRDA:621,72,1,0
BRDA:625,73,0,0
BRDA:625,73,1,0
BRDA:634,74,0,0
BRDA:634,74,1,0
BRDA:634,75,0,0
BRDA:634,75,1,0
BRDA:653,76,0,0
BRDA:653,76,1,0
BRDA:685,77,0,0
BRDA:685,77,1,0
BRDA:693,78,0,0
BRDA:693,78,1,0
BRDA:693,79,0,0
BRDA:693,79,1,0
BRDA:775,80,0,0
BRDA:775,80,1,0
BRDA:775,81,0,0
BRDA:775,81,1,0
BRDA:784,82,0,0
BRDA:784,82,1,0
BRDA:792,83,0,0
BRDA:792,83,1,0
BRDA:792,84,0,0
BRDA:792,84,1,0
BRDA:814,85,0,0
BRDA:814,85,1,0
BRDA:814,86,0,0
BRDA:814,86,1,0
BRDA:817,87,0,0
BRDA:817,87,1,0
BRDA:817,88,0,0
BRDA:817,88,1,0
BRDA:830,89,0,0
BRDA:830,89,1,0
BRDA:830,90,0,0
BRDA:830,90,1,0
BRDA:830,90,2,0
BRDA:831,91,0,0
BRDA:831,91,1,0
BRDA:844,92,0,0
BRDA:844,92,1,0
BRDA:844,93,0,0
BRDA:844,93,1,0
BRDA:844,93,2,0
BRF:205
BRH:74
end_of_record
TN:
SF:src\controllers\reviewController.js
FN:19,(anonymous_0)
FN:113,(anonymous_1)
FN:127,(anonymous_2)
FN:128,(anonymous_3)
FN:130,(anonymous_4)
FN:150,(anonymous_5)
FN:427,(anonymous_6)
FN:469,(anonymous_7)
FN:505,(anonymous_8)
FN:530,(anonymous_9)
FN:555,(anonymous_10)
FN:604,(anonymous_11)
FN:715,(anonymous_12)
FNF:13
FNH:0
FNDA:0,(anonymous_0)
FNDA:0,(anonymous_1)
FNDA:0,(anonymous_2)
FNDA:0,(anonymous_3)
FNDA:0,(anonymous_4)
FNDA:0,(anonymous_5)
FNDA:0,(anonymous_6)
FNDA:0,(anonymous_7)
FNDA:0,(anonymous_8)
FNDA:0,(anonymous_9)
FNDA:0,(anonymous_10)
FNDA:0,(anonymous_11)
FNDA:0,(anonymous_12)
DA:8,0
DA:9,0
DA:10,0
DA:11,0
DA:12,0
DA:19,0
DA:20,0
DA:21,0
DA:22,0
DA:25,0
DA:26,0
DA:27,0
DA:34,0
DA:39,0
DA:40,0
DA:49,0
DA:55,0
DA:56,0
DA:63,0
DA:64,0
DA:65,0
DA:68,0
DA:69,0
DA:70,0
DA:73,0
DA:74,0
DA:76,0
DA:77,0
DA:78,0
DA:80,0
DA:89,0
DA:96,0
DA:104,0
DA:113,0
DA:114,0
DA:116,0
DA:125,0
DA:127,0
DA:128,0
DA:130,0
DA:134,0
DA:141,0
DA:150,0
DA:151,0
DA:152,0
DA:153,0
DA:156,0
DA:157,0
DA:164,0
DA:165,0
DA:166,0
DA:173,0
DA:178,0
DA:179,0
DA:186,0
DA:193,0
DA:194,0
DA:201,0
DA:202,0
DA:203,0
DA:204,0
DA:209,0
DA:210,0
DA:211,0
DA:217,0
DA:218,0
DA:219,0
DA:228,0
DA:244,0
DA:251,0
DA:259,0
DA:279,0
DA:280,0
DA:281,0
DA:284,0
DA:285,0
DA:288,0
DA:307,0
DA:309,0
DA:318,0
DA:319,0
DA:337,0
DA:338,0
DA:355,0
DA:356,0
DA:373,0
DA:374,0
DA:375,0
DA:393,0
DA:398,0
DA:399,0
DA:400,0
DA:401,0
DA:402,0
DA:404,0
DA:407,0
DA:418,0
DA:427,0
DA:428,0
DA:429,0
DA:431,0
DA:432,0
DA:439,0
DA:440,0
DA:447,0
DA:448,0
DA:454,0
DA:460,0
DA:469,0
DA:470,0
DA:471,0
DA:473,0
DA:474,0
DA:481,0
DA:482,0
DA:488,0
DA:490,0
DA:496,0
DA:505,0
DA:506,0
DA:507,0
DA:511,0
DA:517,0
DA:530,0
DA:531,0
DA:532,0
DA:535,0
DA:536,0
DA:537,0
DA:540,0
DA:543,0
DA:551,0
DA:554,0
DA:555,0
DA:556,0
DA:557,0
DA:567,0
DA:570,0
DA:579,0
DA:591,0
DA:592,0
DA:604,0
DA:605,0
DA:606,0
DA:608,0
DA:609,0
DA:615,0
DA:617,0
DA:618,0
DA:624,0
DA:625,0
DA:626,0
DA:628,0
DA:629,0
DA:632,0
DA:634,0
DA:635,0
DA:638,0
DA:639,0
DA:655,0
DA:656,0
DA:657,0
DA:658,0
DA:676,0
DA:678,0
DA:679,0
DA:696,0
DA:702,0
DA:703,0
DA:715,0
DA:716,0
DA:717,0
DA:719,0
DA:720,0
DA:726,0
DA:728,0
DA:733,0
DA:734,0
LF:178
LH:0
BRDA:26,0,0,0
BRDA:26,0,1,0
BRDA:39,1,0,0
BRDA:39,1,1,0
BRDA:55,2,0,0
BRDA:55,2,1,0
BRDA:68,3,0,0
BRDA:68,3,1,0
BRDA:68,4,0,0
BRDA:68,4,1,0
BRDA:73,5,0,0
BRDA:73,5,1,0
BRDA:73,6,0,0
BRDA:73,6,1,0
BRDA:76,7,0,0
BRDA:76,7,1,0
BRDA:129,8,0,0
BRDA:129,8,1,0
BRDA:156,9,0,0
BRDA:156,9,1,0
BRDA:156,10,0,0
BRDA:156,10,1,0
BRDA:156,10,2,0
BRDA:156,10,3,0
BRDA:156,10,4,0
BRDA:156,10,5,0
BRDA:165,11,0,0
BRDA:165,11,1,0
BRDA:178,12,0,0
BRDA:178,12,1,0
BRDA:193,13,0,0
BRDA:193,13,1,0
BRDA:202,14,0,0
BRDA:202,14,1,0
BRDA:203,15,0,0
BRDA:203,15,1,0
BRDA:203,16,0,0
BRDA:203,16,1,0
BRDA:209,17,0,0
BRDA:209,17,1,0
BRDA:210,18,0,0
BRDA:210,18,1,0
BRDA:210,19,0,0
BRDA:210,19,1,0
BRDA:218,20,0,0
BRDA:218,20,1,0
BRDA:244,21,0,0
BRDA:244,21,1,0
BRDA:284,22,0,0
BRDA:284,22,1,0
BRDA:318,23,0,0
BRDA:318,23,1,0
BRDA:337,24,0,0
BRDA:337,24,1,0
BRDA:355,25,0,0
BRDA:355,25,1,0
BRDA:374,26,0,0
BRDA:374,26,1,0
BRDA:382,27,0,0
BRDA:382,27,1,0
BRDA:382,28,0,0
BRDA:382,28,1,0
BRDA:399,29,0,0
BRDA:399,29,1,0
BRDA:401,30,0,0
BRDA:401,30,1,0
BRDA:431,31,0,0
BRDA:431,31,1,0
BRDA:439,32,0,0
BRDA:439,32,1,0
BRDA:439,33,0,0
BRDA:439,33,1,0
BRDA:473,34,0,0
BRDA:473,34,1,0
BRDA:481,35,0,0
BRDA:481,35,1,0
BRDA:481,36,0,0
BRDA:481,36,1,0
BRDA:532,37,0,0
BRDA:532,38,0,0
BRDA:536,39,0,0
BRDA:536,39,1,0
BRDA:537,40,0,0
BRDA:537,40,1,0
BRDA:554,41,0,0
BRDA:554,41,1,0
BRDA:558,42,0,0
BRDA:558,42,1,0
BRDA:558,42,2,0
BRDA:558,42,3,0
BRDA:608,43,0,0
BRDA:608,43,1,0
BRDA:617,44,0,0
BRDA:617,44,1,0
BRDA:628,45,0,0
BRDA:628,45,1,0
BRDA:638,46,0,0
BRDA:638,46,1,0
BRDA:657,47,0,0
BRDA:657,47,1,0
BRDA:657,48,0,0
BRDA:657,48,1,0
BRDA:665,49,0,0
BRDA:665,49,1,0
BRDA:665,50,0,0
BRDA:665,50,1,0
BRDA:678,51,0,0
BRDA:678,51,1,0
BRDA:683,52,0,0
BRDA:683,52,1,0
BRDA:698,53,0,0
BRDA:698,53,1,0
BRDA:698,54,0,0
BRDA:698,54,1,0
BRDA:719,55,0,0
BRDA:719,55,1,0
BRF:116
BRH:0
end_of_record
TN:
SF:src\controllers\universityController.js
FN:14,(anonymous_0)
FN:57,(anonymous_1)
FN:78,(anonymous_2)
FN:112,(anonymous_3)
FN:125,(anonymous_4)
FN:138,(anonymous_5)
FN:175,(anonymous_6)
FN:199,(anonymous_7)
FN:219,(anonymous_8)
FNF:9
FNH:0
FNDA:0,(anonymous_0)
FNDA:0,(anonymous_1)
FNDA:0,(anonymous_2)
FNDA:0,(anonymous_3)
FNDA:0,(anonymous_4)
FNDA:0,(anonymous_5)
FNDA:0,(anonymous_6)
FNDA:0,(anonymous_7)
FNDA:0,(anonymous_8)
DA:8,0
DA:9,0
DA:14,0
DA:15,0
DA:16,0
DA:18,0
DA:21,0
DA:22,0
DA:26,0
DA:27,0
DA:30,0
DA:35,0
DA:37,0
DA:49,0
DA:50,0
DA:57,0
DA:58,0
DA:59,0
DA:61,0
DA:63,0
DA:64,0
DA:67,0
DA:69,0
DA:70,0
DA:78,0
DA:79,0
DA:80,0
DA:82,0
DA:83,0
DA:89,0
DA:102,0
DA:104,0
DA:105,0
DA:112,0
DA:113,0
DA:114,0
DA:115,0
DA:117,0
DA:118,0
DA:125,0
DA:126,0
DA:127,0
DA:128,0
DA:130,0
DA:131,0
DA:138,0
DA:139,0
DA:140,0
DA:143,0
DA:144,0
DA:145,0
DA:148,0
DA:163,0
DA:165,0
DA:167,0
DA:168,0
DA:175,0
DA:176,0
DA:177,0
DA:178,0
DA:180,0
DA:185,0
DA:186,0
DA:189,0
DA:191,0
DA:192,0
DA:199,0
DA:200,0
DA:201,0
DA:203,0
DA:205,0
DA:206,0
DA:209,0
DA:211,0
DA:212,0
DA:219,0
DA:220,0
DA:221,0
DA:222,0
DA:224,0
DA:230,0
DA:231,0
DA:234,0
DA:236,0
DA:237,0
LF:85
LH:0
BRDA:16,0,0,0
BRDA:16,1,0,0
BRDA:21,2,0,0
BRDA:21,2,1,0
BRDA:26,3,0,0
BRDA:26,3,1,0
BRDA:63,4,0,0
BRDA:63,4,1,0
BRDA:80,5,0,0
BRDA:82,6,0,0
BRDA:82,6,1,0
BRDA:82,7,0,0
BRDA:82,7,1,0
BRDA:144,8,0,0
BRDA:144,8,1,0
BRDA:156,9,0,0
BRDA:156,9,1,0
BRDA:159,10,0,0
BRDA:159,10,1,0
BRDA:185,11,0,0
BRDA:185,11,1,0
BRDA:205,12,0,0
BRDA:205,12,1,0
BRDA:230,13,0,0
BRDA:230,13,1,0
BRF:25
BRH:0
end_of_record
TN:
SF:src\middleware\auth.js
FN:14,(anonymous_0)
FN:65,(anonymous_1)
FN:66,(anonymous_2)
FN:80,(anonymous_3)
FN:98,(anonymous_4)
FNF:5
FNH:0
FNDA:0,(anonymous_0)
FNDA:0,(anonymous_1)
FNDA:0,(anonymous_2)
FNDA:0,(anonymous_3)
FNDA:0,(anonymous_4)
DA:8,0
DA:9,0
DA:14,0
DA:15,0
DA:19,0
DA:20,0
DA:23,0
DA:24,0
DA:28,0
DA:29,0
DA:35,0
DA:37,0
DA:40,0
DA:42,0
DA:43,0
DA:49,0
DA:51,0
DA:57,0
DA:65,0
DA:66,0
DA:67,0
DA:68,0
DA:73,0
DA:80,0
DA:81,0
DA:82,0
DA:87,0
DA:93,0
DA:98,0
DA:99,0
DA:100,0
DA:105,0
LF:32
LH:0
BRDA:19,0,0,0
BRDA:19,0,1,0
BRDA:19,1,0,0
BRDA:19,1,1,0
BRDA:23,2,0,0
BRDA:23,2,1,0
BRDA:28,3,0,0
BRDA:28,3,1,0
BRDA:42,4,0,0
BRDA:42,4,1,0
BRDA:67,5,0,0
BRDA:67,5,1,0
BRDA:81,6,0,0
BRDA:81,6,1,0
BRDA:99,7,0,0
BRDA:99,7,1,0
BRDA:99,8,0,0
BRDA:99,8,1,0
BRF:18
BRH:0
end_of_record
TN:
SF:src\middleware\errorHandler.js
FN:17,(anonymous_0)
FN:31,(anonymous_1)
FNF:2
FNH:0
FNDA:0,(anonymous_0)
FNDA:0,(anonymous_1)
DA:8,0
DA:17,0
DA:19,0
DA:20,0
DA:23,0
DA:26,0
DA:29,0
DA:30,0
DA:31,0
DA:33,0
DA:36,0
DA:37,0
DA:41,0
DA:42,0
DA:43,0
DA:51,0
DA:54,0
DA:56,0
DA:60,0
DA:61,0
DA:62,0
DA:66,0
DA:67,0
DA:68,0
DA:69,0
DA:73,0
DA:74,0
DA:75,0
DA:78,0
DA:79,0
DA:80,0
DA:84,0
DA:94,0
LF:33
LH:0
BRDA:23,0,0,0
BRDA:23,0,1,0
BRDA:23,0,2,0
BRDA:26,1,0,0
BRDA:26,1,1,0
BRDA:29,2,0,0
BRDA:29,2,1,0
BRDA:36,3,0,0
BRDA:36,3,1,0
BRDA:41,4,0,0
BRDA:41,4,1,0
BRDA:51,5,0,0
BRDA:51,5,1,0
BRDA:60,6,0,0
BRDA:60,6,1,0
BRDA:66,7,0,0
BRDA:66,7,1,0
BRDA:73,8,0,0
BRDA:73,8,1,0
BRDA:78,9,0,0
BRDA:78,9,1,0
BRDA:87,10,0,0
BRDA:87,10,1,0
BRF:23
BRH:0
end_of_record
TN:
SF:src\middleware\upload.js
FN:14,(anonymous_0)
FN:18,(anonymous_1)
FN:25,(anonymous_2)
FNF:3
FNH:0
FNDA:0,(anonymous_0)
FNDA:0,(anonymous_1)
FNDA:0,(anonymous_2)
DA:8,0
DA:9,0
DA:12,0
DA:15,0
DA:19,0
DA:20,0
DA:25,0
DA:27,0
DA:28,0
DA:31,0
DA:34,0
DA:37,0
DA:38,0
DA:40,0
DA:45,0
DA:54,0
LF:16
LH:0
BRDA:37,0,0,0
BRDA:37,0,1,0
BRDA:37,1,0,0
BRDA:37,1,1,0
BRDA:48,2,0,0
BRDA:48,2,1,0
BRF:6
BRH:0
end_of_record
TN:
SF:src\models\Booking.js
FN:95,(anonymous_0)
FNF:1
FNH:0
FNDA:0,(anonymous_0)
DA:8,0
DA:10,0
DA:88,0
DA:89,0
DA:90,0
DA:91,0
DA:92,0
DA:95,0
DA:96,0
DA:97,0
DA:98,0
DA:99,0
DA:100,0
DA:102,0
DA:105,0
LF:15
LH:0
BRDA:96,0,0,0
BRDA:96,0,1,0
BRDA:96,1,0,0
BRDA:96,1,1,0
BRDA:96,1,2,0
BRDA:100,2,0,0
BRDA:100,2,1,0
BRF:7
BRH:0
end_of_record
TN:
SF:src\models\Contact.js
FN:120,(anonymous_0)
FN:128,(anonymous_1)
FNF:2
FNH:0
FNDA:0,(anonymous_0)
FNDA:0,(anonymous_1)
DA:8,0
DA:10,0
DA:113,0
DA:114,0
DA:115,0
DA:116,0
DA:117,0
DA:120,0
DA:121,0
DA:122,0
DA:124,0
DA:128,0
DA:129,0
DA:188,0
DA:191,0
LF:15
LH:0
BRDA:121,0,0,0
BRDA:121,0,1,0
BRDA:121,1,0,0
BRDA:121,1,1,0
BRF:4
BRH:0
end_of_record
TN:
SF:src\models\Conversation.js
FN:55,(anonymous_0)
FN:69,(anonymous_1)
FN:76,(anonymous_2)
FN:82,(anonymous_3)
FNF:4
FNH:0
FNDA:0,(anonymous_0)
FNDA:0,(anonymous_1)
FNDA:0,(anonymous_2)
FNDA:0,(anonymous_3)
DA:8,0
DA:10,0
DA:43,0
DA:44,0
DA:45,0
DA:48,0
DA:55,0
DA:56,0
DA:61,0
DA:62,0
DA:65,0
DA:69,0
DA:70,0
DA:71,0
DA:72,0
DA:76,0
DA:77,0
DA:78,0
DA:82,0
DA:83,0
DA:86,0
LF:21
LH:0
BRDA:55,0,0,0
BRDA:61,1,0,0
BRDA:61,1,1,0
BRDA:70,2,0,0
BRDA:70,2,1,0
BRDA:83,3,0,0
BRDA:83,3,1,0
BRF:7
BRH:0
end_of_record
TN:
SF:src\models\Message.js
FN:75,(anonymous_0)
FN:85,(anonymous_1)
FN:102,(anonymous_2)
FN:111,(anonymous_3)
FNF:4
FNH:0
FNDA:0,(anonymous_0)
FNDA:0,(anonymous_1)
FNDA:0,(anonymous_2)
FNDA:0,(anonymous_3)
DA:8,0
DA:10,0
DA:70,0
DA:71,0
DA:72,0
DA:75,0
DA:76,0
DA:77,0
DA:78,0
DA:79,0
DA:81,0
DA:85,0
DA:86,0
DA:102,0
DA:103,0
DA:111,0
DA:112,0
DA:113,0
DA:116,0
DA:117,0
DA:120,0
DA:122,0
DA:125,0
LF:23
LH:0
BRDA:76,0,0,0
BRDA:76,0,1,0
BRDA:112,1,0,0
BRDA:112,1,1,0
BRDA:116,2,0,0
BRDA:116,2,1,0
BRF:6
BRH:0
end_of_record
TN:
SF:src\models\Notification.js
FN:84,(anonymous_0)
FN:100,(anonymous_1)
FN:117,(anonymous_2)
FN:137,(anonymous_3)
FN:157,(anonymous_4)
FNF:5
FNH:0
FNDA:0,(anonymous_0)
FNDA:0,(anonymous_1)
FNDA:0,(anonymous_2)
FNDA:0,(anonymous_3)
FNDA:0,(anonymous_4)
DA:8,2
DA:10,2
DA:80,2
DA:81,2
DA:84,2
DA:85,0
DA:86,0
DA:88,0
DA:89,0
DA:90,0
DA:92,0
DA:93,0
DA:94,0
DA:95,0
DA:96,0
DA:100,2
DA:101,0
DA:102,0
DA:105,0
DA:106,0
DA:109,0
DA:111,0
DA:112,0
DA:117,2
DA:118,0
DA:119,0
DA:129,0
DA:131,0
DA:132,0
DA:137,2
DA:138,0
DA:139,0
DA:149,0
DA:151,0
DA:152,0
DA:157,2
DA:158,0
DA:159,0
DA:163,0
DA:165,0
DA:166,0
DA:171,2
DA:172,2
DA:174,2
LF:44
LH:12
BRDA:92,0,0,0
BRDA:92,0,1,0
BRDA:93,1,0,0
BRDA:93,1,1,0
BRDA:94,2,0,0
BRDA:94,2,1,0
BRDA:95,3,0,0
BRDA:95,3,1,0
BRDA:105,4,0,0
BRDA:105,4,1,0
BRF:10
BRH:0
end_of_record
TN:
SF:src\models\Property.js
FN:248,(anonymous_0)
FNF:1
FNH:0
FNDA:0,(anonymous_0)
DA:8,2
DA:10,2
DA:233,2
DA:234,2
DA:235,2
DA:236,2
DA:237,2
DA:238,2
DA:241,2
DA:248,2
DA:249,0
DA:250,0
DA:252,0
DA:255,2
LF:14
LH:11
BRDA:249,0,0,0
BRDA:249,0,1,0
BRF:2
BRH:0
end_of_record
TN:
SF:src\models\Review.js
FN:105,(anonymous_0)
FN:130,(anonymous_1)
FN:135,(anonymous_2)
FNF:3
FNH:0
FNDA:0,(anonymous_0)
FNDA:0,(anonymous_1)
FNDA:0,(anonymous_2)
DA:8,0
DA:10,0
DA:98,0
DA:99,0
DA:100,0
DA:101,0
DA:102,0
DA:105,0
DA:106,0
DA:119,0
DA:120,0
DA:125,0
DA:130,0
DA:131,0
DA:135,0
DA:136,0
DA:139,0
LF:17
LH:0
BRDA:121,0,0,0
BRDA:121,0,1,0
BRDA:122,1,0,0
BRDA:122,1,1,0
BRF:4
BRH:0
end_of_record
TN:
SF:src\models\University.js
FN:161,(anonymous_0)
FNF:1
FNH:0
FNDA:0,(anonymous_0)
DA:8,0
DA:10,0
DA:155,0
DA:158,0
DA:161,0
DA:162,0
DA:165,0
LF:7
LH:0
BRF:0
BRH:0
end_of_record
TN:
SF:src\models\User.js
FN:103,(anonymous_0)
FN:118,(anonymous_1)
FN:127,(anonymous_2)
FNF:3
FNH:0
FNDA:0,(anonymous_0)
FNDA:0,(anonymous_1)
FNDA:0,(anonymous_2)
DA:8,1
DA:9,1
DA:10,1
DA:12,1
DA:103,1
DA:104,0
DA:105,0
DA:108,0
DA:109,0
DA:110,0
DA:118,1
DA:119,0
DA:127,1
DA:128,0
DA:131,1
LF:15
LH:8
BRDA:104,0,0,0
BRDA:104,0,1,0
BRF:2
BRH:0
end_of_record
TN:
SF:src\routes\adminRoutes.js
FNF:0
FNH:0
DA:8,0
DA:9,0
DA:30,0
DA:32,0
DA:35,0
DA:36,0
DA:39,0
DA:40,0
DA:41,0
DA:42,0
DA:45,0
DA:46,0
DA:47,0
DA:50,0
DA:51,0
DA:52,0
DA:53,0
DA:56,0
DA:59,0
DA:60,0
DA:61,0
DA:62,0
DA:63,0
DA:64,0
DA:65,0
DA:67,0
LF:26
LH:0
BRF:0
BRH:0
end_of_record
TN:
SF:src\routes\aiRoutes.js
FNF:0
FNH:0
DA:8,0
DA:9,0
DA:10,0
DA:11,0
DA:18,0
DA:25,0
DA:32,0
DA:39,0
DA:46,0
DA:53,0
DA:60,0
DA:67,0
DA:74,0
DA:81,0
DA:83,0
LF:15
LH:0
BRF:0
BRH:0
end_of_record
TN:
SF:src\routes\authRoutes.js
FNF:0
FNH:0
DA:8,0
DA:9,0
DA:10,0
DA:28,0
DA:29,0
DA:30,0
DA:33,0
DA:34,0
DA:37,0
DA:46,0
DA:56,0
DA:59,0
DA:60,0
DA:61,0
DA:62,0
DA:65,0
DA:66,0
DA:67,0
DA:68,0
DA:69,0
DA:70,0
DA:73,0
DA:74,0
DA:76,0
LF:24
LH:0
BRF:0
BRH:0
end_of_record
TN:
SF:src\routes\bookingRoutes.js
FNF:0
FNH:0
DA:8,0
DA:9,0
DA:10,0
DA:20,0
DA:27,0
DA:34,0
DA:41,0
DA:48,0
DA:55,0
DA:62,0
DA:69,0
DA:76,0
DA:83,0
DA:90,0
DA:92,0
LF:15
LH:0
BRF:0
BRH:0
end_of_record
TN:
SF:src\routes\chatRoutes.js
FNF:0
FNH:0
DA:8,0
DA:9,0
DA:10,0
DA:11,0
DA:14,0
DA:17,0
DA:18,0
DA:19,0
DA:22,0
DA:23,0
DA:26,0
DA:27,0
DA:29,0
LF:13
LH:0
BRF:0
BRH:0
end_of_record
TN:
SF:src\routes\contactRoutes.js
FNF:0
FNH:0
DA:8,0
DA:9,0
DA:10,0
DA:17,0
DA:19,0
LF:5
LH:0
BRF:0
BRH:0
end_of_record
TN:
SF:src\routes\favoriteRoutes.js
FNF:0
FNH:0
DA:8,0
DA:9,0
DA:16,0
DA:17,0
DA:20,0
DA:23,0
DA:26,0
DA:29,0
DA:32,0
DA:35,0
DA:37,0
LF:11
LH:0
BRF:0
BRH:0
end_of_record
TN:
SF:src\routes\locationRoutes.js
FNF:0
FNH:0
DA:8,0
DA:9,0
DA:10,0
DA:17,0
DA:20,0
DA:23,0
DA:26,0
DA:33,0
DA:36,0
DA:39,0
DA:46,0
DA:49,0
DA:57,0
DA:59,0
LF:14
LH:0
BRF:0
BRH:0
end_of_record
TN:
SF:src\routes\moderationRoutes.js
FN:18,(anonymous_0)
FN:40,(anonymous_1)
FN:78,(anonymous_2)
FN:111,(anonymous_3)
FNF:4
FNH:0
FNDA:0,(anonymous_0)
FNDA:0,(anonymous_1)
FNDA:0,(anonymous_2)
FNDA:0,(anonymous_3)
DA:8,0
DA:9,0
DA:10,0
DA:11,0
DA:18,0
DA:19,0
DA:20,0
DA:25,0
DA:31,0
DA:40,0
DA:41,0
DA:42,0
DA:43,0
DA:47,0
DA:48,0
DA:51,0
DA:55,0
DA:57,0
DA:69,0
DA:78,0
DA:79,0
DA:80,0
DA:89,0
DA:90,0
DA:96,0
DA:102,0
DA:111,0
DA:112,0
DA:113,0
DA:115,0
DA:125,0
DA:126,0
DA:132,0
DA:138,0
DA:142,0
LF:35
LH:0
BRDA:55,0,0,0
BRDA:55,0,1,0
BRDA:65,1,0,0
BRDA:65,1,1,0
BRDA:89,2,0,0
BRDA:89,2,1,0
BRDA:120,3,0,0
BRDA:120,3,1,0
BRDA:125,4,0,0
BRDA:125,4,1,0
BRF:10
BRH:0
end_of_record
TN:
SF:src\routes\notificationRoutes.js
FNF:0
FNH:0
DA:8,0
DA:9,0
DA:10,0
DA:11,0
DA:14,0
DA:17,0
DA:20,0
DA:23,0
DA:26,0
DA:29,0
DA:32,0
DA:35,0
DA:38,0
DA:41,0
DA:43,0
LF:15
LH:0
BRF:0
BRH:0
end_of_record
TN:
SF:src\routes\propertyRoutes.js
FNF:0
FNH:0
DA:8,0
DA:9,0
DA:19,0
DA:20,0
DA:21,0
DA:24,0
DA:25,0
DA:28,0
DA:29,0
DA:30,0
DA:31,0
DA:32,0
DA:33,0
DA:36,0
DA:38,0
LF:15
LH:0
BRF:0
BRH:0
end_of_record
TN:
SF:src\routes\reviewRoutes.js
FNF:0
FNH:0
DA:8,0
DA:9,0
DA:20,0
DA:21,0
DA:24,0
DA:27,0
DA:28,0
DA:29,0
DA:30,0
DA:31,0
DA:34,0
DA:35,0
DA:36,0
DA:38,0
LF:14
LH:0
BRF:0
BRH:0
end_of_record
TN:
SF:src\routes\searchRoutes.js
FN:21,(anonymous_0)
FN:55,(anonymous_1)
FNF:2
FNH:0
FNDA:0,(anonymous_0)
FNDA:0,(anonymous_1)
DA:8,0
DA:9,0
DA:10,0
DA:13,0
DA:14,0
DA:21,0
DA:22,0
DA:23,0
DA:25,0
DA:26,0
DA:32,0
DA:40,0
DA:42,0
DA:43,0
DA:55,0
DA:56,0
DA:57,0
DA:59,0
DA:60,0
DA:66,0
DA:74,0
DA:76,0
DA:77,0
DA:84,0
LF:24
LH:0
BRDA:25,0,0,0
BRDA:25,0,1,0
BRDA:25,1,0,0
BRDA:25,1,1,0
BRDA:59,2,0,0
BRDA:59,2,1,0
BRF:6
BRH:0
end_of_record
TN:
SF:src\routes\universityRoutes.js
FNF:0
FNH:0
DA:8,0
DA:9,0
DA:10,0
DA:11,0
DA:18,0
DA:21,0
DA:24,0
DA:27,0
DA:30,0
DA:37,0
DA:40,0
DA:43,0
DA:46,0
DA:48,0
LF:14
LH:0
BRF:0
BRH:0
end_of_record
TN:
SF:src\services\autoModerationService.js
FN:45,checkBannedContent
FN:78,checkBasicRules
FN:133,(anonymous_2)
FN:159,checkContentQuality
FN:174,(anonymous_4)
FN:177,(anonymous_5)
FN:260,validatePriceWithAI
FN:362,runAutoModeration
FNF:8
FNH:0
FNDA:0,checkBannedContent
FNDA:0,checkBasicRules
FNDA:0,(anonymous_2)
FNDA:0,checkContentQuality
FNDA:0,(anonymous_4)
FNDA:0,(anonymous_5)
FNDA:0,validatePriceWithAI
FNDA:0,runAutoModeration
DA:8,2
DA:10,2
DA:15,2
DA:40,2
DA:46,0
DA:47,0
DA:52,0
DA:53,0
DA:54,0
DA:55,0
DA:60,0
DA:61,0
DA:62,0
DA:66,0
DA:67,0
DA:68,0
DA:69,0
DA:72,0
DA:79,0
DA:80,0
DA:83,0
DA:84,0
DA:85,0
DA:88,0
DA:91,0
DA:92,0
DA:93,0
DA:94,0
DA:98,0
DA:99,0
DA:100,0
DA:104,0
DA:105,0
DA:106,0
DA:109,0
DA:110,0
DA:112,0
DA:113,0
DA:116,0
DA:118,0
DA:130,0
DA:131,0
DA:133,0
DA:134,0
DA:135,0
DA:137,0
DA:142,0
DA:143,0
DA:146,0
DA:160,0
DA:161,0
DA:163,0
DA:170,0
DA:171,0
DA:173,0
DA:174,0
DA:176,0
DA:177,0
DA:181,0
DA:182,0
DA:183,0
DA:184,0
DA:188,0
DA:189,0
DA:190,0
DA:192,0
DA:193,0
DA:195,0
DA:196,0
DA:200,0
DA:201,0
DA:202,0
DA:204,0
DA:205,0
DA:206,0
DA:210,0
DA:211,0
DA:212,0
DA:216,0
DA:217,0
DA:218,0
DA:219,0
DA:223,0
DA:224,0
DA:225,0
DA:229,0
DA:230,0
DA:232,0
DA:233,0
DA:235,0
DA:236,0
DA:240,0
DA:241,0
DA:242,0
DA:243,0
DA:245,0
DA:247,0
DA:261,0
DA:263,0
DA:264,0
DA:267,0
DA:275,0
DA:295,0
DA:296,0
DA:297,0
DA:300,0
DA:302,0
DA:310,0
DA:312,0
DA:313,0
DA:314,0
DA:315,0
DA:318,0
DA:319,0
DA:320,0
DA:321,0
DA:322,0
DA:323,0
DA:324,0
DA:325,0
DA:327,0
DA:339,0
DA:340,0
DA:341,0
DA:342,0
DA:343,0
DA:344,0
DA:345,0
DA:346,0
DA:347,0
DA:352,0
DA:363,0
DA:366,0
DA:367,0
DA:368,0
DA:370,0
DA:371,0
DA:372,0
DA:375,0
DA:376,0
DA:381,0
DA:383,0
DA:384,0
DA:385,0
DA:386,0
DA:387,0
DA:388,0
DA:390,0
DA:391,0
DA:392,0
DA:393,0
DA:394,0
DA:397,0
DA:398,0
DA:401,0
DA:402,0
DA:403,0
DA:404,0
DA:405,0
DA:406,0
DA:407,0
DA:408,0
DA:409,0
DA:411,0
DA:412,0
DA:414,0
DA:417,0
DA:439,2
LF:168
LH:5
BRDA:54,0,0,0
BRDA:54,0,1,0
BRDA:61,1,0,0
BRDA:61,1,1,0
BRDA:66,2,0,0
BRDA:66,2,1,0
BRDA:67,3,0,0
BRDA:67,3,1,0
BRDA:68,4,0,0
BRDA:68,4,1,0
BRDA:68,5,0,0
BRDA:68,5,1,0
BRDA:79,6,0,0
BRDA:79,6,1,0
BRDA:80,7,0,0
BRDA:80,7,1,0
BRDA:92,8,0,0
BRDA:92,8,1,0
BRDA:99,9,0,0
BRDA:99,9,1,0
BRDA:105,10,0,0
BRDA:105,10,1,0
BRDA:109,11,0,0
BRDA:109,11,1,0
BRDA:112,12,0,0
BRDA:112,12,1,0
BRDA:119,13,0,0
BRDA:119,13,1,0
BRDA:120,14,0,0
BRDA:120,14,1,0
BRDA:121,15,0,0
BRDA:121,15,1,0
BRDA:122,16,0,0
BRDA:122,16,1,0
BRDA:125,17,0,0
BRDA:125,17,1,0
BRDA:134,18,0,0
BRDA:134,18,1,0
BRDA:137,19,0,0
BRDA:137,19,1,0
BRDA:142,20,0,0
BRDA:142,20,1,0
BRDA:142,21,0,0
BRDA:142,21,1,0
BRDA:149,22,0,0
BRDA:149,22,1,0
BRDA:160,23,0,0
BRDA:160,23,1,0
BRDA:161,24,0,0
BRDA:161,24,1,0
BRDA:173,25,0,0
BRDA:173,25,1,0
BRDA:176,26,0,0
BRDA:176,26,1,0
BRDA:182,27,0,0
BRDA:182,27,1,0
BRDA:192,28,0,0
BRDA:192,28,1,0
BRDA:195,29,0,0
BRDA:195,29,1,0
BRDA:195,30,0,0
BRDA:195,30,1,0
BRDA:202,31,0,0
BRDA:202,31,1,0
BRDA:205,32,0,0
BRDA:205,32,1,0
BRDA:205,33,0,0
BRDA:205,33,1,0
BRDA:211,34,0,0
BRDA:211,34,1,0
BRDA:216,35,0,0
BRDA:216,35,1,0
BRDA:218,36,0,0
BRDA:218,36,1,0
BRDA:218,37,0,0
BRDA:218,37,1,0
BRDA:224,38,0,0
BRDA:224,38,1,0
BRDA:224,39,0,0
BRDA:224,39,1,0
BRDA:229,40,0,0
BRDA:229,40,1,0
BRDA:232,41,0,0
BRDA:232,41,1,0
BRDA:235,42,0,0
BRDA:235,42,1,0
BRDA:250,43,0,0
BRDA:250,43,1,0
BRDA:263,44,0,0
BRDA:263,44,1,0
BRDA:264,45,0,0
BRDA:264,45,1,0
BRDA:276,46,0,0
BRDA:276,46,1,0
BRDA:277,47,0,0
BRDA:277,47,1,0
BRDA:278,48,0,0
BRDA:278,48,1,0
BRDA:279,49,0,0
BRDA:279,49,1,0
BRDA:280,50,0,0
BRDA:280,50,1,0
BRDA:281,51,0,0
BRDA:281,51,1,0
BRDA:282,52,0,0
BRDA:282,52,1,0
BRDA:283,53,0,0
BRDA:283,53,1,0
BRDA:284,54,0,0
BRDA:284,54,1,0
BRDA:285,55,0,0
BRDA:285,55,1,0
BRDA:286,56,0,0
BRDA:286,56,1,0
BRDA:287,57,0,0
BRDA:287,57,1,0
BRDA:288,58,0,0
BRDA:288,58,1,0
BRDA:289,59,0,0
BRDA:289,59,1,0
BRDA:290,60,0,0
BRDA:290,60,1,0
BRDA:291,61,0,0
BRDA:291,61,1,0
BRDA:295,62,0,0
BRDA:295,62,1,0
BRDA:295,63,0,0
BRDA:295,63,1,0
BRDA:312,64,0,0
BRDA:312,64,1,0
BRDA:312,65,0,0
BRDA:312,65,1,0
BRDA:319,66,0,0
BRDA:319,66,1,0
BRDA:320,67,0,0
BRDA:320,67,1,0
BRDA:321,68,0,0
BRDA:321,68,1,0
BRDA:322,69,0,0
BRDA:322,69,1,0
BRDA:323,70,0,0
BRDA:323,70,1,0
BRDA:324,71,0,0
BRDA:324,71,1,0
BRDA:325,72,0,0
BRDA:325,72,1,0
BRDA:333,73,0,0
BRDA:333,73,1,0
BRDA:335,74,0,0
BRDA:335,74,1,0
BRDA:335,75,0,0
BRDA:335,75,1,0
BRDA:340,76,0,0
BRDA:340,76,1,0
BRDA:345,77,0,0
BRDA:345,77,1,0
BRDA:381,78,0,0
BRDA:381,78,1,0
BRDA:388,79,0,0
BRDA:388,79,1,0
BRDA:401,80,0,0
BRDA:401,80,1,0
BRDA:404,81,0,0
BRDA:404,81,1,0
BRDA:407,82,0,0
BRDA:407,82,1,0
BRDA:429,83,0,0
BRDA:429,83,1,0
BRDA:430,84,0,0
BRDA:430,84,1,0
BRF:170
BRH:0
end_of_record
TN:
SF:src\services\emailService.js
FN:24,sendModerationResultEmail
FN:59,(anonymous_1)
FN:216,formatPrice
FNF:3
FNH:2
FNDA:5,sendModerationResultEmail
FNDA:0,(anonymous_1)
FNDA:5,formatPrice
DA:8,2
DA:11,2
DA:25,5
DA:27,5
DA:28,0
DA:29,0
DA:32,5
DA:35,5
DA:36,5
DA:37,5
DA:38,5
DA:40,5
DA:41,0
DA:42,0
DA:43,0
DA:44,0
DA:45,5
DA:46,0
DA:47,0
DA:48,0
DA:49,0
DA:51,5
DA:52,5
DA:53,5
DA:54,5
DA:58,5
DA:59,0
DA:63,5
DA:195,5
DA:202,0
DA:203,0
DA:205,0
DA:207,5
DA:209,5
DA:217,5
DA:218,5
DA:224,2
LF:37
LH:23
BRDA:12,0,0,2
BRDA:12,0,1,2
BRDA:13,1,0,2
BRDA:13,1,1,2
BRDA:27,2,0,0
BRDA:27,2,1,5
BRDA:27,3,0,5
BRDA:27,3,1,5
BRDA:40,4,0,0
BRDA:40,4,1,5
BRDA:45,5,0,0
BRDA:45,5,1,5
BRDA:58,6,0,0
BRDA:58,6,1,5
BRDA:58,7,0,5
BRDA:58,7,1,0
BRDA:100,8,0,5
BRDA:100,8,1,5
BRDA:112,9,0,5
BRDA:112,9,1,0
BRDA:128,10,0,0
BRDA:128,10,1,5
BRDA:141,11,0,0
BRDA:141,11,1,5
BRDA:141,12,0,5
BRDA:141,12,1,0
BRDA:155,13,0,0
BRDA:155,13,1,5
BRDA:156,14,0,0
BRDA:156,14,1,0
BRDA:160,15,0,0
BRDA:160,15,1,5
BRDA:161,16,0,0
BRDA:161,16,1,0
BRDA:166,17,0,5
BRDA:166,17,1,5
BRDA:196,18,0,5
BRDA:196,18,1,5
BRDA:217,19,0,0
BRDA:217,19,1,5
BRF:40
BRH:24
end_of_record
TN:
SF:src\services\geminiService.js
FN:95,(anonymous_0)
FN:95,(anonymous_1)
FN:100,(anonymous_2)
FN:112,(anonymous_3)
FN:134,(anonymous_4)
FN:146,(anonymous_5)
FN:187,(anonymous_6)
FN:189,(anonymous_7)
FN:211,(anonymous_8)
FN:254,(anonymous_9)
FN:294,(anonymous_10)
FN:304,(anonymous_11)
FN:311,(anonymous_12)
FN:353,(anonymous_13)
FN:380,(anonymous_14)
FN:380,(anonymous_15)
FN:404,(anonymous_16)
FN:440,(anonymous_17)
FN:442,(anonymous_18)
FN:459,(anonymous_19)
FN:507,(anonymous_20)
FN:522,(anonymous_21)
FN:522,(anonymous_22)
FN:566,(anonymous_23)
FN:601,(anonymous_24)
FN:606,(anonymous_25)
FN:611,(anonymous_26)
FN:623,(anonymous_27)
FN:716,(anonymous_28)
FN:769,(anonymous_29)
FNF:30
FNH:0
FNDA:0,(anonymous_0)
FNDA:0,(anonymous_1)
FNDA:0,(anonymous_2)
FNDA:0,(anonymous_3)
FNDA:0,(anonymous_4)
FNDA:0,(anonymous_5)
FNDA:0,(anonymous_6)
FNDA:0,(anonymous_7)
FNDA:0,(anonymous_8)
FNDA:0,(anonymous_9)
FNDA:0,(anonymous_10)
FNDA:0,(anonymous_11)
FNDA:0,(anonymous_12)
FNDA:0,(anonymous_13)
FNDA:0,(anonymous_14)
FNDA:0,(anonymous_15)
FNDA:0,(anonymous_16)
FNDA:0,(anonymous_17)
FNDA:0,(anonymous_18)
FNDA:0,(anonymous_19)
FNDA:0,(anonymous_20)
FNDA:0,(anonymous_21)
FNDA:0,(anonymous_22)
FNDA:0,(anonymous_23)
FNDA:0,(anonymous_24)
FNDA:0,(anonymous_25)
FNDA:0,(anonymous_26)
FNDA:0,(anonymous_27)
FNDA:0,(anonymous_28)
FNDA:0,(anonymous_29)
DA:8,0
DA:9,0
DA:12,0
DA:15,0
DA:20,0
DA:33,0
DA:95,0
DA:100,0
DA:101,0
DA:102,0
DA:103,0
DA:106,0
DA:107,0
DA:110,0
DA:111,0
DA:112,0
DA:113,0
DA:114,0
DA:115,0
DA:119,0
DA:120,0
DA:122,0
DA:134,0
DA:135,0
DA:137,0
DA:145,0
DA:146,0
DA:147,0
DA:148,0
DA:156,0
DA:161,0
DA:169,0
DA:176,0
DA:177,0
DA:187,0
DA:189,0
DA:190,0
DA:195,0
DA:196,0
DA:197,0
DA:211,0
DA:212,0
DA:215,0
DA:216,0
DA:218,0
DA:226,0
DA:227,0
DA:230,0
DA:231,0
DA:232,0
DA:238,0
DA:239,0
DA:254,0
DA:255,0
DA:256,0
DA:258,0
DA:270,0
DA:271,0
DA:272,0
DA:274,0
DA:279,0
DA:280,0
DA:294,0
DA:295,0
DA:296,0
DA:305,0
DA:311,0
DA:349,0
DA:353,0
DA:354,0
DA:355,0
DA:362,0
DA:364,0
DA:372,0
DA:373,0
DA:374,0
DA:377,0
DA:378,0
DA:379,0
DA:380,0
DA:382,0
DA:385,0
DA:394,0
DA:395,0
DA:404,0
DA:405,0
DA:406,0
DA:416,0
DA:417,0
DA:418,0
DA:420,0
DA:425,0
DA:426,0
DA:440,0
DA:442,0
DA:443,0
DA:448,0
DA:449,0
DA:451,0
DA:459,0
DA:492,0
DA:507,0
DA:508,0
DA:511,0
DA:512,0
DA:515,0
DA:516,0
DA:519,0
DA:520,0
DA:521,0
DA:522,0
DA:523,0
DA:526,0
DA:528,0
DA:538,0
DA:539,0
DA:542,0
DA:543,0
DA:544,0
DA:550,0
DA:551,0
DA:566,0
DA:567,0
DA:568,0
DA:578,0
DA:579,0
DA:580,0
DA:582,0
DA:587,0
DA:588,0
DA:601,0
DA:602,0
DA:603,0
DA:606,0
DA:611,0
DA:614,0
DA:623,0
DA:676,0
DA:677,0
DA:678,0
DA:680,0
DA:684,0
DA:686,0
DA:688,0
DA:691,0
DA:694,0
DA:695,0
DA:696,0
DA:700,0
DA:701,0
DA:702,0
DA:703,0
DA:704,0
DA:705,0
DA:707,0
DA:711,0
DA:712,0
DA:715,0
DA:716,0
DA:717,0
DA:718,0
DA:722,0
DA:725,0
DA:726,0
DA:733,0
DA:734,0
DA:735,0
DA:739,0
DA:744,0
DA:745,0
DA:746,0
DA:747,0
DA:750,0
DA:755,0
DA:756,0
DA:769,0
DA:770,0
DA:772,0
DA:774,0
DA:792,0
DA:799,0
DA:800,0
DA:801,0
DA:803,0
DA:804,0
DA:806,0
DA:811,0
DA:812,0
DA:819,0
LF:189
LH:0
BRDA:100,0,0,0
BRDA:100,1,0,0
BRDA:106,2,0,0
BRDA:106,2,1,0
BRDA:107,3,0,0
BRDA:107,3,1,0
BRDA:111,4,0,0
BRDA:111,4,1,0
BRDA:113,5,0,0
BRDA:113,5,1,0
BRDA:134,6,0,0
BRDA:147,7,0,0
BRDA:147,7,1,0
BRDA:147,8,0,0
BRDA:147,8,1,0
BRDA:147,8,2,0
BRDA:149,9,0,0
BRDA:149,9,1,0
BRDA:171,10,0,0
BRDA:171,10,1,0
BRDA:187,11,0,0
BRDA:189,12,0,0
BRDA:189,12,1,0
BRDA:190,13,0,0
BRDA:190,13,1,0
BRDA:190,13,2,0
BRDA:190,13,3,0
BRDA:190,13,4,0
BRDA:190,13,5,0
BRDA:190,13,6,0
BRDA:259,14,0,0
BRDA:259,14,1,0
BRDA:260,15,0,0
BRDA:260,15,1,0
BRDA:261,16,0,0
BRDA:261,16,1,0
BRDA:262,17,0,0
BRDA:262,17,1,0
BRDA:294,18,0,0
BRDA:294,19,0,0
BRDA:308,20,0,0
BRDA:308,20,1,0
BRDA:308,21,0,0
BRDA:308,21,1,0
BRDA:310,22,0,0
BRDA:310,22,1,0
BRDA:311,23,0,0
BRDA:311,23,1,0
BRDA:354,24,0,0
BRDA:354,24,1,0
BRDA:354,25,0,0
BRDA:354,25,1,0
BRDA:354,25,2,0
BRDA:356,26,0,0
BRDA:356,26,1,0
BRDA:372,27,0,0
BRDA:372,27,1,0
BRDA:378,28,0,0
BRDA:378,28,1,0
BRDA:440,29,0,0
BRDA:440,30,0,0
BRDA:442,31,0,0
BRDA:442,31,1,0
BRDA:443,32,0,0
BRDA:443,32,1,0
BRDA:443,32,2,0
BRDA:443,32,3,0
BRDA:443,32,4,0
BRDA:443,32,5,0
BRDA:443,32,6,0
BRDA:464,33,0,0
BRDA:464,33,1,0
BRDA:464,34,0,0
BRDA:464,34,1,0
BRDA:520,35,0,0
BRDA:520,35,1,0
BRDA:601,36,0,0
BRDA:611,37,0,0
BRDA:611,37,1,0
BRDA:619,38,0,0
BRDA:619,38,1,0
BRDA:619,39,0,0
BRDA:619,39,1,0
BRDA:620,40,0,0
BRDA:620,40,1,0
BRDA:621,41,0,0
BRDA:621,41,1,0
BRDA:622,42,0,0
BRDA:622,42,1,0
BRDA:623,43,0,0
BRDA:623,43,1,0
BRDA:623,43,2,0
BRDA:624,44,0,0
BRDA:624,44,1,0
BRDA:694,45,0,0
BRDA:694,45,1,0
BRDA:694,46,0,0
BRDA:694,46,1,0
BRDA:700,47,0,0
BRDA:700,47,1,0
BRDA:700,48,0,0
BRDA:700,48,1,0
BRDA:703,49,0,0
BRDA:703,49,1,0
BRDA:704,50,0,0
BRDA:704,50,1,0
BRDA:705,51,0,0
BRDA:705,51,1,0
BRDA:711,52,0,0
BRDA:711,52,1,0
BRDA:715,53,0,0
BRDA:715,53,1,0
BRDA:716,54,0,0
BRDA:716,54,1,0
BRDA:733,55,0,0
BRDA:733,55,1,0
BRDA:744,56,0,0
BRDA:744,56,1,0
BRDA:745,57,0,0
BRDA:745,57,1,0
BRDA:746,58,0,0
BRDA:746,58,1,0
BRDA:747,59,0,0
BRDA:747,59,1,0
BRF:124
BRH:0
end_of_record
TN:
SF:src\services\geocodingService.js
FN:20,getCoordinatesFromAddress
FN:88,getCoordinatesFromDistrict
FN:129,getDefaultCoordinates
FN:214,delay
FN:215,(anonymous_4)
FN:224,getAddressFromCoordinates
FNF:6
FNH:0
FNDA:0,getCoordinatesFromAddress
FNDA:0,getCoordinatesFromDistrict
FNDA:0,getDefaultCoordinates
FNDA:0,delay
FNDA:0,(anonymous_4)
FNDA:0,getAddressFromCoordinates
DA:6,2
DA:9,2
DA:10,2
DA:21,0
DA:23,0
DA:30,0
DA:31,0
DA:32,0
DA:34,0
DA:36,0
DA:45,0
DA:46,0
DA:47,0
DA:49,0
DA:57,0
DA:58,0
DA:59,0
DA:61,0
DA:65,0
DA:66,0
DA:70,0
DA:71,0
DA:76,0
DA:77,0
DA:80,0
DA:81,0
DA:89,0
DA:90,0
DA:91,0
DA:93,0
DA:101,0
DA:102,0
DA:103,0
DA:105,0
DA:106,0
DA:116,0
DA:117,0
DA:120,0
DA:121,0
DA:130,0
DA:178,0
DA:179,0
DA:180,0
DA:188,0
DA:201,0
DA:202,0
DA:204,0
DA:215,0
DA:225,0
DA:226,0
DA:228,0
DA:236,0
DA:237,0
DA:238,0
DA:240,0
DA:247,0
DA:249,0
DA:250,0
DA:254,2
LF:59
LH:4
BRDA:9,0,0,2
BRDA:9,0,1,2
BRDA:45,1,0,0
BRDA:45,1,1,0
BRDA:45,2,0,0
BRDA:45,2,1,0
BRDA:45,2,2,0
BRDA:53,3,0,0
BRDA:53,3,1,0
BRDA:65,4,0,0
BRDA:65,4,1,0
BRDA:101,5,0,0
BRDA:101,5,1,0
BRDA:101,6,0,0
BRDA:101,6,1,0
BRDA:101,6,2,0
BRDA:110,7,0,0
BRDA:110,7,1,0
BRDA:178,8,0,0
BRDA:178,8,1,0
BRDA:201,9,0,0
BRDA:201,9,1,0
BRDA:236,10,0,0
BRDA:236,10,1,0
BRDA:236,11,0,0
BRDA:236,11,1,0
BRDA:236,11,2,0
BRF:27
BRH:2
end_of_record
TN:
SF:src\services\locationService.js
FN:25,fetchWithFallback
FN:96,normalizeString
FN:111,findProvinceCode
FN:129,(anonymous_3)
FN:147,getAllProvinces
FN:168,getProvinceByCode
FN:196,getAllDistricts
FN:210,getDistrictByCode
FN:223,getDistrictsByProvince
FN:246,getAllWards
FN:259,getWardByCode
FN:272,getWardsByDistrict
FN:286,getWardsByProvince
FN:296,(anonymous_13)
FN:298,(anonymous_14)
FN:320,searchLocation
FN:332,(anonymous_16)
FN:340,(anonymous_17)
FN:348,(anonymous_18)
FNF:19
FNH:0
FNDA:0,fetchWithFallback
FNDA:0,normalizeString
FNDA:0,findProvinceCode
FNDA:0,(anonymous_3)
FNDA:0,getAllProvinces
FNDA:0,getProvinceByCode
FNDA:0,getAllDistricts
FNDA:0,getDistrictByCode
FNDA:0,getDistrictsByProvince
FNDA:0,getAllWards
FNDA:0,getWardByCode
FNDA:0,getWardsByDistrict
FNDA:0,getWardsByProvince
FNDA:0,(anonymous_13)
FNDA:0,(anonymous_14)
FNDA:0,searchLocation
FNDA:0,(anonymous_16)
FNDA:0,(anonymous_17)
FNDA:0,(anonymous_18)
DA:10,0
DA:11,0
DA:14,0
DA:15,0
DA:18,0
DA:26,0
DA:28,0
DA:32,0
DA:35,0
DA:36,0
DA:37,0
DA:40,0
DA:42,0
DA:43,0
DA:49,0
DA:57,0
DA:58,0
DA:59,0
DA:65,0
DA:97,0
DA:98,0
DA:112,0
DA:114,0
DA:117,0
DA:118,0
DA:122,0
DA:123,0
DA:127,0
DA:128,0
DA:129,0
DA:130,0
DA:134,0
DA:135,0
DA:138,0
DA:141,0
DA:148,0
DA:149,0
DA:151,0
DA:154,0
DA:155,0
DA:156,0
DA:159,0
DA:169,0
DA:171,0
DA:173,0
DA:174,0
DA:177,0
DA:179,0
DA:181,0
DA:184,0
DA:185,0
DA:186,0
DA:189,0
DA:197,0
DA:198,0
DA:200,0
DA:201,0
DA:211,0
DA:212,0
DA:214,0
DA:215,0
DA:224,0
DA:225,0
DA:228,0
DA:230,0
DA:231,0
DA:232,0
DA:235,0
DA:236,0
DA:238,0
DA:239,0
DA:247,0
DA:248,0
DA:250,0
DA:251,0
DA:260,0
DA:261,0
DA:263,0
DA:264,0
DA:273,0
DA:274,0
DA:275,0
DA:277,0
DA:278,0
DA:287,0
DA:288,0
DA:290,0
DA:291,0
DA:295,0
DA:296,0
DA:297,0
DA:298,0
DA:299,0
DA:308,0
DA:310,0
DA:311,0
DA:321,0
DA:322,0
DA:328,0
DA:330,0
DA:331,0
DA:332,0
DA:333,0
DA:338,0
DA:339,0
DA:340,0
DA:341,0
DA:346,0
DA:347,0
DA:348,0
DA:349,0
DA:354,0
DA:356,0
DA:357,0
DA:361,0
LF:115
LH:0
BRDA:97,0,0,0
BRDA:97,0,1,0
BRDA:112,1,0,0
BRDA:112,1,1,0
BRDA:117,2,0,0
BRDA:117,2,1,0
BRDA:122,3,0,0
BRDA:122,3,1,0
BRDA:130,4,0,0
BRDA:130,4,1,0
BRDA:134,5,0,0
BRDA:134,5,1,0
BRDA:154,6,0,0
BRDA:154,6,1,0
BRDA:168,7,0,0
BRDA:173,8,0,0
BRDA:173,8,1,0
BRDA:184,9,0,0
BRDA:184,9,1,0
BRDA:189,10,0,0
BRDA:189,10,1,0
BRDA:210,11,0,0
BRDA:230,12,0,0
BRDA:230,12,1,0
BRDA:230,13,0,0
BRDA:230,13,1,0
BRDA:275,14,0,0
BRDA:275,14,1,0
BRDA:290,15,0,0
BRDA:290,15,1,0
BRDA:297,16,0,0
BRDA:297,16,1,0
BRDA:297,17,0,0
BRDA:297,17,1,0
BRDA:320,18,0,0
BRDA:330,19,0,0
BRDA:330,19,1,0
BRDA:330,20,0,0
BRDA:330,20,1,0
BRDA:333,21,0,0
BRDA:333,21,1,0
BRDA:338,22,0,0
BRDA:338,22,1,0
BRDA:338,23,0,0
BRDA:338,23,1,0
BRDA:341,24,0,0
BRDA:341,24,1,0
BRDA:346,25,0,0
BRDA:346,25,1,0
BRDA:346,26,0,0
BRDA:346,26,1,0
BRDA:349,27,0,0
BRDA:349,27,1,0
BRF:53
BRH:0
end_of_record
TN:
SF:src\services\moderationService.js
FN:11,(anonymous_0)
FN:22,(anonymous_1)
FN:44,(anonymous_2)
FN:69,(anonymous_3)
FN:84,(anonymous_4)
FNF:5
FNH:0
FNDA:0,(anonymous_0)
FNDA:0,(anonymous_1)
FNDA:0,(anonymous_2)
FNDA:0,(anonymous_3)
FNDA:0,(anonymous_4)
DA:8,0
DA:13,0
DA:14,0
DA:23,0
DA:24,0
DA:30,0
DA:32,0
DA:35,0
DA:45,0
DA:46,0
DA:52,0
DA:54,0
DA:57,0
DA:58,0
DA:59,0
DA:61,0
DA:70,0
DA:71,0
DA:74,0
DA:76,0
DA:85,0
DA:87,0
DA:88,0
DA:91,0
DA:92,0
DA:93,0
DA:94,0
DA:96,0
DA:112,0
LF:29
LH:0
BRDA:13,0,0,0
BRDA:13,0,1,0
BRDA:91,1,0,0
BRDA:91,1,1,0
BRDA:91,2,0,0
BRDA:91,2,1,0
BRDA:92,3,0,0
BRDA:92,3,1,0
BRDA:92,4,0,0
BRDA:92,4,1,0
BRDA:93,5,0,0
BRDA:93,5,1,0
BRDA:93,6,0,0
BRDA:93,6,1,0
BRDA:94,7,0,0
BRDA:94,7,1,0
BRDA:94,8,0,0
BRDA:94,8,1,0
BRDA:99,9,0,0
BRDA:99,9,1,0
BRDA:99,10,0,0
BRDA:99,10,1,0
BRDA:100,11,0,0
BRDA:100,11,1,0
BRDA:100,12,0,0
BRDA:100,12,1,0
BRF:26
BRH:0
end_of_record
TN:
SF:src\services\nlpSearchService.js
FN:80,expandUniversityQuery
FN:117,parseNaturalLanguageQuery
FN:263,parseQueryFallback
FN:348,normalizePropertyType
FN:355,(anonymous_4)
FN:369,buildMongoQuery
FN:459,(anonymous_6)
FN:496,rankPropertiesByRelevance
FN:497,(anonymous_8)
FN:560,(anonymous_9)
FN:561,(anonymous_10)
FN:563,(anonymous_11)
FN:620,(anonymous_12)
FN:621,(anonymous_13)
FN:625,(anonymous_14)
FN:642,(anonymous_15)
FN:669,(anonymous_16)
FN:678,searchWithNLP
FN:701,(anonymous_18)
FN:711,(anonymous_19)
FN:737,translateToVietnamese
FN:788,searchMultiLanguage
FNF:22
FNH:0
FNDA:0,expandUniversityQuery
FNDA:0,parseNaturalLanguageQuery
FNDA:0,parseQueryFallback
FNDA:0,normalizePropertyType
FNDA:0,(anonymous_4)
FNDA:0,buildMongoQuery
FNDA:0,(anonymous_6)
FNDA:0,rankPropertiesByRelevance
FNDA:0,(anonymous_8)
FNDA:0,(anonymous_9)
FNDA:0,(anonymous_10)
FNDA:0,(anonymous_11)
FNDA:0,(anonymous_12)
FNDA:0,(anonymous_13)
FNDA:0,(anonymous_14)
FNDA:0,(anonymous_15)
FNDA:0,(anonymous_16)
FNDA:0,searchWithNLP
FNDA:0,(anonymous_18)
FNDA:0,(anonymous_19)
FNDA:0,translateToVietnamese
FNDA:0,searchMultiLanguage
DA:9,0
DA:10,0
DA:11,0
DA:14,0
DA:19,0
DA:20,0
DA:34,0
DA:81,0
DA:84,0
DA:85,0
DA:89,0
DA:91,0
DA:98,0
DA:99,0
DA:101,0
DA:102,0
DA:103,0
DA:104,0
DA:109,0
DA:118,0
DA:120,0
DA:122,0
DA:174,0
DA:175,0
DA:176,0
DA:183,0
DA:186,0
DA:187,0
DA:188,0
DA:189,0
DA:190,0
DA:193,0
DA:196,0
DA:197,0
DA:198,0
DA:199,0
DA:200,0
DA:201,0
DA:202,0
DA:207,0
DA:208,0
DA:211,0
DA:214,0
DA:215,0
DA:216,0
DA:219,0
DA:220,0
DA:221,0
DA:222,0
DA:223,0
DA:226,0
DA:229,0
DA:230,0
DA:231,0
DA:232,0
DA:233,0
DA:234,0
DA:235,0
DA:240,0
DA:241,0
DA:244,0
DA:246,0
DA:247,0
DA:252,0
DA:253,0
DA:254,0
DA:264,0
DA:276,0
DA:279,0
DA:286,0
DA:287,0
DA:288,0
DA:289,0
DA:290,0
DA:291,0
DA:292,0
DA:293,0
DA:294,0
DA:295,0
DA:297,0
DA:302,0
DA:303,0
DA:304,0
DA:307,0
DA:309,0
DA:310,0
DA:311,0
DA:312,0
DA:317,0
DA:318,0
DA:319,0
DA:320,0
DA:323,0
DA:324,0
DA:325,0
DA:326,0
DA:329,0
DA:330,0
DA:336,0
DA:349,0
DA:351,0
DA:354,0
DA:355,0
DA:356,0
DA:361,0
DA:370,0
DA:373,0
DA:374,0
DA:377,0
DA:378,0
DA:379,0
DA:382,0
DA:383,0
DA:387,0
DA:388,0
DA:389,0
DA:390,0
DA:394,0
DA:395,0
DA:398,0
DA:399,0
DA:400,0
DA:401,0
DA:402,0
DA:404,0
DA:405,0
DA:410,0
DA:411,0
DA:413,0
DA:422,0
DA:423,0
DA:426,0
DA:428,0
DA:431,0
DA:432,0
DA:433,0
DA:434,0
DA:441,0
DA:442,0
DA:444,0
DA:445,0
DA:448,0
DA:452,0
DA:453,0
DA:458,0
DA:459,0
DA:460,0
DA:461,0
DA:467,0
DA:468,0
DA:470,0
DA:471,0
DA:475,0
DA:476,0
DA:480,0
DA:481,0
DA:482,0
DA:486,0
DA:487,0
DA:497,0
DA:498,0
DA:499,0
DA:502,0
DA:503,0
DA:504,0
DA:505,0
DA:506,0
DA:507,0
DA:512,0
DA:513,0
DA:514,0
DA:517,0
DA:518,0
DA:519,0
DA:524,0
DA:525,0
DA:526,0
DA:527,0
DA:528,0
DA:531,0
DA:532,0
DA:533,0
DA:534,0
DA:535,0
DA:536,0
DA:540,0
DA:541,0
DA:544,0
DA:548,0
DA:549,0
DA:550,0
DA:554,0
DA:555,0
DA:557,0
DA:559,0
DA:560,0
DA:561,0
DA:563,0
DA:564,0
DA:567,0
DA:568,0
DA:569,0
DA:577,0
DA:578,0
DA:581,0
DA:582,0
DA:584,0
DA:585,0
DA:586,0
DA:587,0
DA:588,0
DA:590,0
DA:591,0
DA:592,0
DA:593,0
DA:594,0
DA:595,0
DA:600,0
DA:601,0
DA:603,0
DA:604,0
DA:605,0
DA:606,0
DA:608,0
DA:609,0
DA:610,0
DA:611,0
DA:612,0
DA:613,0
DA:618,0
DA:619,0
DA:620,0
DA:621,0
DA:623,0
DA:624,0
DA:625,0
DA:627,0
DA:628,0
DA:629,0
DA:634,0
DA:635,0
DA:639,0
DA:640,0
DA:642,0
DA:643,0
DA:644,0
DA:649,0
DA:650,0
DA:651,0
DA:655,0
DA:656,0
DA:657,0
DA:658,0
DA:659,0
DA:660,0
DA:664,0
DA:669,0
DA:679,0
DA:680,0
DA:683,0
DA:686,0
DA:689,0
DA:694,0
DA:697,0
DA:700,0
DA:701,0
DA:703,0
DA:706,0
DA:709,0
DA:710,0
DA:711,0
DA:712,0
DA:716,0
DA:727,0
DA:728,0
DA:738,0
DA:740,0
DA:743,0
DA:744,0
DA:745,0
DA:748,0
DA:754,0
DA:755,0
DA:762,0
DA:763,0
DA:764,0
DA:767,0
DA:770,0
DA:771,0
DA:772,0
DA:773,0
DA:777,0
DA:778,0
DA:789,0
DA:791,0
DA:794,0
DA:796,0
DA:803,0
DA:804,0
DA:808,0
LF:300
LH:0
BRDA:84,0,0,0
BRDA:84,0,1,0
BRDA:84,1,0,0
BRDA:84,1,1,0
BRDA:99,2,0,0
BRDA:99,2,1,0
BRDA:183,3,0,0
BRDA:183,3,1,0
BRDA:187,4,0,0
BRDA:187,4,1,0
BRDA:189,5,0,0
BRDA:189,5,1,0
BRDA:196,6,0,0
BRDA:196,6,1,0
BRDA:199,7,0,0
BRDA:199,7,1,0
BRDA:220,8,0,0
BRDA:220,8,1,0
BRDA:222,9,0,0
BRDA:222,9,1,0
BRDA:229,10,0,0
BRDA:229,10,1,0
BRDA:232,11,0,0
BRDA:232,11,1,0
BRDA:288,12,0,0
BRDA:288,12,1,0
BRDA:289,13,0,0
BRDA:289,13,1,0
BRDA:292,14,0,0
BRDA:292,14,1,0
BRDA:294,15,0,0
BRDA:294,15,1,0
BRDA:302,16,0,0
BRDA:302,16,1,0
BRDA:302,17,0,0
BRDA:302,17,1,0
BRDA:302,17,2,0
BRDA:310,18,0,0
BRDA:310,18,1,0
BRDA:317,19,0,0
BRDA:317,19,1,0
BRDA:318,20,0,0
BRDA:318,20,1,0
BRDA:318,21,0,0
BRDA:318,21,1,0
BRDA:319,22,0,0
BRDA:319,22,1,0
BRDA:319,23,0,0
BRDA:319,23,1,0
BRDA:320,24,0,0
BRDA:320,24,1,0
BRDA:320,25,0,0
BRDA:320,25,1,0
BRDA:323,26,0,0
BRDA:323,26,1,0
BRDA:323,27,0,0
BRDA:323,27,1,0
BRDA:323,27,2,0
BRDA:325,28,0,0
BRDA:325,28,1,0
BRDA:325,29,0,0
BRDA:325,29,1,0
BRDA:325,29,2,0
BRDA:349,30,0,0
BRDA:349,30,1,0
BRDA:355,31,0,0
BRDA:355,31,1,0
BRDA:355,32,0,0
BRDA:355,32,1,0
BRDA:377,33,0,0
BRDA:377,33,1,0
BRDA:382,34,0,0
BRDA:382,34,1,0
BRDA:387,35,0,0
BRDA:387,35,1,0
BRDA:387,36,0,0
BRDA:387,36,1,0
BRDA:389,37,0,0
BRDA:389,37,1,0
BRDA:390,38,0,0
BRDA:390,38,1,0
BRDA:394,39,0,0
BRDA:394,39,1,0
BRDA:394,40,0,0
BRDA:394,40,1,0
BRDA:398,41,0,0
BRDA:398,41,1,0
BRDA:398,42,0,0
BRDA:398,42,1,0
BRDA:398,42,2,0
BRDA:404,43,0,0
BRDA:404,43,1,0
BRDA:405,44,0,0
BRDA:405,44,1,0
BRDA:410,45,0,0
BRDA:410,45,1,0
BRDA:411,46,0,0
BRDA:411,46,1,0
BRDA:426,47,0,0
BRDA:426,47,1,0
BRDA:432,48,0,0
BRDA:432,48,1,0
BRDA:441,49,0,0
BRDA:441,49,1,0
BRDA:452,50,0,0
BRDA:452,50,1,0
BRDA:458,51,0,0
BRDA:458,51,1,0
BRDA:460,52,0,0
BRDA:460,52,1,0
BRDA:467,53,0,0
BRDA:467,53,1,0
BRDA:470,54,0,0
BRDA:470,54,1,0
BRDA:475,55,0,0
BRDA:475,55,1,0
BRDA:475,56,0,0
BRDA:475,56,1,0
BRDA:480,57,0,0
BRDA:480,57,1,0
BRDA:481,58,0,0
BRDA:481,58,1,0
BRDA:502,59,0,0
BRDA:502,59,1,0
BRDA:502,60,0,0
BRDA:502,60,1,0
BRDA:505,61,0,0
BRDA:505,61,1,0
BRDA:512,62,0,0
BRDA:512,62,1,0
BRDA:512,63,0,0
BRDA:512,63,1,0
BRDA:517,64,0,0
BRDA:517,64,1,0
BRDA:517,65,0,0
BRDA:517,65,1,0
BRDA:524,66,0,0
BRDA:524,66,1,0
BRDA:526,67,0,0
BRDA:526,67,1,0
BRDA:527,68,0,0
BRDA:527,68,1,0
BRDA:528,69,0,0
BRDA:528,69,1,0
BRDA:534,70,0,0
BRDA:534,70,1,0
BRDA:534,71,0,0
BRDA:534,71,1,0
BRDA:534,71,2,0
BRDA:540,72,0,0
BRDA:540,72,1,0
BRDA:544,73,0,0
BRDA:544,73,1,0
BRDA:544,74,0,0
BRDA:544,74,1,0
BRDA:544,74,2,0
BRDA:544,74,3,0
BRDA:554,75,0,0
BRDA:554,75,1,0
BRDA:557,76,0,0
BRDA:557,76,1,0
BRDA:557,77,0,0
BRDA:557,77,1,0
BRDA:564,78,0,0
BRDA:564,78,1,0
BRDA:567,79,0,0
BRDA:567,79,1,0
BRDA:577,80,0,0
BRDA:577,80,1,0
BRDA:577,81,0,0
BRDA:577,81,1,0
BRDA:578,82,0,0
BRDA:578,82,1,0
BRDA:581,83,0,0
BRDA:581,83,1,0
BRDA:581,84,0,0
BRDA:581,84,1,0
BRDA:582,85,0,0
BRDA:582,85,1,0
BRDA:582,86,0,0
BRDA:582,86,1,0
BRDA:590,87,0,0
BRDA:590,87,1,0
BRDA:590,88,0,0
BRDA:590,88,1,0
BRDA:593,89,0,0
BRDA:593,89,1,0
BRDA:593,90,0,0
BRDA:593,90,1,0
BRDA:600,91,0,0
BRDA:600,91,1,0
BRDA:600,92,0,0
BRDA:600,92,1,0
BRDA:601,93,0,0
BRDA:601,93,1,0
BRDA:603,94,0,0
BRDA:603,94,1,0
BRDA:603,95,0,0
BRDA:603,95,1,0
BRDA:604,96,0,0
BRDA:604,96,1,0
BRDA:604,97,0,0
BRDA:604,97,1,0
BRDA:608,98,0,0
BRDA:608,98,1,0
BRDA:608,99,0,0
BRDA:608,99,1,0
BRDA:611,100,0,0
BRDA:611,100,1,0
BRDA:611,101,0,0
BRDA:611,101,1,0
BRDA:618,102,0,0
BRDA:618,102,1,0
BRDA:623,103,0,0
BRDA:623,103,1,0
BRDA:634,104,0,0
BRDA:634,104,1,0
BRDA:634,105,0,0
BRDA:634,105,1,0
BRDA:634,105,2,0
BRDA:639,106,0,0
BRDA:639,106,1,0
BRDA:642,107,0,0
BRDA:642,107,1,0
BRDA:649,108,0,0
BRDA:649,108,1,0
BRDA:655,109,0,0
BRDA:655,109,1,0
BRDA:657,110,0,0
BRDA:657,110,1,0
BRDA:678,111,0,0
BRDA:691,112,0,0
BRDA:691,112,1,0
BRDA:700,113,0,0
BRDA:700,113,1,0
BRDA:706,114,0,0
BRDA:706,114,1,0
BRDA:709,115,0,0
BRDA:709,115,1,0
BRDA:723,116,0,0
BRDA:723,116,1,0
BRDA:744,117,0,0
BRDA:744,117,1,0
BRDA:762,118,0,0
BRDA:762,118,1,0
BRDA:788,119,0,0
BRDA:799,120,0,0
BRDA:799,120,1,0
BRF:248
BRH:0
end_of_record
TN:
SF:src\services\otpService.js
FN:15,(anonymous_0)
FN:25,(anonymous_1)
FN:60,(anonymous_2)
FN:69,(anonymous_3)
FN:82,(anonymous_4)
FN:92,(anonymous_5)
FNF:6
FNH:0
FNDA:0,(anonymous_0)
FNDA:0,(anonymous_1)
FNDA:0,(anonymous_2)
FNDA:0,(anonymous_3)
FNDA:0,(anonymous_4)
FNDA:0,(anonymous_5)
DA:8,0
DA:16,0
DA:27,0
DA:28,0
DA:29,0
DA:30,0
DA:31,0
DA:32,0
DA:33,0
DA:47,0
DA:61,0
DA:70,0
DA:83,0
DA:84,0
DA:93,0
DA:97,0
LF:16
LH:0
BRDA:52,0,0,0
BRDA:52,0,1,0
BRF:2
BRH:0
end_of_record
TN:
SF:src\services\reviewModerationService.js
FN:37,checkBannedKeywords
FN:39,(anonymous_1)
FN:53,checkSpamPatterns
FN:95,checkContentLength
FN:128,checkRatingLogic
FN:169,calculateTrustScore
FN:241,moderateReview
FN:276,(anonymous_7)
FN:281,(anonymous_8)
FN:319,(anonymous_9)
FNF:10
FNH:0
FNDA:0,checkBannedKeywords
FNDA:0,(anonymous_1)
FNDA:0,checkSpamPatterns
FNDA:0,checkContentLength
FNDA:0,checkRatingLogic
FNDA:0,calculateTrustScore
FNDA:0,moderateReview
FNDA:0,(anonymous_7)
FNDA:0,(anonymous_8)
FNDA:0,(anonymous_9)
DA:9,0
DA:24,0
DA:38,0
DA:39,0
DA:40,0
DA:43,0
DA:54,0
DA:57,0
DA:58,0
DA:61,0
DA:62,0
DA:65,0
DA:66,0
DA:69,0
DA:70,0
DA:73,0
DA:74,0
DA:77,0
DA:78,0
DA:81,0
DA:82,0
DA:85,0
DA:96,0
DA:97,0
DA:99,0
DA:102,0
DA:103,0
DA:104,0
DA:105,0
DA:109,0
DA:110,0
DA:114,0
DA:115,0
DA:118,0
DA:129,0
DA:130,0
DA:133,0
DA:134,0
DA:142,0
DA:143,0
DA:151,0
DA:152,0
DA:153,0
DA:160,0
DA:170,0
DA:172,0
DA:173,0
DA:176,0
DA:177,0
DA:180,0
DA:181,0
DA:182,0
DA:185,0
DA:186,0
DA:187,0
DA:191,0
DA:192,0
DA:193,0
DA:196,0
DA:197,0
DA:200,0
DA:203,0
DA:204,0
DA:206,0
DA:207,0
DA:208,0
DA:209,0
DA:212,0
DA:213,0
DA:215,0
DA:219,0
DA:222,0
DA:223,0
DA:224,0
DA:227,0
DA:228,0
DA:229,0
DA:230,0
DA:231,0
DA:235,0
DA:242,0
DA:245,0
DA:248,0
DA:251,0
DA:254,0
DA:257,0
DA:260,0
DA:261,0
DA:262,0
DA:263,0
DA:266,0
DA:267,0
DA:268,0
DA:269,0
DA:273,0
DA:274,0
DA:275,0
DA:276,0
DA:280,0
DA:281,0
DA:283,0
DA:284,0
DA:285,0
DA:289,0
DA:290,0
DA:291,0
DA:292,0
DA:296,0
DA:297,0
DA:298,0
DA:299,0
DA:303,0
DA:304,0
DA:305,0
DA:306,0
DA:311,0
DA:312,0
DA:315,0
DA:316,0
DA:318,0
DA:319,0
DA:321,0
DA:322,0
DA:327,0
DA:343,0
LF:125
LH:0
BRDA:46,0,0,0
BRDA:46,0,1,0
BRDA:57,1,0,0
BRDA:57,1,1,0
BRDA:61,2,0,0
BRDA:61,2,1,0
BRDA:65,3,0,0
BRDA:65,3,1,0
BRDA:69,4,0,0
BRDA:69,4,1,0
BRDA:73,5,0,0
BRDA:73,5,1,0
BRDA:77,6,0,0
BRDA:77,6,1,0
BRDA:81,7,0,0
BRDA:81,7,1,0
BRDA:88,8,0,0
BRDA:88,8,1,0
BRDA:88,9,0,0
BRDA:88,9,1,0
BRDA:102,10,0,0
BRDA:102,10,1,0
BRDA:104,11,0,0
BRDA:104,11,1,0
BRDA:109,12,0,0
BRDA:109,12,1,0
BRDA:114,13,0,0
BRDA:114,13,1,0
BRDA:133,14,0,0
BRDA:133,14,1,0
BRDA:133,15,0,0
BRDA:133,15,1,0
BRDA:142,16,0,0
BRDA:142,16,1,0
BRDA:142,17,0,0
BRDA:142,17,1,0
BRDA:152,18,0,0
BRDA:152,18,1,0
BRDA:152,19,0,0
BRDA:152,19,1,0
BRDA:169,20,0,0
BRDA:173,21,0,0
BRDA:173,22,0,0
BRDA:173,23,0,0
BRDA:180,24,0,0
BRDA:180,24,1,0
BRDA:180,25,0,0
BRDA:180,25,1,0
BRDA:181,26,0,0
BRDA:181,26,1,0
BRDA:181,27,0,0
BRDA:181,27,1,0
BRDA:182,28,0,0
BRDA:182,28,1,0
BRDA:185,29,0,0
BRDA:185,29,1,0
BRDA:186,30,0,0
BRDA:186,30,1,0
BRDA:187,31,0,0
BRDA:187,31,1,0
BRDA:191,32,0,0
BRDA:191,32,1,0
BRDA:191,33,0,0
BRDA:191,33,1,0
BRDA:192,34,0,0
BRDA:192,34,1,0
BRDA:193,35,0,0
BRDA:193,35,1,0
BRDA:196,36,0,0
BRDA:196,36,1,0
BRDA:197,37,0,0
BRDA:197,37,1,0
BRDA:200,38,0,0
BRDA:200,38,1,0
BRDA:203,39,0,0
BRDA:203,39,1,0
BRDA:206,40,0,0
BRDA:206,40,1,0
BRDA:207,41,0,0
BRDA:207,41,1,0
BRDA:208,42,0,0
BRDA:208,42,1,0
BRDA:209,43,0,0
BRDA:209,43,1,0
BRDA:212,44,0,0
BRDA:212,44,1,0
BRDA:213,45,0,0
BRDA:213,45,1,0
BRDA:219,46,0,0
BRDA:219,46,1,0
BRDA:223,47,0,0
BRDA:223,47,1,0
BRDA:224,48,0,0
BRDA:224,48,1,0
BRDA:228,49,0,0
BRDA:228,49,1,0
BRDA:229,50,0,0
BRDA:229,50,1,0
BRDA:230,51,0,0
BRDA:230,51,1,0
BRDA:241,52,0,0
BRDA:266,53,0,0
BRDA:266,53,1,0
BRDA:266,54,0,0
BRDA:266,54,1,0
BRDA:273,55,0,0
BRDA:273,55,1,0
BRDA:273,56,0,0
BRDA:273,56,1,0
BRDA:280,57,0,0
BRDA:280,57,1,0
BRDA:280,58,0,0
BRDA:280,58,1,0
BRDA:280,58,2,0
BRDA:289,59,0,0
BRDA:289,59,1,0
BRDA:296,60,0,0
BRDA:296,60,1,0
BRDA:296,61,0,0
BRDA:296,61,1,0
BRDA:296,61,2,0
BRDA:303,62,0,0
BRDA:303,62,1,0
BRDA:303,63,0,0
BRDA:303,63,1,0
BRDA:315,64,0,0
BRDA:315,64,1,0
BRDA:318,65,0,0
BRDA:318,65,1,0
BRDA:321,66,0,0
BRDA:321,66,1,0
BRF:131
BRH:0
end_of_record
TN:
SF:src\socket\chatHandler.js
FN:14,(anonymous_0)
FN:16,(anonymous_1)
FN:39,(anonymous_2)
FN:55,(anonymous_3)
FN:70,(anonymous_4)
FN:89,(anonymous_5)
FN:97,(anonymous_6)
FN:185,(anonymous_7)
FN:196,(anonymous_8)
FN:209,(anonymous_9)
FN:219,(anonymous_10)
FN:237,(anonymous_11)
FN:239,(anonymous_12)
FN:248,(anonymous_13)
FN:259,(anonymous_14)
FNF:15
FNH:0
FNDA:0,(anonymous_0)
FNDA:0,(anonymous_1)
FNDA:0,(anonymous_2)
FNDA:0,(anonymous_3)
FNDA:0,(anonymous_4)
FNDA:0,(anonymous_5)
FNDA:0,(anonymous_6)
FNDA:0,(anonymous_7)
FNDA:0,(anonymous_8)
FNDA:0,(anonymous_9)
FNDA:0,(anonymous_10)
FNDA:0,(anonymous_11)
FNDA:0,(anonymous_12)
FNDA:0,(anonymous_13)
FNDA:0,(anonymous_14)
DA:8,0
DA:9,0
DA:12,0
DA:14,0
DA:16,0
DA:17,0
DA:18,0
DA:20,0
DA:21,0
DA:24,0
DA:25,0
DA:27,0
DA:28,0
DA:31,0
DA:32,0
DA:33,0
DA:35,0
DA:39,0
DA:40,0
DA:41,0
DA:44,0
DA:47,0
DA:50,0
DA:55,0
DA:56,0
DA:57,0
DA:58,0
DA:61,0
DA:64,0
DA:65,0
DA:66,0
DA:69,0
DA:70,0
DA:73,0
DA:74,0
DA:81,0
DA:82,0
DA:89,0
DA:90,0
DA:91,0
DA:97,0
DA:98,0
DA:99,0
DA:102,0
DA:112,0
DA:115,0
DA:116,0
DA:117,0
DA:118,0
DA:121,0
DA:125,0
DA:126,0
DA:127,0
DA:138,0
DA:139,0
DA:140,0
DA:154,0
DA:155,0
DA:158,0
DA:163,0
DA:173,0
DA:175,0
DA:177,0
DA:178,0
DA:185,0
DA:186,0
DA:187,0
DA:188,0
DA:196,0
DA:197,0
DA:198,0
DA:199,0
DA:209,0
DA:210,0
DA:211,0
DA:213,0
DA:214,0
DA:215,0
DA:218,0
DA:219,0
DA:222,0
DA:223,0
DA:230,0
DA:237,0
DA:238,0
DA:239,0
DA:240,0
DA:242,0
DA:248,0
DA:249,0
DA:250,0
DA:253,0
DA:259,0
DA:260,0
DA:265,0
DA:266,0
LF:96
LH:0
BRDA:20,0,0,0
BRDA:20,0,1,0
BRDA:27,1,0,0
BRDA:27,1,1,0
BRDA:65,2,0,0
BRDA:65,2,1,0
BRDA:73,3,0,0
BRDA:73,3,1,0
BRDA:73,4,0,0
BRDA:73,4,1,0
BRDA:107,5,0,0
BRDA:107,5,1,0
BRDA:108,6,0,0
BRDA:108,6,1,0
BRDA:116,7,0,0
BRDA:116,7,1,0
BRDA:126,8,0,0
BRDA:126,8,1,0
BRDA:138,9,0,0
BRDA:138,9,1,0
BRDA:154,10,0,0
BRDA:154,10,1,0
BRDA:187,11,0,0
BRDA:187,11,1,0
BRDA:198,12,0,0
BRDA:198,12,1,0
BRDA:214,13,0,0
BRDA:214,13,1,0
BRDA:222,14,0,0
BRDA:222,14,1,0
BRDA:222,15,0,0
BRDA:222,15,1,0
BRF:32
BRH:0
end_of_record
